2023-11-10 23:34:04 [INFO] [task_scheduler.cc:160] Initializing Task #4: "fused_add"
2023-11-10 23:34:04 [INFO] [task_scheduler.cc:35] 
# from tvm.script import ir as I
# from tvm.script import tir as T

@I.ir_module
class Module:
    @T.prim_func
    def main(p0: T.Buffer((T.int64(1), T.int64(3), T.int64(224), T.int64(224)), "float32"), p1: T.Buffer((T.int64(3), T.int64(1), T.int64(1)), "float32"), T_add: T.Buffer((T.int64(1), T.int64(3), T.int64(224), T.int64(224)), "float32")):
        T.func_attr({"tir.noalias": T.bool(True)})
        # with T.block("root"):
        for ax0, ax1, ax2, ax3 in T.grid(T.int64(1), T.int64(3), T.int64(224), T.int64(224)):
            with T.block("T_add"):
                v_ax0, v_ax1, v_ax2, v_ax3 = T.axis.remap("SSSS", [ax0, ax1, ax2, ax3])
                T.reads(p0[v_ax0, v_ax1, v_ax2, v_ax3], p1[v_ax1, T.int64(0), T.int64(0)])
                T.writes(T_add[v_ax0, v_ax1, v_ax2, v_ax3])
                T_add[v_ax0, v_ax1, v_ax2, v_ax3] = p0[v_ax0, v_ax1, v_ax2, v_ax3] + p1[v_ax1, T.int64(0), T.int64(0)]
2023-11-10 23:34:04 [INFO] [task_scheduler.cc:164] Total 1 design space(s) generated
2023-11-10 23:34:04 [INFO] [task_scheduler.cc:170] Design space #0:
# from tvm.script import ir as I
# from tvm.script import tir as T

@I.ir_module
class Module:
    @T.prim_func
    def main(p0: T.Buffer((T.int64(1), T.int64(3), T.int64(224), T.int64(224)), "float32"), p1: T.Buffer((T.int64(3), T.int64(1), T.int64(1)), "float32"), T_add: T.Buffer((T.int64(1), T.int64(3), T.int64(224), T.int64(224)), "float32")):
        T.func_attr({"tir.noalias": T.bool(True)})
        # with T.block("root"):
        for ax0_ax1_ax2_ax3_fused_0 in T.thread_binding(T.int64(1176), thread="blockIdx.x"):
            for ax0_ax1_ax2_ax3_fused_1 in T.thread_binding(T.int64(128), thread="threadIdx.x"):
                with T.block("T_add"):
                    v_ax0 = T.axis.spatial(T.int64(1), T.int64(0))
                    v_ax1 = T.axis.spatial(T.int64(3), (ax0_ax1_ax2_ax3_fused_0 * T.int64(128) + ax0_ax1_ax2_ax3_fused_1) // T.int64(50176))
                    v_ax2 = T.axis.spatial(T.int64(224), (ax0_ax1_ax2_ax3_fused_0 * T.int64(128) + ax0_ax1_ax2_ax3_fused_1) % T.int64(50176) // T.int64(224))
                    v_ax3 = T.axis.spatial(T.int64(224), (ax0_ax1_ax2_ax3_fused_0 * T.int64(128) + ax0_ax1_ax2_ax3_fused_1) % T.int64(224))
                    T.reads(p0[v_ax0, v_ax1, v_ax2, v_ax3], p1[v_ax1, T.int64(0), T.int64(0)])
                    T.writes(T_add[v_ax0, v_ax1, v_ax2, v_ax3])
                    T_add[v_ax0, v_ax1, v_ax2, v_ax3] = p0[v_ax0, v_ax1, v_ax2, v_ax3] + p1[v_ax1, T.int64(0), T.int64(0)]
b0 = sch.get_block(name="T_add", func_name="main")
l1, l2, l3, l4 = sch.get_loops(block=b0)
l5 = sch.fuse(l1, l2, l3, l4, preserve_unit_iters=True)
v6 = sch.sample_categorical(candidates=[32, 64, 128, 256, 512, 1024], probs=[0.16666666666666666, 0.16666666666666666, 0.16666666666666666, 0.16666666666666666, 0.16666666666666666, 0.16666666666666666], decision=2)
l7, l8 = sch.split(loop=l5, factors=[None, v6], preserve_unit_iters=True)
sch.bind(loop=l7, thread_axis="blockIdx.x")
sch.bind(loop=l8, thread_axis="threadIdx.x")
2023-11-10 23:37:45 [INFO] [evolutionary_search.cc:713] Generating candidates......
2023-11-10 23:37:45 [INFO] [evolutionary_search.cc:715] Picked top 0 candidate(s) from database
2023-11-10 23:37:45 [INFO] [evolutionary_search.cc:533] Sample-Init-Population summary:
Postproc #0 [meta_schedule.DisallowDynamicLoop(0x56310e83b8f8)]: 0 failure(s)
Postproc #1 [meta_schedule.RewriteCooperativeFetch(0x56310e8961d8)]: 0 failure(s)
Postproc #2 [meta_schedule.RewriteUnboundBlock(0x56310e899348)]: 0 failure(s)
Postproc #3 [meta_schedule.RewriteParallelVectorizeUnroll(0x56310bc4fc28)]: 0 failure(s)
Postproc #4 [meta_schedule.RewriteReductionBlock(0x563111339aa8)]: 0 failure(s)
Postproc #5 [meta_schedule.VerifyGPUCode(0x56310dc28de8)]: 0 failure(s)
Postproc #6 [meta_schedule.RewriteTensorize(0x56310e894938)]: 0 failure(s)
2023-11-10 23:37:45 [INFO] [evolutionary_search.cc:723] Sampled 512 candidate(s)
2023-11-10 23:37:45 [INFO] [evolutionary_search.cc:621] Evolve iter #0 done. Summary:
Postproc #0 [meta_schedule.DisallowDynamicLoop(0x56310e83b8f8)]: 0 failure(s)
Postproc #1 [meta_schedule.RewriteCooperativeFetch(0x56310e8961d8)]: 0 failure(s)
Postproc #2 [meta_schedule.RewriteUnboundBlock(0x56310e899348)]: 0 failure(s)
Postproc #3 [meta_schedule.RewriteParallelVectorizeUnroll(0x56310bc4fc28)]: 0 failure(s)
Postproc #4 [meta_schedule.RewriteReductionBlock(0x563111339aa8)]: 0 failure(s)
Postproc #5 [meta_schedule.VerifyGPUCode(0x56310dc28de8)]: 0 failure(s)
Postproc #6 [meta_schedule.RewriteTensorize(0x56310e894938)]: 0 failure(s)
2023-11-10 23:37:45 [INFO] [evolutionary_search.cc:621] Evolve iter #1 done. Summary:
Postproc #0 [meta_schedule.DisallowDynamicLoop(0x56310e83b8f8)]: 0 failure(s)
Postproc #1 [meta_schedule.RewriteCooperativeFetch(0x56310e8961d8)]: 0 failure(s)
Postproc #2 [meta_schedule.RewriteUnboundBlock(0x56310e899348)]: 0 failure(s)
Postproc #3 [meta_schedule.RewriteParallelVectorizeUnroll(0x56310bc4fc28)]: 0 failure(s)
Postproc #4 [meta_schedule.RewriteReductionBlock(0x563111339aa8)]: 0 failure(s)
Postproc #5 [meta_schedule.VerifyGPUCode(0x56310dc28de8)]: 0 failure(s)
Postproc #6 [meta_schedule.RewriteTensorize(0x56310e894938)]: 0 failure(s)
2023-11-10 23:37:45 [INFO] [evolutionary_search.cc:621] Evolve iter #2 done. Summary:
Postproc #0 [meta_schedule.DisallowDynamicLoop(0x56310e83b8f8)]: 0 failure(s)
Postproc #1 [meta_schedule.RewriteCooperativeFetch(0x56310e8961d8)]: 0 failure(s)
Postproc #2 [meta_schedule.RewriteUnboundBlock(0x56310e899348)]: 0 failure(s)
Postproc #3 [meta_schedule.RewriteParallelVectorizeUnroll(0x56310bc4fc28)]: 0 failure(s)
Postproc #4 [meta_schedule.RewriteReductionBlock(0x563111339aa8)]: 0 failure(s)
Postproc #5 [meta_schedule.VerifyGPUCode(0x56310dc28de8)]: 0 failure(s)
Postproc #6 [meta_schedule.RewriteTensorize(0x56310e894938)]: 0 failure(s)
2023-11-10 23:37:45 [INFO] [evolutionary_search.cc:621] Evolve iter #3 done. Summary:
Postproc #0 [meta_schedule.DisallowDynamicLoop(0x56310e83b8f8)]: 0 failure(s)
Postproc #1 [meta_schedule.RewriteCooperativeFetch(0x56310e8961d8)]: 0 failure(s)
Postproc #2 [meta_schedule.RewriteUnboundBlock(0x56310e899348)]: 0 failure(s)
Postproc #3 [meta_schedule.RewriteParallelVectorizeUnroll(0x56310bc4fc28)]: 0 failure(s)
Postproc #4 [meta_schedule.RewriteReductionBlock(0x563111339aa8)]: 0 failure(s)
Postproc #5 [meta_schedule.VerifyGPUCode(0x56310dc28de8)]: 0 failure(s)
Postproc #6 [meta_schedule.RewriteTensorize(0x56310e894938)]: 0 failure(s)
2023-11-10 23:37:45 [INFO] [evolutionary_search.cc:649] Scores of the best 6 candidates:
[1 : 6]:	0.9077  0.7867  0.5502  0.4187  0.2809  0.0879
2023-11-10 23:37:45 [INFO] [evolutionary_search.cc:727] Got 6 candidate(s) with evolutionary search
2023-11-10 23:37:45 [INFO] [evolutionary_search.cc:730] Sending 6 candidates(s) for measurement
2023-11-11 00:20:27 [INFO] [task_scheduler.cc:131] [Task #4: fused_add] Trial #1: GFLOPs: 47.1730. Time: 3.1910 us. Best GFLOPs: 47.1730
2023-11-11 00:20:27 [INFO] [task_scheduler.cc:131] [Task #4: fused_add] Trial #2: GFLOPs: 43.7279. Time: 3.4424 us. Best GFLOPs: 47.1730
2023-11-11 00:20:27 [INFO] [task_scheduler.cc:131] [Task #4: fused_add] Trial #3: GFLOPs: 24.1349. Time: 6.2370 us. Best GFLOPs: 47.1730
2023-11-11 00:20:27 [INFO] [task_scheduler.cc:131] [Task #4: fused_add] Trial #4: GFLOPs: 44.0908. Time: 3.4140 us. Best GFLOPs: 47.1730
2023-11-11 00:20:27 [INFO] [task_scheduler.cc:131] [Task #4: fused_add] Trial #5: GFLOPs: 34.9677. Time: 4.3048 us. Best GFLOPs: 47.1730
2023-11-11 00:20:27 [INFO] [task_scheduler.cc:131] [Task #4: fused_add] Trial #6: GFLOPs: 47.2003. Time: 3.1891 us. Best GFLOPs: 47.2003
2023-11-11 06:44:54 [INFO] [evolutionary_search.cc:713] Generating candidates......
2023-11-11 06:44:54 [INFO] [evolutionary_search.cc:715] Picked top 6 candidate(s) from database
2023-11-11 06:44:54 [INFO] [evolutionary_search.cc:533] Sample-Init-Population summary:
Postproc #0 [meta_schedule.DisallowDynamicLoop(0x56310e83b8f8)]: 0 failure(s)
Postproc #1 [meta_schedule.RewriteCooperativeFetch(0x56310e8961d8)]: 0 failure(s)
Postproc #2 [meta_schedule.RewriteUnboundBlock(0x56310e899348)]: 0 failure(s)
Postproc #3 [meta_schedule.RewriteParallelVectorizeUnroll(0x56310bc4fc28)]: 0 failure(s)
Postproc #4 [meta_schedule.RewriteReductionBlock(0x563111339aa8)]: 0 failure(s)
Postproc #5 [meta_schedule.VerifyGPUCode(0x56310dc28de8)]: 0 failure(s)
Postproc #6 [meta_schedule.RewriteTensorize(0x56310e894938)]: 0 failure(s)
2023-11-11 06:44:54 [INFO] [evolutionary_search.cc:723] Sampled 506 candidate(s)
2023-11-11 06:44:55 [INFO] [evolutionary_search.cc:621] Evolve iter #0 done. Summary:
Postproc #0 [meta_schedule.DisallowDynamicLoop(0x56310e83b8f8)]: 0 failure(s)
Postproc #1 [meta_schedule.RewriteCooperativeFetch(0x56310e8961d8)]: 0 failure(s)
Postproc #2 [meta_schedule.RewriteUnboundBlock(0x56310e899348)]: 0 failure(s)
Postproc #3 [meta_schedule.RewriteParallelVectorizeUnroll(0x56310bc4fc28)]: 0 failure(s)
Postproc #4 [meta_schedule.RewriteReductionBlock(0x563111339aa8)]: 0 failure(s)
Postproc #5 [meta_schedule.VerifyGPUCode(0x56310dc28de8)]: 0 failure(s)
Postproc #6 [meta_schedule.RewriteTensorize(0x56310e894938)]: 0 failure(s)
2023-11-11 06:44:55 [INFO] [evolutionary_search.cc:621] Evolve iter #1 done. Summary:
Postproc #0 [meta_schedule.DisallowDynamicLoop(0x56310e83b8f8)]: 0 failure(s)
Postproc #1 [meta_schedule.RewriteCooperativeFetch(0x56310e8961d8)]: 0 failure(s)
Postproc #2 [meta_schedule.RewriteUnboundBlock(0x56310e899348)]: 0 failure(s)
Postproc #3 [meta_schedule.RewriteParallelVectorizeUnroll(0x56310bc4fc28)]: 0 failure(s)
Postproc #4 [meta_schedule.RewriteReductionBlock(0x563111339aa8)]: 0 failure(s)
Postproc #5 [meta_schedule.VerifyGPUCode(0x56310dc28de8)]: 0 failure(s)
Postproc #6 [meta_schedule.RewriteTensorize(0x56310e894938)]: 0 failure(s)
2023-11-11 06:44:55 [INFO] [evolutionary_search.cc:621] Evolve iter #2 done. Summary:
Postproc #0 [meta_schedule.DisallowDynamicLoop(0x56310e83b8f8)]: 0 failure(s)
Postproc #1 [meta_schedule.RewriteCooperativeFetch(0x56310e8961d8)]: 0 failure(s)
Postproc #2 [meta_schedule.RewriteUnboundBlock(0x56310e899348)]: 0 failure(s)
Postproc #3 [meta_schedule.RewriteParallelVectorizeUnroll(0x56310bc4fc28)]: 0 failure(s)
Postproc #4 [meta_schedule.RewriteReductionBlock(0x563111339aa8)]: 0 failure(s)
Postproc #5 [meta_schedule.VerifyGPUCode(0x56310dc28de8)]: 0 failure(s)
Postproc #6 [meta_schedule.RewriteTensorize(0x56310e894938)]: 0 failure(s)
2023-11-11 06:44:55 [INFO] [evolutionary_search.cc:621] Evolve iter #3 done. Summary:
Postproc #0 [meta_schedule.DisallowDynamicLoop(0x56310e83b8f8)]: 0 failure(s)
Postproc #1 [meta_schedule.RewriteCooperativeFetch(0x56310e8961d8)]: 0 failure(s)
Postproc #2 [meta_schedule.RewriteUnboundBlock(0x56310e899348)]: 0 failure(s)
Postproc #3 [meta_schedule.RewriteParallelVectorizeUnroll(0x56310bc4fc28)]: 0 failure(s)
Postproc #4 [meta_schedule.RewriteReductionBlock(0x563111339aa8)]: 0 failure(s)
Postproc #5 [meta_schedule.VerifyGPUCode(0x56310dc28de8)]: 0 failure(s)
Postproc #6 [meta_schedule.RewriteTensorize(0x56310e894938)]: 0 failure(s)
2023-11-11 06:44:56 [INFO] [evolutionary_search.cc:649] Scores of the best 0 candidates:
2023-11-11 06:44:56 [INFO] [evolutionary_search.cc:727] Got 0 candidate(s) with evolutionary search
2023-11-11 06:44:56 [INFO] [evolutionary_search.cc:730] Sending 0 candidates(s) for measurement
2023-11-11 10:57:36 [INFO] [evolutionary_search.cc:713] Generating candidates......
2023-11-11 10:57:37 [INFO] [evolutionary_search.cc:715] Picked top 6 candidate(s) from database
2023-11-11 10:57:37 [INFO] [evolutionary_search.cc:533] Sample-Init-Population summary:
Postproc #0 [meta_schedule.DisallowDynamicLoop(0x56310e83b8f8)]: 0 failure(s)
Postproc #1 [meta_schedule.RewriteCooperativeFetch(0x56310e8961d8)]: 0 failure(s)
Postproc #2 [meta_schedule.RewriteUnboundBlock(0x56310e899348)]: 0 failure(s)
Postproc #3 [meta_schedule.RewriteParallelVectorizeUnroll(0x56310bc4fc28)]: 0 failure(s)
Postproc #4 [meta_schedule.RewriteReductionBlock(0x563111339aa8)]: 0 failure(s)
Postproc #5 [meta_schedule.VerifyGPUCode(0x56310dc28de8)]: 0 failure(s)
Postproc #6 [meta_schedule.RewriteTensorize(0x56310e894938)]: 0 failure(s)
2023-11-11 10:57:37 [INFO] [evolutionary_search.cc:723] Sampled 506 candidate(s)
2023-11-11 10:57:37 [INFO] [evolutionary_search.cc:621] Evolve iter #0 done. Summary:
Postproc #0 [meta_schedule.DisallowDynamicLoop(0x56310e83b8f8)]: 0 failure(s)
Postproc #1 [meta_schedule.RewriteCooperativeFetch(0x56310e8961d8)]: 0 failure(s)
Postproc #2 [meta_schedule.RewriteUnboundBlock(0x56310e899348)]: 0 failure(s)
Postproc #3 [meta_schedule.RewriteParallelVectorizeUnroll(0x56310bc4fc28)]: 0 failure(s)
Postproc #4 [meta_schedule.RewriteReductionBlock(0x563111339aa8)]: 0 failure(s)
Postproc #5 [meta_schedule.VerifyGPUCode(0x56310dc28de8)]: 0 failure(s)
Postproc #6 [meta_schedule.RewriteTensorize(0x56310e894938)]: 0 failure(s)
2023-11-11 10:57:38 [INFO] [evolutionary_search.cc:621] Evolve iter #1 done. Summary:
Postproc #0 [meta_schedule.DisallowDynamicLoop(0x56310e83b8f8)]: 0 failure(s)
Postproc #1 [meta_schedule.RewriteCooperativeFetch(0x56310e8961d8)]: 0 failure(s)
Postproc #2 [meta_schedule.RewriteUnboundBlock(0x56310e899348)]: 0 failure(s)
Postproc #3 [meta_schedule.RewriteParallelVectorizeUnroll(0x56310bc4fc28)]: 0 failure(s)
Postproc #4 [meta_schedule.RewriteReductionBlock(0x563111339aa8)]: 0 failure(s)
Postproc #5 [meta_schedule.VerifyGPUCode(0x56310dc28de8)]: 0 failure(s)
Postproc #6 [meta_schedule.RewriteTensorize(0x56310e894938)]: 0 failure(s)
2023-11-11 10:57:38 [INFO] [evolutionary_search.cc:621] Evolve iter #2 done. Summary:
Postproc #0 [meta_schedule.DisallowDynamicLoop(0x56310e83b8f8)]: 0 failure(s)
Postproc #1 [meta_schedule.RewriteCooperativeFetch(0x56310e8961d8)]: 0 failure(s)
Postproc #2 [meta_schedule.RewriteUnboundBlock(0x56310e899348)]: 0 failure(s)
Postproc #3 [meta_schedule.RewriteParallelVectorizeUnroll(0x56310bc4fc28)]: 0 failure(s)
Postproc #4 [meta_schedule.RewriteReductionBlock(0x563111339aa8)]: 0 failure(s)
Postproc #5 [meta_schedule.VerifyGPUCode(0x56310dc28de8)]: 0 failure(s)
Postproc #6 [meta_schedule.RewriteTensorize(0x56310e894938)]: 0 failure(s)
2023-11-11 10:57:38 [INFO] [evolutionary_search.cc:621] Evolve iter #3 done. Summary:
Postproc #0 [meta_schedule.DisallowDynamicLoop(0x56310e83b8f8)]: 0 failure(s)
Postproc #1 [meta_schedule.RewriteCooperativeFetch(0x56310e8961d8)]: 0 failure(s)
Postproc #2 [meta_schedule.RewriteUnboundBlock(0x56310e899348)]: 0 failure(s)
Postproc #3 [meta_schedule.RewriteParallelVectorizeUnroll(0x56310bc4fc28)]: 0 failure(s)
Postproc #4 [meta_schedule.RewriteReductionBlock(0x563111339aa8)]: 0 failure(s)
Postproc #5 [meta_schedule.VerifyGPUCode(0x56310dc28de8)]: 0 failure(s)
Postproc #6 [meta_schedule.RewriteTensorize(0x56310e894938)]: 0 failure(s)
2023-11-11 10:57:38 [INFO] [evolutionary_search.cc:649] Scores of the best 0 candidates:
2023-11-11 10:57:38 [INFO] [evolutionary_search.cc:727] Got 0 candidate(s) with evolutionary search
2023-11-11 10:57:38 [INFO] [evolutionary_search.cc:730] Sending 0 candidates(s) for measurement
2023-11-11 11:46:09 [INFO] [evolutionary_search.cc:713] Generating candidates......
2023-11-11 11:46:10 [INFO] [evolutionary_search.cc:715] Picked top 6 candidate(s) from database
2023-11-11 11:46:10 [INFO] [evolutionary_search.cc:533] Sample-Init-Population summary:
Postproc #0 [meta_schedule.DisallowDynamicLoop(0x56310e83b8f8)]: 0 failure(s)
Postproc #1 [meta_schedule.RewriteCooperativeFetch(0x56310e8961d8)]: 0 failure(s)
Postproc #2 [meta_schedule.RewriteUnboundBlock(0x56310e899348)]: 0 failure(s)
Postproc #3 [meta_schedule.RewriteParallelVectorizeUnroll(0x56310bc4fc28)]: 0 failure(s)
Postproc #4 [meta_schedule.RewriteReductionBlock(0x563111339aa8)]: 0 failure(s)
Postproc #5 [meta_schedule.VerifyGPUCode(0x56310dc28de8)]: 0 failure(s)
Postproc #6 [meta_schedule.RewriteTensorize(0x56310e894938)]: 0 failure(s)
2023-11-11 11:46:10 [INFO] [evolutionary_search.cc:723] Sampled 506 candidate(s)
2023-11-11 11:46:10 [INFO] [evolutionary_search.cc:621] Evolve iter #0 done. Summary:
Postproc #0 [meta_schedule.DisallowDynamicLoop(0x56310e83b8f8)]: 0 failure(s)
Postproc #1 [meta_schedule.RewriteCooperativeFetch(0x56310e8961d8)]: 0 failure(s)
Postproc #2 [meta_schedule.RewriteUnboundBlock(0x56310e899348)]: 0 failure(s)
Postproc #3 [meta_schedule.RewriteParallelVectorizeUnroll(0x56310bc4fc28)]: 0 failure(s)
Postproc #4 [meta_schedule.RewriteReductionBlock(0x563111339aa8)]: 0 failure(s)
Postproc #5 [meta_schedule.VerifyGPUCode(0x56310dc28de8)]: 0 failure(s)
Postproc #6 [meta_schedule.RewriteTensorize(0x56310e894938)]: 0 failure(s)
2023-11-11 11:46:11 [INFO] [evolutionary_search.cc:621] Evolve iter #1 done. Summary:
Postproc #0 [meta_schedule.DisallowDynamicLoop(0x56310e83b8f8)]: 0 failure(s)
Postproc #1 [meta_schedule.RewriteCooperativeFetch(0x56310e8961d8)]: 0 failure(s)
Postproc #2 [meta_schedule.RewriteUnboundBlock(0x56310e899348)]: 0 failure(s)
Postproc #3 [meta_schedule.RewriteParallelVectorizeUnroll(0x56310bc4fc28)]: 0 failure(s)
Postproc #4 [meta_schedule.RewriteReductionBlock(0x563111339aa8)]: 0 failure(s)
Postproc #5 [meta_schedule.VerifyGPUCode(0x56310dc28de8)]: 0 failure(s)
Postproc #6 [meta_schedule.RewriteTensorize(0x56310e894938)]: 0 failure(s)
2023-11-11 11:46:11 [INFO] [evolutionary_search.cc:621] Evolve iter #2 done. Summary:
Postproc #0 [meta_schedule.DisallowDynamicLoop(0x56310e83b8f8)]: 0 failure(s)
Postproc #1 [meta_schedule.RewriteCooperativeFetch(0x56310e8961d8)]: 0 failure(s)
Postproc #2 [meta_schedule.RewriteUnboundBlock(0x56310e899348)]: 0 failure(s)
Postproc #3 [meta_schedule.RewriteParallelVectorizeUnroll(0x56310bc4fc28)]: 0 failure(s)
Postproc #4 [meta_schedule.RewriteReductionBlock(0x563111339aa8)]: 0 failure(s)
Postproc #5 [meta_schedule.VerifyGPUCode(0x56310dc28de8)]: 0 failure(s)
Postproc #6 [meta_schedule.RewriteTensorize(0x56310e894938)]: 0 failure(s)
2023-11-11 11:46:11 [INFO] [evolutionary_search.cc:621] Evolve iter #3 done. Summary:
Postproc #0 [meta_schedule.DisallowDynamicLoop(0x56310e83b8f8)]: 0 failure(s)
Postproc #1 [meta_schedule.RewriteCooperativeFetch(0x56310e8961d8)]: 0 failure(s)
Postproc #2 [meta_schedule.RewriteUnboundBlock(0x56310e899348)]: 0 failure(s)
Postproc #3 [meta_schedule.RewriteParallelVectorizeUnroll(0x56310bc4fc28)]: 0 failure(s)
Postproc #4 [meta_schedule.RewriteReductionBlock(0x563111339aa8)]: 0 failure(s)
Postproc #5 [meta_schedule.VerifyGPUCode(0x56310dc28de8)]: 0 failure(s)
Postproc #6 [meta_schedule.RewriteTensorize(0x56310e894938)]: 0 failure(s)
2023-11-11 11:46:11 [INFO] [evolutionary_search.cc:649] Scores of the best 0 candidates:
2023-11-11 11:46:11 [INFO] [evolutionary_search.cc:727] Got 0 candidate(s) with evolutionary search
2023-11-11 11:46:11 [INFO] [evolutionary_search.cc:730] Sending 0 candidates(s) for measurement
2023-11-11 12:02:28 [INFO] [evolutionary_search.cc:713] Generating candidates......
2023-11-11 12:02:28 [INFO] [evolutionary_search.cc:715] Picked top 6 candidate(s) from database
2023-11-11 12:02:28 [INFO] [evolutionary_search.cc:533] Sample-Init-Population summary:
Postproc #0 [meta_schedule.DisallowDynamicLoop(0x56310e83b8f8)]: 0 failure(s)
Postproc #1 [meta_schedule.RewriteCooperativeFetch(0x56310e8961d8)]: 0 failure(s)
Postproc #2 [meta_schedule.RewriteUnboundBlock(0x56310e899348)]: 0 failure(s)
Postproc #3 [meta_schedule.RewriteParallelVectorizeUnroll(0x56310bc4fc28)]: 0 failure(s)
Postproc #4 [meta_schedule.RewriteReductionBlock(0x563111339aa8)]: 0 failure(s)
Postproc #5 [meta_schedule.VerifyGPUCode(0x56310dc28de8)]: 0 failure(s)
Postproc #6 [meta_schedule.RewriteTensorize(0x56310e894938)]: 0 failure(s)
2023-11-11 12:02:28 [INFO] [evolutionary_search.cc:723] Sampled 506 candidate(s)
2023-11-11 12:02:29 [INFO] [evolutionary_search.cc:621] Evolve iter #0 done. Summary:
Postproc #0 [meta_schedule.DisallowDynamicLoop(0x56310e83b8f8)]: 0 failure(s)
Postproc #1 [meta_schedule.RewriteCooperativeFetch(0x56310e8961d8)]: 0 failure(s)
Postproc #2 [meta_schedule.RewriteUnboundBlock(0x56310e899348)]: 0 failure(s)
Postproc #3 [meta_schedule.RewriteParallelVectorizeUnroll(0x56310bc4fc28)]: 0 failure(s)
Postproc #4 [meta_schedule.RewriteReductionBlock(0x563111339aa8)]: 0 failure(s)
Postproc #5 [meta_schedule.VerifyGPUCode(0x56310dc28de8)]: 0 failure(s)
Postproc #6 [meta_schedule.RewriteTensorize(0x56310e894938)]: 0 failure(s)
2023-11-11 12:02:29 [INFO] [evolutionary_search.cc:621] Evolve iter #1 done. Summary:
Postproc #0 [meta_schedule.DisallowDynamicLoop(0x56310e83b8f8)]: 0 failure(s)
Postproc #1 [meta_schedule.RewriteCooperativeFetch(0x56310e8961d8)]: 0 failure(s)
Postproc #2 [meta_schedule.RewriteUnboundBlock(0x56310e899348)]: 0 failure(s)
Postproc #3 [meta_schedule.RewriteParallelVectorizeUnroll(0x56310bc4fc28)]: 0 failure(s)
Postproc #4 [meta_schedule.RewriteReductionBlock(0x563111339aa8)]: 0 failure(s)
Postproc #5 [meta_schedule.VerifyGPUCode(0x56310dc28de8)]: 0 failure(s)
Postproc #6 [meta_schedule.RewriteTensorize(0x56310e894938)]: 0 failure(s)
2023-11-11 12:02:29 [INFO] [evolutionary_search.cc:621] Evolve iter #2 done. Summary:
Postproc #0 [meta_schedule.DisallowDynamicLoop(0x56310e83b8f8)]: 0 failure(s)
Postproc #1 [meta_schedule.RewriteCooperativeFetch(0x56310e8961d8)]: 0 failure(s)
Postproc #2 [meta_schedule.RewriteUnboundBlock(0x56310e899348)]: 0 failure(s)
Postproc #3 [meta_schedule.RewriteParallelVectorizeUnroll(0x56310bc4fc28)]: 0 failure(s)
Postproc #4 [meta_schedule.RewriteReductionBlock(0x563111339aa8)]: 0 failure(s)
Postproc #5 [meta_schedule.VerifyGPUCode(0x56310dc28de8)]: 0 failure(s)
Postproc #6 [meta_schedule.RewriteTensorize(0x56310e894938)]: 0 failure(s)
2023-11-11 12:02:30 [INFO] [evolutionary_search.cc:621] Evolve iter #3 done. Summary:
Postproc #0 [meta_schedule.DisallowDynamicLoop(0x56310e83b8f8)]: 0 failure(s)
Postproc #1 [meta_schedule.RewriteCooperativeFetch(0x56310e8961d8)]: 0 failure(s)
Postproc #2 [meta_schedule.RewriteUnboundBlock(0x56310e899348)]: 0 failure(s)
Postproc #3 [meta_schedule.RewriteParallelVectorizeUnroll(0x56310bc4fc28)]: 0 failure(s)
Postproc #4 [meta_schedule.RewriteReductionBlock(0x563111339aa8)]: 0 failure(s)
Postproc #5 [meta_schedule.VerifyGPUCode(0x56310dc28de8)]: 0 failure(s)
Postproc #6 [meta_schedule.RewriteTensorize(0x56310e894938)]: 0 failure(s)
2023-11-11 12:02:31 [INFO] [evolutionary_search.cc:649] Scores of the best 0 candidates:
2023-11-11 12:02:31 [INFO] [evolutionary_search.cc:727] Got 0 candidate(s) with evolutionary search
2023-11-11 12:02:31 [INFO] [evolutionary_search.cc:730] Sending 0 candidates(s) for measurement
2023-11-11 12:10:16 [INFO] [evolutionary_search.cc:713] Generating candidates......
2023-11-11 12:10:17 [INFO] [evolutionary_search.cc:715] Picked top 6 candidate(s) from database
2023-11-11 12:10:17 [INFO] [evolutionary_search.cc:533] Sample-Init-Population summary:
Postproc #0 [meta_schedule.DisallowDynamicLoop(0x56310e83b8f8)]: 0 failure(s)
Postproc #1 [meta_schedule.RewriteCooperativeFetch(0x56310e8961d8)]: 0 failure(s)
Postproc #2 [meta_schedule.RewriteUnboundBlock(0x56310e899348)]: 0 failure(s)
Postproc #3 [meta_schedule.RewriteParallelVectorizeUnroll(0x56310bc4fc28)]: 0 failure(s)
Postproc #4 [meta_schedule.RewriteReductionBlock(0x563111339aa8)]: 0 failure(s)
Postproc #5 [meta_schedule.VerifyGPUCode(0x56310dc28de8)]: 0 failure(s)
Postproc #6 [meta_schedule.RewriteTensorize(0x56310e894938)]: 0 failure(s)
2023-11-11 12:10:17 [INFO] [evolutionary_search.cc:723] Sampled 506 candidate(s)
2023-11-11 12:10:18 [INFO] [evolutionary_search.cc:621] Evolve iter #0 done. Summary:
Postproc #0 [meta_schedule.DisallowDynamicLoop(0x56310e83b8f8)]: 0 failure(s)
Postproc #1 [meta_schedule.RewriteCooperativeFetch(0x56310e8961d8)]: 0 failure(s)
Postproc #2 [meta_schedule.RewriteUnboundBlock(0x56310e899348)]: 0 failure(s)
Postproc #3 [meta_schedule.RewriteParallelVectorizeUnroll(0x56310bc4fc28)]: 0 failure(s)
Postproc #4 [meta_schedule.RewriteReductionBlock(0x563111339aa8)]: 0 failure(s)
Postproc #5 [meta_schedule.VerifyGPUCode(0x56310dc28de8)]: 0 failure(s)
Postproc #6 [meta_schedule.RewriteTensorize(0x56310e894938)]: 0 failure(s)
2023-11-11 12:10:18 [INFO] [evolutionary_search.cc:621] Evolve iter #1 done. Summary:
Postproc #0 [meta_schedule.DisallowDynamicLoop(0x56310e83b8f8)]: 0 failure(s)
Postproc #1 [meta_schedule.RewriteCooperativeFetch(0x56310e8961d8)]: 0 failure(s)
Postproc #2 [meta_schedule.RewriteUnboundBlock(0x56310e899348)]: 0 failure(s)
Postproc #3 [meta_schedule.RewriteParallelVectorizeUnroll(0x56310bc4fc28)]: 0 failure(s)
Postproc #4 [meta_schedule.RewriteReductionBlock(0x563111339aa8)]: 0 failure(s)
Postproc #5 [meta_schedule.VerifyGPUCode(0x56310dc28de8)]: 0 failure(s)
Postproc #6 [meta_schedule.RewriteTensorize(0x56310e894938)]: 0 failure(s)
2023-11-11 12:10:18 [INFO] [evolutionary_search.cc:621] Evolve iter #2 done. Summary:
Postproc #0 [meta_schedule.DisallowDynamicLoop(0x56310e83b8f8)]: 0 failure(s)
Postproc #1 [meta_schedule.RewriteCooperativeFetch(0x56310e8961d8)]: 0 failure(s)
Postproc #2 [meta_schedule.RewriteUnboundBlock(0x56310e899348)]: 0 failure(s)
Postproc #3 [meta_schedule.RewriteParallelVectorizeUnroll(0x56310bc4fc28)]: 0 failure(s)
Postproc #4 [meta_schedule.RewriteReductionBlock(0x563111339aa8)]: 0 failure(s)
Postproc #5 [meta_schedule.VerifyGPUCode(0x56310dc28de8)]: 0 failure(s)
Postproc #6 [meta_schedule.RewriteTensorize(0x56310e894938)]: 0 failure(s)
2023-11-11 12:10:19 [INFO] [evolutionary_search.cc:621] Evolve iter #3 done. Summary:
Postproc #0 [meta_schedule.DisallowDynamicLoop(0x56310e83b8f8)]: 0 failure(s)
Postproc #1 [meta_schedule.RewriteCooperativeFetch(0x56310e8961d8)]: 0 failure(s)
Postproc #2 [meta_schedule.RewriteUnboundBlock(0x56310e899348)]: 0 failure(s)
Postproc #3 [meta_schedule.RewriteParallelVectorizeUnroll(0x56310bc4fc28)]: 0 failure(s)
Postproc #4 [meta_schedule.RewriteReductionBlock(0x563111339aa8)]: 0 failure(s)
Postproc #5 [meta_schedule.VerifyGPUCode(0x56310dc28de8)]: 0 failure(s)
Postproc #6 [meta_schedule.RewriteTensorize(0x56310e894938)]: 0 failure(s)
2023-11-11 12:10:19 [INFO] [evolutionary_search.cc:649] Scores of the best 0 candidates:
2023-11-11 12:10:19 [INFO] [evolutionary_search.cc:727] Got 0 candidate(s) with evolutionary search
2023-11-11 12:10:19 [INFO] [evolutionary_search.cc:730] Sending 0 candidates(s) for measurement
