2023-11-10 23:34:20 [INFO] [task_scheduler.cc:160] Initializing Task #23: "fused_add_nn_relu_3"
2023-11-10 23:34:20 [INFO] [task_scheduler.cc:35] 
# from tvm.script import ir as I
# from tvm.script import tir as T

@I.ir_module
class Module:
    @T.prim_func
    def main(p0: T.Buffer((T.int64(1), T.int64(512), T.int64(7), T.int64(7)), "float32"), p1: T.Buffer((T.int64(1), T.int64(512), T.int64(1), T.int64(1)), "float32"), T_relu: T.Buffer((T.int64(1), T.int64(512), T.int64(7), T.int64(7)), "float32")):
        T.func_attr({"tir.noalias": T.bool(True)})
        # with T.block("root"):
        T_add = T.alloc_buffer((T.int64(1), T.int64(512), T.int64(7), T.int64(7)))
        for ax0, ax1, ax2, ax3 in T.grid(T.int64(1), T.int64(512), T.int64(7), T.int64(7)):
            with T.block("T_add"):
                v_ax0, v_ax1, v_ax2, v_ax3 = T.axis.remap("SSSS", [ax0, ax1, ax2, ax3])
                T.reads(p0[v_ax0, v_ax1, v_ax2, v_ax3], p1[v_ax0, v_ax1, T.int64(0), T.int64(0)])
                T.writes(T_add[v_ax0, v_ax1, v_ax2, v_ax3])
                T_add[v_ax0, v_ax1, v_ax2, v_ax3] = p0[v_ax0, v_ax1, v_ax2, v_ax3] + p1[v_ax0, v_ax1, T.int64(0), T.int64(0)]
        for ax0, ax1, ax2, ax3 in T.grid(T.int64(1), T.int64(512), T.int64(7), T.int64(7)):
            with T.block("T_relu"):
                v_ax0, v_ax1, v_ax2, v_ax3 = T.axis.remap("SSSS", [ax0, ax1, ax2, ax3])
                T.reads(T_add[v_ax0, v_ax1, v_ax2, v_ax3])
                T.writes(T_relu[v_ax0, v_ax1, v_ax2, v_ax3])
                T_relu[v_ax0, v_ax1, v_ax2, v_ax3] = T.max(T_add[v_ax0, v_ax1, v_ax2, v_ax3], T.float32(0))
2023-11-10 23:34:20 [INFO] [task_scheduler.cc:164] Total 1 design space(s) generated
2023-11-10 23:34:20 [INFO] [task_scheduler.cc:170] Design space #0:
# from tvm.script import ir as I
# from tvm.script import tir as T

@I.ir_module
class Module:
    @T.prim_func
    def main(p0: T.Buffer((T.int64(1), T.int64(512), T.int64(7), T.int64(7)), "float32"), p1: T.Buffer((T.int64(1), T.int64(512), T.int64(1), T.int64(1)), "float32"), T_relu: T.Buffer((T.int64(1), T.int64(512), T.int64(7), T.int64(7)), "float32")):
        T.func_attr({"tir.noalias": T.bool(True)})
        # with T.block("root"):
        for ax0_ax1_ax2_ax3_fused_0 in T.thread_binding(T.int64(196), thread="blockIdx.x"):
            for ax0_ax1_ax2_ax3_fused_1 in T.thread_binding(T.int64(128), thread="threadIdx.x"):
                with T.block("T_add"):
                    v_ax0 = T.axis.spatial(T.int64(1), T.int64(0))
                    v_ax1 = T.axis.spatial(T.int64(512), (ax0_ax1_ax2_ax3_fused_0 * T.int64(128) + ax0_ax1_ax2_ax3_fused_1) // T.int64(49))
                    v_ax2 = T.axis.spatial(T.int64(7), (ax0_ax1_ax2_ax3_fused_0 * T.int64(128) + ax0_ax1_ax2_ax3_fused_1) % T.int64(49) // T.int64(7))
                    v_ax3 = T.axis.spatial(T.int64(7), (ax0_ax1_ax2_ax3_fused_0 * T.int64(128) + ax0_ax1_ax2_ax3_fused_1) % T.int64(7))
                    T.reads(p0[v_ax0, v_ax1, v_ax2, v_ax3], p1[v_ax0, v_ax1, T.int64(0), T.int64(0)])
                    T.writes(T_relu[v_ax0, v_ax1, v_ax2, v_ax3])
                    T_relu[v_ax0, v_ax1, v_ax2, v_ax3] = T.max(p0[v_ax0, v_ax1, v_ax2, v_ax3] + p1[v_ax0, v_ax1, T.int64(0), T.int64(0)], T.float32(0))
b0 = sch.get_block(name="T_add", func_name="main")
b1 = sch.get_block(name="T_relu", func_name="main")
sch.reverse_compute_inline(block=b1)
l2, l3, l4, l5 = sch.get_loops(block=b0)
l6 = sch.fuse(l2, l3, l4, l5, preserve_unit_iters=True)
v7 = sch.sample_categorical(candidates=[32, 64, 128, 256, 512, 1024], probs=[0.16666666666666666, 0.16666666666666666, 0.16666666666666666, 0.16666666666666666, 0.16666666666666666, 0.16666666666666666], decision=2)
l8, l9 = sch.split(loop=l6, factors=[None, v7], preserve_unit_iters=True)
sch.bind(loop=l8, thread_axis="blockIdx.x")
sch.bind(loop=l9, thread_axis="threadIdx.x")
2023-11-11 00:10:10 [INFO] [evolutionary_search.cc:713] Generating candidates......
2023-11-11 00:10:10 [INFO] [evolutionary_search.cc:715] Picked top 0 candidate(s) from database
2023-11-11 00:10:10 [INFO] [evolutionary_search.cc:533] Sample-Init-Population summary:
Postproc #0 [meta_schedule.DisallowDynamicLoop(0x56310faaa078)]: 0 failure(s)
Postproc #1 [meta_schedule.RewriteCooperativeFetch(0x56310edae658)]: 0 failure(s)
Postproc #2 [meta_schedule.RewriteUnboundBlock(0x56310edaec38)]: 0 failure(s)
Postproc #3 [meta_schedule.RewriteParallelVectorizeUnroll(0x56310ec03928)]: 0 failure(s)
Postproc #4 [meta_schedule.RewriteReductionBlock(0x56310ec2efe8)]: 0 failure(s)
Postproc #5 [meta_schedule.VerifyGPUCode(0x56310eb490b8)]: 0 failure(s)
Postproc #6 [meta_schedule.RewriteTensorize(0x56310e779c28)]: 0 failure(s)
2023-11-11 00:10:10 [INFO] [evolutionary_search.cc:723] Sampled 512 candidate(s)
2023-11-11 00:10:11 [INFO] [evolutionary_search.cc:621] Evolve iter #0 done. Summary:
Postproc #0 [meta_schedule.DisallowDynamicLoop(0x56310faaa078)]: 0 failure(s)
Postproc #1 [meta_schedule.RewriteCooperativeFetch(0x56310edae658)]: 0 failure(s)
Postproc #2 [meta_schedule.RewriteUnboundBlock(0x56310edaec38)]: 0 failure(s)
Postproc #3 [meta_schedule.RewriteParallelVectorizeUnroll(0x56310ec03928)]: 0 failure(s)
Postproc #4 [meta_schedule.RewriteReductionBlock(0x56310ec2efe8)]: 0 failure(s)
Postproc #5 [meta_schedule.VerifyGPUCode(0x56310eb490b8)]: 0 failure(s)
Postproc #6 [meta_schedule.RewriteTensorize(0x56310e779c28)]: 0 failure(s)
2023-11-11 00:10:11 [INFO] [evolutionary_search.cc:621] Evolve iter #1 done. Summary:
Postproc #0 [meta_schedule.DisallowDynamicLoop(0x56310faaa078)]: 0 failure(s)
Postproc #1 [meta_schedule.RewriteCooperativeFetch(0x56310edae658)]: 0 failure(s)
Postproc #2 [meta_schedule.RewriteUnboundBlock(0x56310edaec38)]: 0 failure(s)
Postproc #3 [meta_schedule.RewriteParallelVectorizeUnroll(0x56310ec03928)]: 0 failure(s)
Postproc #4 [meta_schedule.RewriteReductionBlock(0x56310ec2efe8)]: 0 failure(s)
Postproc #5 [meta_schedule.VerifyGPUCode(0x56310eb490b8)]: 0 failure(s)
Postproc #6 [meta_schedule.RewriteTensorize(0x56310e779c28)]: 0 failure(s)
2023-11-11 00:10:11 [INFO] [evolutionary_search.cc:621] Evolve iter #2 done. Summary:
Postproc #0 [meta_schedule.DisallowDynamicLoop(0x56310faaa078)]: 0 failure(s)
Postproc #1 [meta_schedule.RewriteCooperativeFetch(0x56310edae658)]: 0 failure(s)
Postproc #2 [meta_schedule.RewriteUnboundBlock(0x56310edaec38)]: 0 failure(s)
Postproc #3 [meta_schedule.RewriteParallelVectorizeUnroll(0x56310ec03928)]: 0 failure(s)
Postproc #4 [meta_schedule.RewriteReductionBlock(0x56310ec2efe8)]: 0 failure(s)
Postproc #5 [meta_schedule.VerifyGPUCode(0x56310eb490b8)]: 0 failure(s)
Postproc #6 [meta_schedule.RewriteTensorize(0x56310e779c28)]: 0 failure(s)
2023-11-11 00:10:11 [INFO] [evolutionary_search.cc:621] Evolve iter #3 done. Summary:
Postproc #0 [meta_schedule.DisallowDynamicLoop(0x56310faaa078)]: 0 failure(s)
Postproc #1 [meta_schedule.RewriteCooperativeFetch(0x56310edae658)]: 0 failure(s)
Postproc #2 [meta_schedule.RewriteUnboundBlock(0x56310edaec38)]: 0 failure(s)
Postproc #3 [meta_schedule.RewriteParallelVectorizeUnroll(0x56310ec03928)]: 0 failure(s)
Postproc #4 [meta_schedule.RewriteReductionBlock(0x56310ec2efe8)]: 0 failure(s)
Postproc #5 [meta_schedule.VerifyGPUCode(0x56310eb490b8)]: 0 failure(s)
Postproc #6 [meta_schedule.RewriteTensorize(0x56310e779c28)]: 0 failure(s)
2023-11-11 00:10:11 [INFO] [evolutionary_search.cc:649] Scores of the best 6 candidates:
[1 : 6]:	0.8911  0.8667  0.6916  0.5998  0.3527  0.0274
2023-11-11 00:10:11 [INFO] [evolutionary_search.cc:727] Got 6 candidate(s) with evolutionary search
2023-11-11 00:10:11 [INFO] [evolutionary_search.cc:730] Sending 6 candidates(s) for measurement
2023-11-11 00:28:52 [INFO] [task_scheduler.cc:131] [Task #23: fused_add_nn_relu_3] Trial #1: GFLOPs: 14.4503. Time: 3.4723 us. Best GFLOPs: 14.4503
2023-11-11 00:28:52 [INFO] [task_scheduler.cc:131] [Task #23: fused_add_nn_relu_3] Trial #2: GFLOPs: 16.8660. Time: 2.9750 us. Best GFLOPs: 16.8660
2023-11-11 00:28:52 [INFO] [task_scheduler.cc:131] [Task #23: fused_add_nn_relu_3] Trial #3: GFLOPs: 16.9613. Time: 2.9583 us. Best GFLOPs: 16.9613
2023-11-11 00:28:52 [INFO] [task_scheduler.cc:131] [Task #23: fused_add_nn_relu_3] Trial #4: GFLOPs: 15.5273. Time: 3.2315 us. Best GFLOPs: 16.9613
2023-11-11 00:28:52 [INFO] [task_scheduler.cc:131] [Task #23: fused_add_nn_relu_3] Trial #5: GFLOPs: 17.3459. Time: 2.8927 us. Best GFLOPs: 17.3459
2023-11-11 00:28:52 [INFO] [task_scheduler.cc:131] [Task #23: fused_add_nn_relu_3] Trial #6: GFLOPs: 17.3483. Time: 2.8923 us. Best GFLOPs: 17.3483
2023-11-11 07:13:06 [INFO] [evolutionary_search.cc:713] Generating candidates......
2023-11-11 07:13:06 [INFO] [evolutionary_search.cc:715] Picked top 6 candidate(s) from database
2023-11-11 07:13:06 [INFO] [evolutionary_search.cc:533] Sample-Init-Population summary:
Postproc #0 [meta_schedule.DisallowDynamicLoop(0x56310faaa078)]: 0 failure(s)
Postproc #1 [meta_schedule.RewriteCooperativeFetch(0x56310edae658)]: 0 failure(s)
Postproc #2 [meta_schedule.RewriteUnboundBlock(0x56310edaec38)]: 0 failure(s)
Postproc #3 [meta_schedule.RewriteParallelVectorizeUnroll(0x56310ec03928)]: 0 failure(s)
Postproc #4 [meta_schedule.RewriteReductionBlock(0x56310ec2efe8)]: 0 failure(s)
Postproc #5 [meta_schedule.VerifyGPUCode(0x56310eb490b8)]: 0 failure(s)
Postproc #6 [meta_schedule.RewriteTensorize(0x56310e779c28)]: 0 failure(s)
2023-11-11 07:13:06 [INFO] [evolutionary_search.cc:723] Sampled 506 candidate(s)
2023-11-11 07:13:07 [INFO] [evolutionary_search.cc:621] Evolve iter #0 done. Summary:
Postproc #0 [meta_schedule.DisallowDynamicLoop(0x56310faaa078)]: 0 failure(s)
Postproc #1 [meta_schedule.RewriteCooperativeFetch(0x56310edae658)]: 0 failure(s)
Postproc #2 [meta_schedule.RewriteUnboundBlock(0x56310edaec38)]: 0 failure(s)
Postproc #3 [meta_schedule.RewriteParallelVectorizeUnroll(0x56310ec03928)]: 0 failure(s)
Postproc #4 [meta_schedule.RewriteReductionBlock(0x56310ec2efe8)]: 0 failure(s)
Postproc #5 [meta_schedule.VerifyGPUCode(0x56310eb490b8)]: 0 failure(s)
Postproc #6 [meta_schedule.RewriteTensorize(0x56310e779c28)]: 0 failure(s)
2023-11-11 07:13:07 [INFO] [evolutionary_search.cc:621] Evolve iter #1 done. Summary:
Postproc #0 [meta_schedule.DisallowDynamicLoop(0x56310faaa078)]: 0 failure(s)
Postproc #1 [meta_schedule.RewriteCooperativeFetch(0x56310edae658)]: 0 failure(s)
Postproc #2 [meta_schedule.RewriteUnboundBlock(0x56310edaec38)]: 0 failure(s)
Postproc #3 [meta_schedule.RewriteParallelVectorizeUnroll(0x56310ec03928)]: 0 failure(s)
Postproc #4 [meta_schedule.RewriteReductionBlock(0x56310ec2efe8)]: 0 failure(s)
Postproc #5 [meta_schedule.VerifyGPUCode(0x56310eb490b8)]: 0 failure(s)
Postproc #6 [meta_schedule.RewriteTensorize(0x56310e779c28)]: 0 failure(s)
2023-11-11 07:13:08 [INFO] [evolutionary_search.cc:621] Evolve iter #2 done. Summary:
Postproc #0 [meta_schedule.DisallowDynamicLoop(0x56310faaa078)]: 0 failure(s)
Postproc #1 [meta_schedule.RewriteCooperativeFetch(0x56310edae658)]: 0 failure(s)
Postproc #2 [meta_schedule.RewriteUnboundBlock(0x56310edaec38)]: 0 failure(s)
Postproc #3 [meta_schedule.RewriteParallelVectorizeUnroll(0x56310ec03928)]: 0 failure(s)
Postproc #4 [meta_schedule.RewriteReductionBlock(0x56310ec2efe8)]: 0 failure(s)
Postproc #5 [meta_schedule.VerifyGPUCode(0x56310eb490b8)]: 0 failure(s)
Postproc #6 [meta_schedule.RewriteTensorize(0x56310e779c28)]: 0 failure(s)
2023-11-11 07:13:08 [INFO] [evolutionary_search.cc:621] Evolve iter #3 done. Summary:
Postproc #0 [meta_schedule.DisallowDynamicLoop(0x56310faaa078)]: 0 failure(s)
Postproc #1 [meta_schedule.RewriteCooperativeFetch(0x56310edae658)]: 0 failure(s)
Postproc #2 [meta_schedule.RewriteUnboundBlock(0x56310edaec38)]: 0 failure(s)
Postproc #3 [meta_schedule.RewriteParallelVectorizeUnroll(0x56310ec03928)]: 0 failure(s)
Postproc #4 [meta_schedule.RewriteReductionBlock(0x56310ec2efe8)]: 0 failure(s)
Postproc #5 [meta_schedule.VerifyGPUCode(0x56310eb490b8)]: 0 failure(s)
Postproc #6 [meta_schedule.RewriteTensorize(0x56310e779c28)]: 0 failure(s)
2023-11-11 07:13:08 [INFO] [evolutionary_search.cc:649] Scores of the best 0 candidates:
2023-11-11 07:13:08 [INFO] [evolutionary_search.cc:727] Got 0 candidate(s) with evolutionary search
2023-11-11 07:13:08 [INFO] [evolutionary_search.cc:730] Sending 0 candidates(s) for measurement
2023-11-11 11:16:26 [INFO] [evolutionary_search.cc:713] Generating candidates......
2023-11-11 11:16:27 [INFO] [evolutionary_search.cc:715] Picked top 6 candidate(s) from database
2023-11-11 11:16:27 [INFO] [evolutionary_search.cc:533] Sample-Init-Population summary:
Postproc #0 [meta_schedule.DisallowDynamicLoop(0x56310faaa078)]: 0 failure(s)
Postproc #1 [meta_schedule.RewriteCooperativeFetch(0x56310edae658)]: 0 failure(s)
Postproc #2 [meta_schedule.RewriteUnboundBlock(0x56310edaec38)]: 0 failure(s)
Postproc #3 [meta_schedule.RewriteParallelVectorizeUnroll(0x56310ec03928)]: 0 failure(s)
Postproc #4 [meta_schedule.RewriteReductionBlock(0x56310ec2efe8)]: 0 failure(s)
Postproc #5 [meta_schedule.VerifyGPUCode(0x56310eb490b8)]: 0 failure(s)
Postproc #6 [meta_schedule.RewriteTensorize(0x56310e779c28)]: 0 failure(s)
2023-11-11 11:16:27 [INFO] [evolutionary_search.cc:723] Sampled 506 candidate(s)
2023-11-11 11:16:27 [INFO] [evolutionary_search.cc:621] Evolve iter #0 done. Summary:
Postproc #0 [meta_schedule.DisallowDynamicLoop(0x56310faaa078)]: 0 failure(s)
Postproc #1 [meta_schedule.RewriteCooperativeFetch(0x56310edae658)]: 0 failure(s)
Postproc #2 [meta_schedule.RewriteUnboundBlock(0x56310edaec38)]: 0 failure(s)
Postproc #3 [meta_schedule.RewriteParallelVectorizeUnroll(0x56310ec03928)]: 0 failure(s)
Postproc #4 [meta_schedule.RewriteReductionBlock(0x56310ec2efe8)]: 0 failure(s)
Postproc #5 [meta_schedule.VerifyGPUCode(0x56310eb490b8)]: 0 failure(s)
Postproc #6 [meta_schedule.RewriteTensorize(0x56310e779c28)]: 0 failure(s)
2023-11-11 11:16:28 [INFO] [evolutionary_search.cc:621] Evolve iter #1 done. Summary:
Postproc #0 [meta_schedule.DisallowDynamicLoop(0x56310faaa078)]: 0 failure(s)
Postproc #1 [meta_schedule.RewriteCooperativeFetch(0x56310edae658)]: 0 failure(s)
Postproc #2 [meta_schedule.RewriteUnboundBlock(0x56310edaec38)]: 0 failure(s)
Postproc #3 [meta_schedule.RewriteParallelVectorizeUnroll(0x56310ec03928)]: 0 failure(s)
Postproc #4 [meta_schedule.RewriteReductionBlock(0x56310ec2efe8)]: 0 failure(s)
Postproc #5 [meta_schedule.VerifyGPUCode(0x56310eb490b8)]: 0 failure(s)
Postproc #6 [meta_schedule.RewriteTensorize(0x56310e779c28)]: 0 failure(s)
2023-11-11 11:16:28 [INFO] [evolutionary_search.cc:621] Evolve iter #2 done. Summary:
Postproc #0 [meta_schedule.DisallowDynamicLoop(0x56310faaa078)]: 0 failure(s)
Postproc #1 [meta_schedule.RewriteCooperativeFetch(0x56310edae658)]: 0 failure(s)
Postproc #2 [meta_schedule.RewriteUnboundBlock(0x56310edaec38)]: 0 failure(s)
Postproc #3 [meta_schedule.RewriteParallelVectorizeUnroll(0x56310ec03928)]: 0 failure(s)
Postproc #4 [meta_schedule.RewriteReductionBlock(0x56310ec2efe8)]: 0 failure(s)
Postproc #5 [meta_schedule.VerifyGPUCode(0x56310eb490b8)]: 0 failure(s)
Postproc #6 [meta_schedule.RewriteTensorize(0x56310e779c28)]: 0 failure(s)
2023-11-11 11:16:29 [INFO] [evolutionary_search.cc:621] Evolve iter #3 done. Summary:
Postproc #0 [meta_schedule.DisallowDynamicLoop(0x56310faaa078)]: 0 failure(s)
Postproc #1 [meta_schedule.RewriteCooperativeFetch(0x56310edae658)]: 0 failure(s)
Postproc #2 [meta_schedule.RewriteUnboundBlock(0x56310edaec38)]: 0 failure(s)
Postproc #3 [meta_schedule.RewriteParallelVectorizeUnroll(0x56310ec03928)]: 0 failure(s)
Postproc #4 [meta_schedule.RewriteReductionBlock(0x56310ec2efe8)]: 0 failure(s)
Postproc #5 [meta_schedule.VerifyGPUCode(0x56310eb490b8)]: 0 failure(s)
Postproc #6 [meta_schedule.RewriteTensorize(0x56310e779c28)]: 0 failure(s)
2023-11-11 11:16:29 [INFO] [evolutionary_search.cc:649] Scores of the best 0 candidates:
2023-11-11 11:16:29 [INFO] [evolutionary_search.cc:727] Got 0 candidate(s) with evolutionary search
2023-11-11 11:16:29 [INFO] [evolutionary_search.cc:730] Sending 0 candidates(s) for measurement
2023-11-11 11:53:41 [INFO] [evolutionary_search.cc:713] Generating candidates......
2023-11-11 11:53:41 [INFO] [evolutionary_search.cc:715] Picked top 6 candidate(s) from database
2023-11-11 11:53:41 [INFO] [evolutionary_search.cc:533] Sample-Init-Population summary:
Postproc #0 [meta_schedule.DisallowDynamicLoop(0x56310faaa078)]: 0 failure(s)
Postproc #1 [meta_schedule.RewriteCooperativeFetch(0x56310edae658)]: 0 failure(s)
Postproc #2 [meta_schedule.RewriteUnboundBlock(0x56310edaec38)]: 0 failure(s)
Postproc #3 [meta_schedule.RewriteParallelVectorizeUnroll(0x56310ec03928)]: 0 failure(s)
Postproc #4 [meta_schedule.RewriteReductionBlock(0x56310ec2efe8)]: 0 failure(s)
Postproc #5 [meta_schedule.VerifyGPUCode(0x56310eb490b8)]: 0 failure(s)
Postproc #6 [meta_schedule.RewriteTensorize(0x56310e779c28)]: 0 failure(s)
2023-11-11 11:53:41 [INFO] [evolutionary_search.cc:723] Sampled 506 candidate(s)
2023-11-11 11:53:42 [INFO] [evolutionary_search.cc:621] Evolve iter #0 done. Summary:
Postproc #0 [meta_schedule.DisallowDynamicLoop(0x56310faaa078)]: 0 failure(s)
Postproc #1 [meta_schedule.RewriteCooperativeFetch(0x56310edae658)]: 0 failure(s)
Postproc #2 [meta_schedule.RewriteUnboundBlock(0x56310edaec38)]: 0 failure(s)
Postproc #3 [meta_schedule.RewriteParallelVectorizeUnroll(0x56310ec03928)]: 0 failure(s)
Postproc #4 [meta_schedule.RewriteReductionBlock(0x56310ec2efe8)]: 0 failure(s)
Postproc #5 [meta_schedule.VerifyGPUCode(0x56310eb490b8)]: 0 failure(s)
Postproc #6 [meta_schedule.RewriteTensorize(0x56310e779c28)]: 0 failure(s)
2023-11-11 11:53:42 [INFO] [evolutionary_search.cc:621] Evolve iter #1 done. Summary:
Postproc #0 [meta_schedule.DisallowDynamicLoop(0x56310faaa078)]: 0 failure(s)
Postproc #1 [meta_schedule.RewriteCooperativeFetch(0x56310edae658)]: 0 failure(s)
Postproc #2 [meta_schedule.RewriteUnboundBlock(0x56310edaec38)]: 0 failure(s)
Postproc #3 [meta_schedule.RewriteParallelVectorizeUnroll(0x56310ec03928)]: 0 failure(s)
Postproc #4 [meta_schedule.RewriteReductionBlock(0x56310ec2efe8)]: 0 failure(s)
Postproc #5 [meta_schedule.VerifyGPUCode(0x56310eb490b8)]: 0 failure(s)
Postproc #6 [meta_schedule.RewriteTensorize(0x56310e779c28)]: 0 failure(s)
2023-11-11 11:53:43 [INFO] [evolutionary_search.cc:621] Evolve iter #2 done. Summary:
Postproc #0 [meta_schedule.DisallowDynamicLoop(0x56310faaa078)]: 0 failure(s)
Postproc #1 [meta_schedule.RewriteCooperativeFetch(0x56310edae658)]: 0 failure(s)
Postproc #2 [meta_schedule.RewriteUnboundBlock(0x56310edaec38)]: 0 failure(s)
Postproc #3 [meta_schedule.RewriteParallelVectorizeUnroll(0x56310ec03928)]: 0 failure(s)
Postproc #4 [meta_schedule.RewriteReductionBlock(0x56310ec2efe8)]: 0 failure(s)
Postproc #5 [meta_schedule.VerifyGPUCode(0x56310eb490b8)]: 0 failure(s)
Postproc #6 [meta_schedule.RewriteTensorize(0x56310e779c28)]: 0 failure(s)
2023-11-11 11:53:43 [INFO] [evolutionary_search.cc:621] Evolve iter #3 done. Summary:
Postproc #0 [meta_schedule.DisallowDynamicLoop(0x56310faaa078)]: 0 failure(s)
Postproc #1 [meta_schedule.RewriteCooperativeFetch(0x56310edae658)]: 0 failure(s)
Postproc #2 [meta_schedule.RewriteUnboundBlock(0x56310edaec38)]: 0 failure(s)
Postproc #3 [meta_schedule.RewriteParallelVectorizeUnroll(0x56310ec03928)]: 0 failure(s)
Postproc #4 [meta_schedule.RewriteReductionBlock(0x56310ec2efe8)]: 0 failure(s)
Postproc #5 [meta_schedule.VerifyGPUCode(0x56310eb490b8)]: 0 failure(s)
Postproc #6 [meta_schedule.RewriteTensorize(0x56310e779c28)]: 0 failure(s)
2023-11-11 11:53:43 [INFO] [evolutionary_search.cc:649] Scores of the best 0 candidates:
2023-11-11 11:53:43 [INFO] [evolutionary_search.cc:727] Got 0 candidate(s) with evolutionary search
2023-11-11 11:53:43 [INFO] [evolutionary_search.cc:730] Sending 0 candidates(s) for measurement
2023-11-11 12:06:05 [INFO] [evolutionary_search.cc:713] Generating candidates......
2023-11-11 12:06:05 [INFO] [evolutionary_search.cc:715] Picked top 6 candidate(s) from database
2023-11-11 12:06:06 [INFO] [evolutionary_search.cc:533] Sample-Init-Population summary:
Postproc #0 [meta_schedule.DisallowDynamicLoop(0x56310faaa078)]: 0 failure(s)
Postproc #1 [meta_schedule.RewriteCooperativeFetch(0x56310edae658)]: 0 failure(s)
Postproc #2 [meta_schedule.RewriteUnboundBlock(0x56310edaec38)]: 0 failure(s)
Postproc #3 [meta_schedule.RewriteParallelVectorizeUnroll(0x56310ec03928)]: 0 failure(s)
Postproc #4 [meta_schedule.RewriteReductionBlock(0x56310ec2efe8)]: 0 failure(s)
Postproc #5 [meta_schedule.VerifyGPUCode(0x56310eb490b8)]: 0 failure(s)
Postproc #6 [meta_schedule.RewriteTensorize(0x56310e779c28)]: 0 failure(s)
2023-11-11 12:06:06 [INFO] [evolutionary_search.cc:723] Sampled 506 candidate(s)
2023-11-11 12:06:06 [INFO] [evolutionary_search.cc:621] Evolve iter #0 done. Summary:
Postproc #0 [meta_schedule.DisallowDynamicLoop(0x56310faaa078)]: 0 failure(s)
Postproc #1 [meta_schedule.RewriteCooperativeFetch(0x56310edae658)]: 0 failure(s)
Postproc #2 [meta_schedule.RewriteUnboundBlock(0x56310edaec38)]: 0 failure(s)
Postproc #3 [meta_schedule.RewriteParallelVectorizeUnroll(0x56310ec03928)]: 0 failure(s)
Postproc #4 [meta_schedule.RewriteReductionBlock(0x56310ec2efe8)]: 0 failure(s)
Postproc #5 [meta_schedule.VerifyGPUCode(0x56310eb490b8)]: 0 failure(s)
Postproc #6 [meta_schedule.RewriteTensorize(0x56310e779c28)]: 0 failure(s)
2023-11-11 12:06:07 [INFO] [evolutionary_search.cc:621] Evolve iter #1 done. Summary:
Postproc #0 [meta_schedule.DisallowDynamicLoop(0x56310faaa078)]: 0 failure(s)
Postproc #1 [meta_schedule.RewriteCooperativeFetch(0x56310edae658)]: 0 failure(s)
Postproc #2 [meta_schedule.RewriteUnboundBlock(0x56310edaec38)]: 0 failure(s)
Postproc #3 [meta_schedule.RewriteParallelVectorizeUnroll(0x56310ec03928)]: 0 failure(s)
Postproc #4 [meta_schedule.RewriteReductionBlock(0x56310ec2efe8)]: 0 failure(s)
Postproc #5 [meta_schedule.VerifyGPUCode(0x56310eb490b8)]: 0 failure(s)
Postproc #6 [meta_schedule.RewriteTensorize(0x56310e779c28)]: 0 failure(s)
2023-11-11 12:06:07 [INFO] [evolutionary_search.cc:621] Evolve iter #2 done. Summary:
Postproc #0 [meta_schedule.DisallowDynamicLoop(0x56310faaa078)]: 0 failure(s)
Postproc #1 [meta_schedule.RewriteCooperativeFetch(0x56310edae658)]: 0 failure(s)
Postproc #2 [meta_schedule.RewriteUnboundBlock(0x56310edaec38)]: 0 failure(s)
Postproc #3 [meta_schedule.RewriteParallelVectorizeUnroll(0x56310ec03928)]: 0 failure(s)
Postproc #4 [meta_schedule.RewriteReductionBlock(0x56310ec2efe8)]: 0 failure(s)
Postproc #5 [meta_schedule.VerifyGPUCode(0x56310eb490b8)]: 0 failure(s)
Postproc #6 [meta_schedule.RewriteTensorize(0x56310e779c28)]: 0 failure(s)
2023-11-11 12:06:07 [INFO] [evolutionary_search.cc:621] Evolve iter #3 done. Summary:
Postproc #0 [meta_schedule.DisallowDynamicLoop(0x56310faaa078)]: 0 failure(s)
Postproc #1 [meta_schedule.RewriteCooperativeFetch(0x56310edae658)]: 0 failure(s)
Postproc #2 [meta_schedule.RewriteUnboundBlock(0x56310edaec38)]: 0 failure(s)
Postproc #3 [meta_schedule.RewriteParallelVectorizeUnroll(0x56310ec03928)]: 0 failure(s)
Postproc #4 [meta_schedule.RewriteReductionBlock(0x56310ec2efe8)]: 0 failure(s)
Postproc #5 [meta_schedule.VerifyGPUCode(0x56310eb490b8)]: 0 failure(s)
Postproc #6 [meta_schedule.RewriteTensorize(0x56310e779c28)]: 0 failure(s)
2023-11-11 12:06:08 [INFO] [evolutionary_search.cc:649] Scores of the best 0 candidates:
2023-11-11 12:06:08 [INFO] [evolutionary_search.cc:727] Got 0 candidate(s) with evolutionary search
2023-11-11 12:06:08 [INFO] [evolutionary_search.cc:730] Sending 0 candidates(s) for measurement
2023-11-11 12:11:40 [INFO] [evolutionary_search.cc:713] Generating candidates......
2023-11-11 12:11:40 [INFO] [evolutionary_search.cc:715] Picked top 6 candidate(s) from database
2023-11-11 12:11:40 [INFO] [evolutionary_search.cc:533] Sample-Init-Population summary:
Postproc #0 [meta_schedule.DisallowDynamicLoop(0x56310faaa078)]: 0 failure(s)
Postproc #1 [meta_schedule.RewriteCooperativeFetch(0x56310edae658)]: 0 failure(s)
Postproc #2 [meta_schedule.RewriteUnboundBlock(0x56310edaec38)]: 0 failure(s)
Postproc #3 [meta_schedule.RewriteParallelVectorizeUnroll(0x56310ec03928)]: 0 failure(s)
Postproc #4 [meta_schedule.RewriteReductionBlock(0x56310ec2efe8)]: 0 failure(s)
Postproc #5 [meta_schedule.VerifyGPUCode(0x56310eb490b8)]: 0 failure(s)
Postproc #6 [meta_schedule.RewriteTensorize(0x56310e779c28)]: 0 failure(s)
2023-11-11 12:11:40 [INFO] [evolutionary_search.cc:723] Sampled 506 candidate(s)
2023-11-11 12:11:41 [INFO] [evolutionary_search.cc:621] Evolve iter #0 done. Summary:
Postproc #0 [meta_schedule.DisallowDynamicLoop(0x56310faaa078)]: 0 failure(s)
Postproc #1 [meta_schedule.RewriteCooperativeFetch(0x56310edae658)]: 0 failure(s)
Postproc #2 [meta_schedule.RewriteUnboundBlock(0x56310edaec38)]: 0 failure(s)
Postproc #3 [meta_schedule.RewriteParallelVectorizeUnroll(0x56310ec03928)]: 0 failure(s)
Postproc #4 [meta_schedule.RewriteReductionBlock(0x56310ec2efe8)]: 0 failure(s)
Postproc #5 [meta_schedule.VerifyGPUCode(0x56310eb490b8)]: 0 failure(s)
Postproc #6 [meta_schedule.RewriteTensorize(0x56310e779c28)]: 0 failure(s)
2023-11-11 12:11:41 [INFO] [evolutionary_search.cc:621] Evolve iter #1 done. Summary:
Postproc #0 [meta_schedule.DisallowDynamicLoop(0x56310faaa078)]: 0 failure(s)
Postproc #1 [meta_schedule.RewriteCooperativeFetch(0x56310edae658)]: 0 failure(s)
Postproc #2 [meta_schedule.RewriteUnboundBlock(0x56310edaec38)]: 0 failure(s)
Postproc #3 [meta_schedule.RewriteParallelVectorizeUnroll(0x56310ec03928)]: 0 failure(s)
Postproc #4 [meta_schedule.RewriteReductionBlock(0x56310ec2efe8)]: 0 failure(s)
Postproc #5 [meta_schedule.VerifyGPUCode(0x56310eb490b8)]: 0 failure(s)
Postproc #6 [meta_schedule.RewriteTensorize(0x56310e779c28)]: 0 failure(s)
2023-11-11 12:11:41 [INFO] [evolutionary_search.cc:621] Evolve iter #2 done. Summary:
Postproc #0 [meta_schedule.DisallowDynamicLoop(0x56310faaa078)]: 0 failure(s)
Postproc #1 [meta_schedule.RewriteCooperativeFetch(0x56310edae658)]: 0 failure(s)
Postproc #2 [meta_schedule.RewriteUnboundBlock(0x56310edaec38)]: 0 failure(s)
Postproc #3 [meta_schedule.RewriteParallelVectorizeUnroll(0x56310ec03928)]: 0 failure(s)
Postproc #4 [meta_schedule.RewriteReductionBlock(0x56310ec2efe8)]: 0 failure(s)
Postproc #5 [meta_schedule.VerifyGPUCode(0x56310eb490b8)]: 0 failure(s)
Postproc #6 [meta_schedule.RewriteTensorize(0x56310e779c28)]: 0 failure(s)
2023-11-11 12:11:42 [INFO] [evolutionary_search.cc:621] Evolve iter #3 done. Summary:
Postproc #0 [meta_schedule.DisallowDynamicLoop(0x56310faaa078)]: 0 failure(s)
Postproc #1 [meta_schedule.RewriteCooperativeFetch(0x56310edae658)]: 0 failure(s)
Postproc #2 [meta_schedule.RewriteUnboundBlock(0x56310edaec38)]: 0 failure(s)
Postproc #3 [meta_schedule.RewriteParallelVectorizeUnroll(0x56310ec03928)]: 0 failure(s)
Postproc #4 [meta_schedule.RewriteReductionBlock(0x56310ec2efe8)]: 0 failure(s)
Postproc #5 [meta_schedule.VerifyGPUCode(0x56310eb490b8)]: 0 failure(s)
Postproc #6 [meta_schedule.RewriteTensorize(0x56310e779c28)]: 0 failure(s)
2023-11-11 12:11:42 [INFO] [evolutionary_search.cc:649] Scores of the best 0 candidates:
2023-11-11 12:11:42 [INFO] [evolutionary_search.cc:727] Got 0 candidate(s) with evolutionary search
2023-11-11 12:11:42 [INFO] [evolutionary_search.cc:730] Sending 0 candidates(s) for measurement
