2023-11-10 23:34:07 [INFO] [task_scheduler.cc:160] Initializing Task #8: "fused_add_nn_relu"
2023-11-10 23:34:07 [INFO] [task_scheduler.cc:35] 
# from tvm.script import ir as I
# from tvm.script import tir as T

@I.ir_module
class Module:
    @T.prim_func
    def main(p0: T.Buffer((T.int64(1), T.int64(64), T.int64(56), T.int64(56)), "float32"), p1: T.Buffer((T.int64(1), T.int64(64), T.int64(1), T.int64(1)), "float32"), T_relu: T.Buffer((T.int64(1), T.int64(64), T.int64(56), T.int64(56)), "float32")):
        T.func_attr({"tir.noalias": T.bool(True)})
        # with T.block("root"):
        T_add = T.alloc_buffer((T.int64(1), T.int64(64), T.int64(56), T.int64(56)))
        for ax0, ax1, ax2, ax3 in T.grid(T.int64(1), T.int64(64), T.int64(56), T.int64(56)):
            with T.block("T_add"):
                v_ax0, v_ax1, v_ax2, v_ax3 = T.axis.remap("SSSS", [ax0, ax1, ax2, ax3])
                T.reads(p0[v_ax0, v_ax1, v_ax2, v_ax3], p1[v_ax0, v_ax1, T.int64(0), T.int64(0)])
                T.writes(T_add[v_ax0, v_ax1, v_ax2, v_ax3])
                T_add[v_ax0, v_ax1, v_ax2, v_ax3] = p0[v_ax0, v_ax1, v_ax2, v_ax3] + p1[v_ax0, v_ax1, T.int64(0), T.int64(0)]
        for ax0, ax1, ax2, ax3 in T.grid(T.int64(1), T.int64(64), T.int64(56), T.int64(56)):
            with T.block("T_relu"):
                v_ax0, v_ax1, v_ax2, v_ax3 = T.axis.remap("SSSS", [ax0, ax1, ax2, ax3])
                T.reads(T_add[v_ax0, v_ax1, v_ax2, v_ax3])
                T.writes(T_relu[v_ax0, v_ax1, v_ax2, v_ax3])
                T_relu[v_ax0, v_ax1, v_ax2, v_ax3] = T.max(T_add[v_ax0, v_ax1, v_ax2, v_ax3], T.float32(0))
2023-11-10 23:34:07 [INFO] [task_scheduler.cc:164] Total 1 design space(s) generated
2023-11-10 23:34:07 [INFO] [task_scheduler.cc:170] Design space #0:
# from tvm.script import ir as I
# from tvm.script import tir as T

@I.ir_module
class Module:
    @T.prim_func
    def main(p0: T.Buffer((T.int64(1), T.int64(64), T.int64(56), T.int64(56)), "float32"), p1: T.Buffer((T.int64(1), T.int64(64), T.int64(1), T.int64(1)), "float32"), T_relu: T.Buffer((T.int64(1), T.int64(64), T.int64(56), T.int64(56)), "float32")):
        T.func_attr({"tir.noalias": T.bool(True)})
        # with T.block("root"):
        for ax0_ax1_ax2_ax3_fused_0 in T.thread_binding(T.int64(784), thread="blockIdx.x"):
            for ax0_ax1_ax2_ax3_fused_1 in T.thread_binding(T.int64(256), thread="threadIdx.x"):
                with T.block("T_add"):
                    v_ax0 = T.axis.spatial(T.int64(1), T.int64(0))
                    v_ax1 = T.axis.spatial(T.int64(64), (ax0_ax1_ax2_ax3_fused_0 * T.int64(256) + ax0_ax1_ax2_ax3_fused_1) // T.int64(3136))
                    v_ax2 = T.axis.spatial(T.int64(56), (ax0_ax1_ax2_ax3_fused_0 * T.int64(256) + ax0_ax1_ax2_ax3_fused_1) % T.int64(3136) // T.int64(56))
                    v_ax3 = T.axis.spatial(T.int64(56), (ax0_ax1_ax2_ax3_fused_0 * T.int64(256) + ax0_ax1_ax2_ax3_fused_1) % T.int64(56))
                    T.reads(p0[v_ax0, v_ax1, v_ax2, v_ax3], p1[v_ax0, v_ax1, T.int64(0), T.int64(0)])
                    T.writes(T_relu[v_ax0, v_ax1, v_ax2, v_ax3])
                    T_relu[v_ax0, v_ax1, v_ax2, v_ax3] = T.max(p0[v_ax0, v_ax1, v_ax2, v_ax3] + p1[v_ax0, v_ax1, T.int64(0), T.int64(0)], T.float32(0))
b0 = sch.get_block(name="T_add", func_name="main")
b1 = sch.get_block(name="T_relu", func_name="main")
sch.reverse_compute_inline(block=b1)
l2, l3, l4, l5 = sch.get_loops(block=b0)
l6 = sch.fuse(l2, l3, l4, l5, preserve_unit_iters=True)
v7 = sch.sample_categorical(candidates=[32, 64, 128, 256, 512, 1024], probs=[0.16666666666666666, 0.16666666666666666, 0.16666666666666666, 0.16666666666666666, 0.16666666666666666, 0.16666666666666666], decision=3)
l8, l9 = sch.split(loop=l6, factors=[None, v7], preserve_unit_iters=True)
sch.bind(loop=l8, thread_axis="blockIdx.x")
sch.bind(loop=l9, thread_axis="threadIdx.x")
2023-11-10 23:42:36 [INFO] [evolutionary_search.cc:713] Generating candidates......
2023-11-10 23:42:36 [INFO] [evolutionary_search.cc:715] Picked top 0 candidate(s) from database
2023-11-10 23:42:36 [INFO] [evolutionary_search.cc:533] Sample-Init-Population summary:
Postproc #0 [meta_schedule.DisallowDynamicLoop(0x56310bac2978)]: 0 failure(s)
Postproc #1 [meta_schedule.RewriteCooperativeFetch(0x56310dc25838)]: 0 failure(s)
Postproc #2 [meta_schedule.RewriteUnboundBlock(0x56310dc25d78)]: 0 failure(s)
Postproc #3 [meta_schedule.RewriteParallelVectorizeUnroll(0x56310ecf6c98)]: 0 failure(s)
Postproc #4 [meta_schedule.RewriteReductionBlock(0x56310a4d21c8)]: 0 failure(s)
Postproc #5 [meta_schedule.VerifyGPUCode(0x56310e895ad8)]: 0 failure(s)
Postproc #6 [meta_schedule.RewriteTensorize(0x56310e890388)]: 0 failure(s)
2023-11-10 23:42:36 [INFO] [evolutionary_search.cc:723] Sampled 512 candidate(s)
2023-11-10 23:42:36 [INFO] [evolutionary_search.cc:621] Evolve iter #0 done. Summary:
Postproc #0 [meta_schedule.DisallowDynamicLoop(0x56310bac2978)]: 0 failure(s)
Postproc #1 [meta_schedule.RewriteCooperativeFetch(0x56310dc25838)]: 0 failure(s)
Postproc #2 [meta_schedule.RewriteUnboundBlock(0x56310dc25d78)]: 0 failure(s)
Postproc #3 [meta_schedule.RewriteParallelVectorizeUnroll(0x56310ecf6c98)]: 0 failure(s)
Postproc #4 [meta_schedule.RewriteReductionBlock(0x56310a4d21c8)]: 0 failure(s)
Postproc #5 [meta_schedule.VerifyGPUCode(0x56310e895ad8)]: 0 failure(s)
Postproc #6 [meta_schedule.RewriteTensorize(0x56310e890388)]: 0 failure(s)
2023-11-10 23:42:36 [INFO] [evolutionary_search.cc:621] Evolve iter #1 done. Summary:
Postproc #0 [meta_schedule.DisallowDynamicLoop(0x56310bac2978)]: 0 failure(s)
Postproc #1 [meta_schedule.RewriteCooperativeFetch(0x56310dc25838)]: 0 failure(s)
Postproc #2 [meta_schedule.RewriteUnboundBlock(0x56310dc25d78)]: 0 failure(s)
Postproc #3 [meta_schedule.RewriteParallelVectorizeUnroll(0x56310ecf6c98)]: 0 failure(s)
Postproc #4 [meta_schedule.RewriteReductionBlock(0x56310a4d21c8)]: 0 failure(s)
Postproc #5 [meta_schedule.VerifyGPUCode(0x56310e895ad8)]: 0 failure(s)
Postproc #6 [meta_schedule.RewriteTensorize(0x56310e890388)]: 0 failure(s)
2023-11-10 23:42:37 [INFO] [evolutionary_search.cc:621] Evolve iter #2 done. Summary:
Postproc #0 [meta_schedule.DisallowDynamicLoop(0x56310bac2978)]: 0 failure(s)
Postproc #1 [meta_schedule.RewriteCooperativeFetch(0x56310dc25838)]: 0 failure(s)
Postproc #2 [meta_schedule.RewriteUnboundBlock(0x56310dc25d78)]: 0 failure(s)
Postproc #3 [meta_schedule.RewriteParallelVectorizeUnroll(0x56310ecf6c98)]: 0 failure(s)
Postproc #4 [meta_schedule.RewriteReductionBlock(0x56310a4d21c8)]: 0 failure(s)
Postproc #5 [meta_schedule.VerifyGPUCode(0x56310e895ad8)]: 0 failure(s)
Postproc #6 [meta_schedule.RewriteTensorize(0x56310e890388)]: 0 failure(s)
2023-11-10 23:42:37 [INFO] [evolutionary_search.cc:621] Evolve iter #3 done. Summary:
Postproc #0 [meta_schedule.DisallowDynamicLoop(0x56310bac2978)]: 0 failure(s)
Postproc #1 [meta_schedule.RewriteCooperativeFetch(0x56310dc25838)]: 0 failure(s)
Postproc #2 [meta_schedule.RewriteUnboundBlock(0x56310dc25d78)]: 0 failure(s)
Postproc #3 [meta_schedule.RewriteParallelVectorizeUnroll(0x56310ecf6c98)]: 0 failure(s)
Postproc #4 [meta_schedule.RewriteReductionBlock(0x56310a4d21c8)]: 0 failure(s)
Postproc #5 [meta_schedule.VerifyGPUCode(0x56310e895ad8)]: 0 failure(s)
Postproc #6 [meta_schedule.RewriteTensorize(0x56310e890388)]: 0 failure(s)
2023-11-10 23:42:37 [INFO] [evolutionary_search.cc:649] Scores of the best 6 candidates:
[1 : 6]:	0.9389  0.7964  0.6700  0.3079  0.2238  0.0732
2023-11-10 23:42:37 [INFO] [evolutionary_search.cc:727] Got 6 candidate(s) with evolutionary search
2023-11-10 23:42:37 [INFO] [evolutionary_search.cc:730] Sending 6 candidates(s) for measurement
2023-11-11 00:22:40 [INFO] [task_scheduler.cc:131] [Task #8: fused_add_nn_relu] Trial #1: GFLOPs: 102.8754. Time: 3.9019 us. Best GFLOPs: 102.8754
2023-11-11 00:22:40 [INFO] [task_scheduler.cc:131] [Task #8: fused_add_nn_relu] Trial #2: GFLOPs: 52.9941. Time: 7.5746 us. Best GFLOPs: 102.8754
2023-11-11 00:22:40 [INFO] [task_scheduler.cc:131] [Task #8: fused_add_nn_relu] Trial #3: GFLOPs: 130.2870. Time: 3.0810 us. Best GFLOPs: 130.2870
2023-11-11 00:22:40 [INFO] [task_scheduler.cc:131] [Task #8: fused_add_nn_relu] Trial #4: GFLOPs: 78.3956. Time: 5.1203 us. Best GFLOPs: 130.2870
2023-11-11 00:22:40 [INFO] [task_scheduler.cc:131] [Task #8: fused_add_nn_relu] Trial #5: GFLOPs: 130.1924. Time: 3.0832 us. Best GFLOPs: 130.2870
2023-11-11 00:22:40 [INFO] [task_scheduler.cc:131] [Task #8: fused_add_nn_relu] Trial #6: GFLOPs: 118.8578. Time: 3.3772 us. Best GFLOPs: 130.2870
2023-11-11 06:54:21 [INFO] [evolutionary_search.cc:713] Generating candidates......
2023-11-11 06:54:21 [INFO] [evolutionary_search.cc:715] Picked top 6 candidate(s) from database
2023-11-11 06:54:21 [INFO] [evolutionary_search.cc:533] Sample-Init-Population summary:
Postproc #0 [meta_schedule.DisallowDynamicLoop(0x56310bac2978)]: 0 failure(s)
Postproc #1 [meta_schedule.RewriteCooperativeFetch(0x56310dc25838)]: 0 failure(s)
Postproc #2 [meta_schedule.RewriteUnboundBlock(0x56310dc25d78)]: 0 failure(s)
Postproc #3 [meta_schedule.RewriteParallelVectorizeUnroll(0x56310ecf6c98)]: 0 failure(s)
Postproc #4 [meta_schedule.RewriteReductionBlock(0x56310a4d21c8)]: 0 failure(s)
Postproc #5 [meta_schedule.VerifyGPUCode(0x56310e895ad8)]: 0 failure(s)
Postproc #6 [meta_schedule.RewriteTensorize(0x56310e890388)]: 0 failure(s)
2023-11-11 06:54:21 [INFO] [evolutionary_search.cc:723] Sampled 506 candidate(s)
2023-11-11 06:54:22 [INFO] [evolutionary_search.cc:621] Evolve iter #0 done. Summary:
Postproc #0 [meta_schedule.DisallowDynamicLoop(0x56310bac2978)]: 0 failure(s)
Postproc #1 [meta_schedule.RewriteCooperativeFetch(0x56310dc25838)]: 0 failure(s)
Postproc #2 [meta_schedule.RewriteUnboundBlock(0x56310dc25d78)]: 0 failure(s)
Postproc #3 [meta_schedule.RewriteParallelVectorizeUnroll(0x56310ecf6c98)]: 0 failure(s)
Postproc #4 [meta_schedule.RewriteReductionBlock(0x56310a4d21c8)]: 0 failure(s)
Postproc #5 [meta_schedule.VerifyGPUCode(0x56310e895ad8)]: 0 failure(s)
Postproc #6 [meta_schedule.RewriteTensorize(0x56310e890388)]: 0 failure(s)
2023-11-11 06:54:22 [INFO] [evolutionary_search.cc:621] Evolve iter #1 done. Summary:
Postproc #0 [meta_schedule.DisallowDynamicLoop(0x56310bac2978)]: 0 failure(s)
Postproc #1 [meta_schedule.RewriteCooperativeFetch(0x56310dc25838)]: 0 failure(s)
Postproc #2 [meta_schedule.RewriteUnboundBlock(0x56310dc25d78)]: 0 failure(s)
Postproc #3 [meta_schedule.RewriteParallelVectorizeUnroll(0x56310ecf6c98)]: 0 failure(s)
Postproc #4 [meta_schedule.RewriteReductionBlock(0x56310a4d21c8)]: 0 failure(s)
Postproc #5 [meta_schedule.VerifyGPUCode(0x56310e895ad8)]: 0 failure(s)
Postproc #6 [meta_schedule.RewriteTensorize(0x56310e890388)]: 0 failure(s)
2023-11-11 06:54:22 [INFO] [evolutionary_search.cc:621] Evolve iter #2 done. Summary:
Postproc #0 [meta_schedule.DisallowDynamicLoop(0x56310bac2978)]: 0 failure(s)
Postproc #1 [meta_schedule.RewriteCooperativeFetch(0x56310dc25838)]: 0 failure(s)
Postproc #2 [meta_schedule.RewriteUnboundBlock(0x56310dc25d78)]: 0 failure(s)
Postproc #3 [meta_schedule.RewriteParallelVectorizeUnroll(0x56310ecf6c98)]: 0 failure(s)
Postproc #4 [meta_schedule.RewriteReductionBlock(0x56310a4d21c8)]: 0 failure(s)
Postproc #5 [meta_schedule.VerifyGPUCode(0x56310e895ad8)]: 0 failure(s)
Postproc #6 [meta_schedule.RewriteTensorize(0x56310e890388)]: 0 failure(s)
2023-11-11 06:54:23 [INFO] [evolutionary_search.cc:621] Evolve iter #3 done. Summary:
Postproc #0 [meta_schedule.DisallowDynamicLoop(0x56310bac2978)]: 0 failure(s)
Postproc #1 [meta_schedule.RewriteCooperativeFetch(0x56310dc25838)]: 0 failure(s)
Postproc #2 [meta_schedule.RewriteUnboundBlock(0x56310dc25d78)]: 0 failure(s)
Postproc #3 [meta_schedule.RewriteParallelVectorizeUnroll(0x56310ecf6c98)]: 0 failure(s)
Postproc #4 [meta_schedule.RewriteReductionBlock(0x56310a4d21c8)]: 0 failure(s)
Postproc #5 [meta_schedule.VerifyGPUCode(0x56310e895ad8)]: 0 failure(s)
Postproc #6 [meta_schedule.RewriteTensorize(0x56310e890388)]: 0 failure(s)
2023-11-11 06:54:23 [INFO] [evolutionary_search.cc:649] Scores of the best 0 candidates:
2023-11-11 06:54:23 [INFO] [evolutionary_search.cc:727] Got 0 candidate(s) with evolutionary search
2023-11-11 06:54:23 [INFO] [evolutionary_search.cc:730] Sending 0 candidates(s) for measurement
2023-11-11 11:01:27 [INFO] [evolutionary_search.cc:713] Generating candidates......
2023-11-11 11:01:28 [INFO] [evolutionary_search.cc:715] Picked top 6 candidate(s) from database
2023-11-11 11:01:28 [INFO] [evolutionary_search.cc:533] Sample-Init-Population summary:
Postproc #0 [meta_schedule.DisallowDynamicLoop(0x56310bac2978)]: 0 failure(s)
Postproc #1 [meta_schedule.RewriteCooperativeFetch(0x56310dc25838)]: 0 failure(s)
Postproc #2 [meta_schedule.RewriteUnboundBlock(0x56310dc25d78)]: 0 failure(s)
Postproc #3 [meta_schedule.RewriteParallelVectorizeUnroll(0x56310ecf6c98)]: 0 failure(s)
Postproc #4 [meta_schedule.RewriteReductionBlock(0x56310a4d21c8)]: 0 failure(s)
Postproc #5 [meta_schedule.VerifyGPUCode(0x56310e895ad8)]: 0 failure(s)
Postproc #6 [meta_schedule.RewriteTensorize(0x56310e890388)]: 0 failure(s)
2023-11-11 11:01:28 [INFO] [evolutionary_search.cc:723] Sampled 506 candidate(s)
2023-11-11 11:01:28 [INFO] [evolutionary_search.cc:621] Evolve iter #0 done. Summary:
Postproc #0 [meta_schedule.DisallowDynamicLoop(0x56310bac2978)]: 0 failure(s)
Postproc #1 [meta_schedule.RewriteCooperativeFetch(0x56310dc25838)]: 0 failure(s)
Postproc #2 [meta_schedule.RewriteUnboundBlock(0x56310dc25d78)]: 0 failure(s)
Postproc #3 [meta_schedule.RewriteParallelVectorizeUnroll(0x56310ecf6c98)]: 0 failure(s)
Postproc #4 [meta_schedule.RewriteReductionBlock(0x56310a4d21c8)]: 0 failure(s)
Postproc #5 [meta_schedule.VerifyGPUCode(0x56310e895ad8)]: 0 failure(s)
Postproc #6 [meta_schedule.RewriteTensorize(0x56310e890388)]: 0 failure(s)
2023-11-11 11:01:29 [INFO] [evolutionary_search.cc:621] Evolve iter #1 done. Summary:
Postproc #0 [meta_schedule.DisallowDynamicLoop(0x56310bac2978)]: 0 failure(s)
Postproc #1 [meta_schedule.RewriteCooperativeFetch(0x56310dc25838)]: 0 failure(s)
Postproc #2 [meta_schedule.RewriteUnboundBlock(0x56310dc25d78)]: 0 failure(s)
Postproc #3 [meta_schedule.RewriteParallelVectorizeUnroll(0x56310ecf6c98)]: 0 failure(s)
Postproc #4 [meta_schedule.RewriteReductionBlock(0x56310a4d21c8)]: 0 failure(s)
Postproc #5 [meta_schedule.VerifyGPUCode(0x56310e895ad8)]: 0 failure(s)
Postproc #6 [meta_schedule.RewriteTensorize(0x56310e890388)]: 0 failure(s)
2023-11-11 11:01:29 [INFO] [evolutionary_search.cc:621] Evolve iter #2 done. Summary:
Postproc #0 [meta_schedule.DisallowDynamicLoop(0x56310bac2978)]: 0 failure(s)
Postproc #1 [meta_schedule.RewriteCooperativeFetch(0x56310dc25838)]: 0 failure(s)
Postproc #2 [meta_schedule.RewriteUnboundBlock(0x56310dc25d78)]: 0 failure(s)
Postproc #3 [meta_schedule.RewriteParallelVectorizeUnroll(0x56310ecf6c98)]: 0 failure(s)
Postproc #4 [meta_schedule.RewriteReductionBlock(0x56310a4d21c8)]: 0 failure(s)
Postproc #5 [meta_schedule.VerifyGPUCode(0x56310e895ad8)]: 0 failure(s)
Postproc #6 [meta_schedule.RewriteTensorize(0x56310e890388)]: 0 failure(s)
2023-11-11 11:01:29 [INFO] [evolutionary_search.cc:621] Evolve iter #3 done. Summary:
Postproc #0 [meta_schedule.DisallowDynamicLoop(0x56310bac2978)]: 0 failure(s)
Postproc #1 [meta_schedule.RewriteCooperativeFetch(0x56310dc25838)]: 0 failure(s)
Postproc #2 [meta_schedule.RewriteUnboundBlock(0x56310dc25d78)]: 0 failure(s)
Postproc #3 [meta_schedule.RewriteParallelVectorizeUnroll(0x56310ecf6c98)]: 0 failure(s)
Postproc #4 [meta_schedule.RewriteReductionBlock(0x56310a4d21c8)]: 0 failure(s)
Postproc #5 [meta_schedule.VerifyGPUCode(0x56310e895ad8)]: 0 failure(s)
Postproc #6 [meta_schedule.RewriteTensorize(0x56310e890388)]: 0 failure(s)
2023-11-11 11:01:30 [INFO] [evolutionary_search.cc:649] Scores of the best 0 candidates:
2023-11-11 11:01:30 [INFO] [evolutionary_search.cc:727] Got 0 candidate(s) with evolutionary search
2023-11-11 11:01:30 [INFO] [evolutionary_search.cc:730] Sending 0 candidates(s) for measurement
2023-11-11 11:53:32 [INFO] [evolutionary_search.cc:713] Generating candidates......
2023-11-11 11:53:33 [INFO] [evolutionary_search.cc:715] Picked top 6 candidate(s) from database
2023-11-11 11:53:34 [INFO] [evolutionary_search.cc:533] Sample-Init-Population summary:
Postproc #0 [meta_schedule.DisallowDynamicLoop(0x56310bac2978)]: 0 failure(s)
Postproc #1 [meta_schedule.RewriteCooperativeFetch(0x56310dc25838)]: 0 failure(s)
Postproc #2 [meta_schedule.RewriteUnboundBlock(0x56310dc25d78)]: 0 failure(s)
Postproc #3 [meta_schedule.RewriteParallelVectorizeUnroll(0x56310ecf6c98)]: 0 failure(s)
Postproc #4 [meta_schedule.RewriteReductionBlock(0x56310a4d21c8)]: 0 failure(s)
Postproc #5 [meta_schedule.VerifyGPUCode(0x56310e895ad8)]: 0 failure(s)
Postproc #6 [meta_schedule.RewriteTensorize(0x56310e890388)]: 0 failure(s)
2023-11-11 11:53:34 [INFO] [evolutionary_search.cc:723] Sampled 506 candidate(s)
2023-11-11 11:53:34 [INFO] [evolutionary_search.cc:621] Evolve iter #0 done. Summary:
Postproc #0 [meta_schedule.DisallowDynamicLoop(0x56310bac2978)]: 0 failure(s)
Postproc #1 [meta_schedule.RewriteCooperativeFetch(0x56310dc25838)]: 0 failure(s)
Postproc #2 [meta_schedule.RewriteUnboundBlock(0x56310dc25d78)]: 0 failure(s)
Postproc #3 [meta_schedule.RewriteParallelVectorizeUnroll(0x56310ecf6c98)]: 0 failure(s)
Postproc #4 [meta_schedule.RewriteReductionBlock(0x56310a4d21c8)]: 0 failure(s)
Postproc #5 [meta_schedule.VerifyGPUCode(0x56310e895ad8)]: 0 failure(s)
Postproc #6 [meta_schedule.RewriteTensorize(0x56310e890388)]: 0 failure(s)
2023-11-11 11:53:35 [INFO] [evolutionary_search.cc:621] Evolve iter #1 done. Summary:
Postproc #0 [meta_schedule.DisallowDynamicLoop(0x56310bac2978)]: 0 failure(s)
Postproc #1 [meta_schedule.RewriteCooperativeFetch(0x56310dc25838)]: 0 failure(s)
Postproc #2 [meta_schedule.RewriteUnboundBlock(0x56310dc25d78)]: 0 failure(s)
Postproc #3 [meta_schedule.RewriteParallelVectorizeUnroll(0x56310ecf6c98)]: 0 failure(s)
Postproc #4 [meta_schedule.RewriteReductionBlock(0x56310a4d21c8)]: 0 failure(s)
Postproc #5 [meta_schedule.VerifyGPUCode(0x56310e895ad8)]: 0 failure(s)
Postproc #6 [meta_schedule.RewriteTensorize(0x56310e890388)]: 0 failure(s)
2023-11-11 11:53:36 [INFO] [evolutionary_search.cc:621] Evolve iter #2 done. Summary:
Postproc #0 [meta_schedule.DisallowDynamicLoop(0x56310bac2978)]: 0 failure(s)
Postproc #1 [meta_schedule.RewriteCooperativeFetch(0x56310dc25838)]: 0 failure(s)
Postproc #2 [meta_schedule.RewriteUnboundBlock(0x56310dc25d78)]: 0 failure(s)
Postproc #3 [meta_schedule.RewriteParallelVectorizeUnroll(0x56310ecf6c98)]: 0 failure(s)
Postproc #4 [meta_schedule.RewriteReductionBlock(0x56310a4d21c8)]: 0 failure(s)
Postproc #5 [meta_schedule.VerifyGPUCode(0x56310e895ad8)]: 0 failure(s)
Postproc #6 [meta_schedule.RewriteTensorize(0x56310e890388)]: 0 failure(s)
2023-11-11 11:53:36 [INFO] [evolutionary_search.cc:621] Evolve iter #3 done. Summary:
Postproc #0 [meta_schedule.DisallowDynamicLoop(0x56310bac2978)]: 0 failure(s)
Postproc #1 [meta_schedule.RewriteCooperativeFetch(0x56310dc25838)]: 0 failure(s)
Postproc #2 [meta_schedule.RewriteUnboundBlock(0x56310dc25d78)]: 0 failure(s)
Postproc #3 [meta_schedule.RewriteParallelVectorizeUnroll(0x56310ecf6c98)]: 0 failure(s)
Postproc #4 [meta_schedule.RewriteReductionBlock(0x56310a4d21c8)]: 0 failure(s)
Postproc #5 [meta_schedule.VerifyGPUCode(0x56310e895ad8)]: 0 failure(s)
Postproc #6 [meta_schedule.RewriteTensorize(0x56310e890388)]: 0 failure(s)
2023-11-11 11:53:36 [INFO] [evolutionary_search.cc:649] Scores of the best 0 candidates:
2023-11-11 11:53:36 [INFO] [evolutionary_search.cc:727] Got 0 candidate(s) with evolutionary search
2023-11-11 11:53:36 [INFO] [evolutionary_search.cc:730] Sending 0 candidates(s) for measurement
2023-11-11 12:03:26 [INFO] [evolutionary_search.cc:713] Generating candidates......
2023-11-11 12:03:27 [INFO] [evolutionary_search.cc:715] Picked top 6 candidate(s) from database
2023-11-11 12:03:27 [INFO] [evolutionary_search.cc:533] Sample-Init-Population summary:
Postproc #0 [meta_schedule.DisallowDynamicLoop(0x56310bac2978)]: 0 failure(s)
Postproc #1 [meta_schedule.RewriteCooperativeFetch(0x56310dc25838)]: 0 failure(s)
Postproc #2 [meta_schedule.RewriteUnboundBlock(0x56310dc25d78)]: 0 failure(s)
Postproc #3 [meta_schedule.RewriteParallelVectorizeUnroll(0x56310ecf6c98)]: 0 failure(s)
Postproc #4 [meta_schedule.RewriteReductionBlock(0x56310a4d21c8)]: 0 failure(s)
Postproc #5 [meta_schedule.VerifyGPUCode(0x56310e895ad8)]: 0 failure(s)
Postproc #6 [meta_schedule.RewriteTensorize(0x56310e890388)]: 0 failure(s)
2023-11-11 12:03:27 [INFO] [evolutionary_search.cc:723] Sampled 506 candidate(s)
2023-11-11 12:03:27 [INFO] [evolutionary_search.cc:621] Evolve iter #0 done. Summary:
Postproc #0 [meta_schedule.DisallowDynamicLoop(0x56310bac2978)]: 0 failure(s)
Postproc #1 [meta_schedule.RewriteCooperativeFetch(0x56310dc25838)]: 0 failure(s)
Postproc #2 [meta_schedule.RewriteUnboundBlock(0x56310dc25d78)]: 0 failure(s)
Postproc #3 [meta_schedule.RewriteParallelVectorizeUnroll(0x56310ecf6c98)]: 0 failure(s)
Postproc #4 [meta_schedule.RewriteReductionBlock(0x56310a4d21c8)]: 0 failure(s)
Postproc #5 [meta_schedule.VerifyGPUCode(0x56310e895ad8)]: 0 failure(s)
Postproc #6 [meta_schedule.RewriteTensorize(0x56310e890388)]: 0 failure(s)
2023-11-11 12:03:28 [INFO] [evolutionary_search.cc:621] Evolve iter #1 done. Summary:
Postproc #0 [meta_schedule.DisallowDynamicLoop(0x56310bac2978)]: 0 failure(s)
Postproc #1 [meta_schedule.RewriteCooperativeFetch(0x56310dc25838)]: 0 failure(s)
Postproc #2 [meta_schedule.RewriteUnboundBlock(0x56310dc25d78)]: 0 failure(s)
Postproc #3 [meta_schedule.RewriteParallelVectorizeUnroll(0x56310ecf6c98)]: 0 failure(s)
Postproc #4 [meta_schedule.RewriteReductionBlock(0x56310a4d21c8)]: 0 failure(s)
Postproc #5 [meta_schedule.VerifyGPUCode(0x56310e895ad8)]: 0 failure(s)
Postproc #6 [meta_schedule.RewriteTensorize(0x56310e890388)]: 0 failure(s)
2023-11-11 12:03:28 [INFO] [evolutionary_search.cc:621] Evolve iter #2 done. Summary:
Postproc #0 [meta_schedule.DisallowDynamicLoop(0x56310bac2978)]: 0 failure(s)
Postproc #1 [meta_schedule.RewriteCooperativeFetch(0x56310dc25838)]: 0 failure(s)
Postproc #2 [meta_schedule.RewriteUnboundBlock(0x56310dc25d78)]: 0 failure(s)
Postproc #3 [meta_schedule.RewriteParallelVectorizeUnroll(0x56310ecf6c98)]: 0 failure(s)
Postproc #4 [meta_schedule.RewriteReductionBlock(0x56310a4d21c8)]: 0 failure(s)
Postproc #5 [meta_schedule.VerifyGPUCode(0x56310e895ad8)]: 0 failure(s)
Postproc #6 [meta_schedule.RewriteTensorize(0x56310e890388)]: 0 failure(s)
2023-11-11 12:03:28 [INFO] [evolutionary_search.cc:621] Evolve iter #3 done. Summary:
Postproc #0 [meta_schedule.DisallowDynamicLoop(0x56310bac2978)]: 0 failure(s)
Postproc #1 [meta_schedule.RewriteCooperativeFetch(0x56310dc25838)]: 0 failure(s)
Postproc #2 [meta_schedule.RewriteUnboundBlock(0x56310dc25d78)]: 0 failure(s)
Postproc #3 [meta_schedule.RewriteParallelVectorizeUnroll(0x56310ecf6c98)]: 0 failure(s)
Postproc #4 [meta_schedule.RewriteReductionBlock(0x56310a4d21c8)]: 0 failure(s)
Postproc #5 [meta_schedule.VerifyGPUCode(0x56310e895ad8)]: 0 failure(s)
Postproc #6 [meta_schedule.RewriteTensorize(0x56310e890388)]: 0 failure(s)
2023-11-11 12:03:29 [INFO] [evolutionary_search.cc:649] Scores of the best 0 candidates:
2023-11-11 12:03:29 [INFO] [evolutionary_search.cc:727] Got 0 candidate(s) with evolutionary search
2023-11-11 12:03:29 [INFO] [evolutionary_search.cc:730] Sending 0 candidates(s) for measurement
2023-11-11 12:10:39 [INFO] [evolutionary_search.cc:713] Generating candidates......
2023-11-11 12:10:40 [INFO] [evolutionary_search.cc:715] Picked top 6 candidate(s) from database
2023-11-11 12:10:40 [INFO] [evolutionary_search.cc:533] Sample-Init-Population summary:
Postproc #0 [meta_schedule.DisallowDynamicLoop(0x56310bac2978)]: 0 failure(s)
Postproc #1 [meta_schedule.RewriteCooperativeFetch(0x56310dc25838)]: 0 failure(s)
Postproc #2 [meta_schedule.RewriteUnboundBlock(0x56310dc25d78)]: 0 failure(s)
Postproc #3 [meta_schedule.RewriteParallelVectorizeUnroll(0x56310ecf6c98)]: 0 failure(s)
Postproc #4 [meta_schedule.RewriteReductionBlock(0x56310a4d21c8)]: 0 failure(s)
Postproc #5 [meta_schedule.VerifyGPUCode(0x56310e895ad8)]: 0 failure(s)
Postproc #6 [meta_schedule.RewriteTensorize(0x56310e890388)]: 0 failure(s)
2023-11-11 12:10:40 [INFO] [evolutionary_search.cc:723] Sampled 506 candidate(s)
2023-11-11 12:10:40 [INFO] [evolutionary_search.cc:621] Evolve iter #0 done. Summary:
Postproc #0 [meta_schedule.DisallowDynamicLoop(0x56310bac2978)]: 0 failure(s)
Postproc #1 [meta_schedule.RewriteCooperativeFetch(0x56310dc25838)]: 0 failure(s)
Postproc #2 [meta_schedule.RewriteUnboundBlock(0x56310dc25d78)]: 0 failure(s)
Postproc #3 [meta_schedule.RewriteParallelVectorizeUnroll(0x56310ecf6c98)]: 0 failure(s)
Postproc #4 [meta_schedule.RewriteReductionBlock(0x56310a4d21c8)]: 0 failure(s)
Postproc #5 [meta_schedule.VerifyGPUCode(0x56310e895ad8)]: 0 failure(s)
Postproc #6 [meta_schedule.RewriteTensorize(0x56310e890388)]: 0 failure(s)
2023-11-11 12:10:41 [INFO] [evolutionary_search.cc:621] Evolve iter #1 done. Summary:
Postproc #0 [meta_schedule.DisallowDynamicLoop(0x56310bac2978)]: 0 failure(s)
Postproc #1 [meta_schedule.RewriteCooperativeFetch(0x56310dc25838)]: 0 failure(s)
Postproc #2 [meta_schedule.RewriteUnboundBlock(0x56310dc25d78)]: 0 failure(s)
Postproc #3 [meta_schedule.RewriteParallelVectorizeUnroll(0x56310ecf6c98)]: 0 failure(s)
Postproc #4 [meta_schedule.RewriteReductionBlock(0x56310a4d21c8)]: 0 failure(s)
Postproc #5 [meta_schedule.VerifyGPUCode(0x56310e895ad8)]: 0 failure(s)
Postproc #6 [meta_schedule.RewriteTensorize(0x56310e890388)]: 0 failure(s)
2023-11-11 12:10:41 [INFO] [evolutionary_search.cc:621] Evolve iter #2 done. Summary:
Postproc #0 [meta_schedule.DisallowDynamicLoop(0x56310bac2978)]: 0 failure(s)
Postproc #1 [meta_schedule.RewriteCooperativeFetch(0x56310dc25838)]: 0 failure(s)
Postproc #2 [meta_schedule.RewriteUnboundBlock(0x56310dc25d78)]: 0 failure(s)
Postproc #3 [meta_schedule.RewriteParallelVectorizeUnroll(0x56310ecf6c98)]: 0 failure(s)
Postproc #4 [meta_schedule.RewriteReductionBlock(0x56310a4d21c8)]: 0 failure(s)
Postproc #5 [meta_schedule.VerifyGPUCode(0x56310e895ad8)]: 0 failure(s)
Postproc #6 [meta_schedule.RewriteTensorize(0x56310e890388)]: 0 failure(s)
2023-11-11 12:10:41 [INFO] [evolutionary_search.cc:621] Evolve iter #3 done. Summary:
Postproc #0 [meta_schedule.DisallowDynamicLoop(0x56310bac2978)]: 0 failure(s)
Postproc #1 [meta_schedule.RewriteCooperativeFetch(0x56310dc25838)]: 0 failure(s)
Postproc #2 [meta_schedule.RewriteUnboundBlock(0x56310dc25d78)]: 0 failure(s)
Postproc #3 [meta_schedule.RewriteParallelVectorizeUnroll(0x56310ecf6c98)]: 0 failure(s)
Postproc #4 [meta_schedule.RewriteReductionBlock(0x56310a4d21c8)]: 0 failure(s)
Postproc #5 [meta_schedule.VerifyGPUCode(0x56310e895ad8)]: 0 failure(s)
Postproc #6 [meta_schedule.RewriteTensorize(0x56310e890388)]: 0 failure(s)
2023-11-11 12:10:42 [INFO] [evolutionary_search.cc:649] Scores of the best 0 candidates:
2023-11-11 12:10:42 [INFO] [evolutionary_search.cc:727] Got 0 candidate(s) with evolutionary search
2023-11-11 12:10:42 [INFO] [evolutionary_search.cc:730] Sending 0 candidates(s) for measurement
