2023-11-10 22:04:25 [INFO] [task_scheduler.cc:160] Initializing Task #11: "fused_nn_conv2d_add_nn_relu_1"
2023-11-10 22:04:25 [INFO] [task_scheduler.cc:35] 
# from tvm.script import ir as I
# from tvm.script import tir as T

@I.ir_module
class Module:
    @T.prim_func
    def main(p0: T.Buffer((T.int64(1), T.int64(64), T.int64(56), T.int64(56)), "float32"), p1: T.Buffer((T.int64(128), T.int64(64), T.int64(3), T.int64(3)), "float32"), p2: T.Buffer((T.int64(1), T.int64(128), T.int64(1), T.int64(1)), "float32"), T_relu: T.Buffer((T.int64(1), T.int64(128), T.int64(28), T.int64(28)), "float32")):
        T.func_attr({"tir.noalias": T.bool(True)})
        # with T.block("root"):
        pad_temp = T.alloc_buffer((T.int64(1), T.int64(64), T.int64(58), T.int64(58)))
        conv2d_nchw = T.alloc_buffer((T.int64(1), T.int64(128), T.int64(28), T.int64(28)))
        T_add = T.alloc_buffer((T.int64(1), T.int64(128), T.int64(28), T.int64(28)))
        for i0, i1, i2, i3 in T.grid(T.int64(1), T.int64(64), T.int64(58), T.int64(58)):
            with T.block("pad_temp"):
                v_i0, v_i1, v_i2, v_i3 = T.axis.remap("SSSS", [i0, i1, i2, i3])
                T.reads(p0[v_i0, v_i1, v_i2 - T.int64(1), v_i3 - T.int64(1)])
                T.writes(pad_temp[v_i0, v_i1, v_i2, v_i3])
                pad_temp[v_i0, v_i1, v_i2, v_i3] = T.if_then_else(T.int64(1) <= v_i2 and v_i2 < T.int64(57) and T.int64(1) <= v_i3 and v_i3 < T.int64(57), p0[v_i0, v_i1, v_i2 - T.int64(1), v_i3 - T.int64(1)], T.float32(0))
        for nn, ff, yy, xx, rc, ry, rx in T.grid(T.int64(1), T.int64(128), T.int64(28), T.int64(28), T.int64(64), T.int64(3), T.int64(3)):
            with T.block("conv2d_nchw"):
                v_nn, v_ff, v_yy, v_xx, v_rc, v_ry, v_rx = T.axis.remap("SSSSRRR", [nn, ff, yy, xx, rc, ry, rx])
                T.reads(pad_temp[v_nn, v_rc, v_yy * T.int64(2) + v_ry, v_xx * T.int64(2) + v_rx], p1[v_ff, v_rc, v_ry, v_rx])
                T.writes(conv2d_nchw[v_nn, v_ff, v_yy, v_xx])
                with T.init():
                    conv2d_nchw[v_nn, v_ff, v_yy, v_xx] = T.float32(0)
                conv2d_nchw[v_nn, v_ff, v_yy, v_xx] = conv2d_nchw[v_nn, v_ff, v_yy, v_xx] + pad_temp[v_nn, v_rc, v_yy * T.int64(2) + v_ry, v_xx * T.int64(2) + v_rx] * p1[v_ff, v_rc, v_ry, v_rx]
        for ax0, ax1, ax2, ax3 in T.grid(T.int64(1), T.int64(128), T.int64(28), T.int64(28)):
            with T.block("T_add"):
                v_ax0, v_ax1, v_ax2, v_ax3 = T.axis.remap("SSSS", [ax0, ax1, ax2, ax3])
                T.reads(conv2d_nchw[v_ax0, v_ax1, v_ax2, v_ax3], p2[v_ax0, v_ax1, T.int64(0), T.int64(0)])
                T.writes(T_add[v_ax0, v_ax1, v_ax2, v_ax3])
                T_add[v_ax0, v_ax1, v_ax2, v_ax3] = conv2d_nchw[v_ax0, v_ax1, v_ax2, v_ax3] + p2[v_ax0, v_ax1, T.int64(0), T.int64(0)]
        for ax0, ax1, ax2, ax3 in T.grid(T.int64(1), T.int64(128), T.int64(28), T.int64(28)):
            with T.block("T_relu"):
                v_ax0, v_ax1, v_ax2, v_ax3 = T.axis.remap("SSSS", [ax0, ax1, ax2, ax3])
                T.reads(T_add[v_ax0, v_ax1, v_ax2, v_ax3])
                T.writes(T_relu[v_ax0, v_ax1, v_ax2, v_ax3])
                T_relu[v_ax0, v_ax1, v_ax2, v_ax3] = T.max(T_add[v_ax0, v_ax1, v_ax2, v_ax3], T.float32(0))
2023-11-10 22:04:25 [INFO] [task_scheduler.cc:164] Total 3 design space(s) generated
2023-11-10 22:04:25 [INFO] [task_scheduler.cc:170] Design space #0:
# from tvm.script import ir as I
# from tvm.script import tir as T

@I.ir_module
class Module:
    @T.prim_func
    def main(p0: T.Buffer((T.int64(1), T.int64(64), T.int64(56), T.int64(56)), "float32"), p1: T.Buffer((T.int64(128), T.int64(64), T.int64(3), T.int64(3)), "float32"), p2: T.Buffer((T.int64(1), T.int64(128), T.int64(1), T.int64(1)), "float32"), T_relu: T.Buffer((T.int64(1), T.int64(128), T.int64(28), T.int64(28)), "float32")):
        T.func_attr({"tir.noalias": T.bool(True)})
        with T.block("root"):
            T.reads()
            T.writes()
            T.block_attr({"meta_schedule.unroll_explicit": 0})
            conv2d_nchw_local = T.alloc_buffer((T.int64(1), T.int64(128), T.int64(28), T.int64(28)), scope="local")
            pad_temp_shared = T.alloc_buffer((T.int64(1), T.int64(64), T.int64(58), T.int64(58)), scope="shared")
            p1_shared = T.alloc_buffer((T.int64(128), T.int64(64), T.int64(3), T.int64(3)), scope="shared")
            for nn_0_ff_0_yy_0_xx_0_fused in T.thread_binding(T.int64(16), thread="blockIdx.x"):
                for nn_1_ff_1_yy_1_xx_1_fused in T.thread_binding(T.int64(1), thread="vthread.x"):
                    for nn_2_ff_2_yy_2_xx_2_fused in T.thread_binding(T.int64(784), thread="threadIdx.x"):
                        for rc_0, ry_0, rx_0 in T.grid(T.int64(1), T.int64(1), T.int64(3)):
                            for ax0_ax1_ax2_ax3_fused in range(T.int64(98496)):
                                with T.block("pad_temp_shared"):
                                    v0 = T.axis.spatial(T.int64(1), T.int64(0))
                                    v1 = T.axis.spatial(T.int64(64), ax0_ax1_ax2_ax3_fused % T.int64(98496) // T.int64(1539))
                                    v2 = T.axis.spatial(T.int64(58), ax0_ax1_ax2_ax3_fused % T.int64(1539) // T.int64(27))
                                    v3 = T.axis.spatial(T.int64(58), nn_0_ff_0_yy_0_xx_0_fused % T.int64(2) * T.int64(28) + rx_0 + ax0_ax1_ax2_ax3_fused % T.int64(27))
                                    T.reads(p0[v0, v1, v2 - T.int64(1), v3 - T.int64(1)])
                                    T.writes(pad_temp_shared[v0, v1, v2, v3])
                                    T.block_attr({"meta_schedule.cooperative_fetch": 1})
                                    pad_temp_shared[v0, v1, v2, v3] = T.if_then_else(T.int64(1) <= v2 and v2 < T.int64(57) and T.int64(1) <= v3 and v3 < T.int64(57), p0[v0, v1, v2 - T.int64(1), v3 - T.int64(1)], T.float32(0))
                            for ax0_ax1_ax2_ax3_fused in range(T.int64(3072)):
                                with T.block("p1_shared"):
                                    v0 = T.axis.spatial(T.int64(128), nn_0_ff_0_yy_0_xx_0_fused // T.int64(2) * T.int64(16) + ax0_ax1_ax2_ax3_fused // T.int64(192))
                                    v1 = T.axis.spatial(T.int64(64), ax0_ax1_ax2_ax3_fused % T.int64(192) // T.int64(3))
                                    v2 = T.axis.spatial(T.int64(3), ax0_ax1_ax2_ax3_fused % T.int64(3))
                                    v3 = T.axis.spatial(T.int64(3), rx_0)
                                    T.reads(p1[v0, v1, v2, v3])
                                    T.writes(p1_shared[v0, v1, v2, v3])
                                    T.block_attr({"meta_schedule.cooperative_fetch": 3})
                                    p1_shared[v0, v1, v2, v3] = p1[v0, v1, v2, v3]
                            for rc_1, ry_1, rx_1, nn_3, ff_3, yy_3, xx_3, rc_2, ry_2, rx_2, nn_4, ff_4, yy_4, xx_4 in T.grid(T.int64(32), T.int64(1), T.int64(1), T.int64(1), T.int64(2), T.int64(2), T.int64(1), T.int64(2), T.int64(3), T.int64(1), T.int64(1), T.int64(1), T.int64(2), T.int64(1)):
                                with T.block("conv2d_nchw"):
                                    v_nn = T.axis.spatial(T.int64(1), nn_3 + nn_4)
                                    v_ff = T.axis.spatial(T.int64(128), nn_0_ff_0_yy_0_xx_0_fused // T.int64(2) * T.int64(16) + nn_2_ff_2_yy_2_xx_2_fused // T.int64(98) * T.int64(2) + ff_3 + ff_4)
                                    v_yy = T.axis.spatial(T.int64(28), nn_2_ff_2_yy_2_xx_2_fused % T.int64(98) // T.int64(14) * T.int64(4) + yy_3 * T.int64(2) + yy_4)
                                    v_xx = T.axis.spatial(T.int64(28), nn_0_ff_0_yy_0_xx_0_fused % T.int64(2) * T.int64(14) + nn_2_ff_2_yy_2_xx_2_fused % T.int64(14) + xx_3 + xx_4)
                                    v_rc = T.axis.reduce(T.int64(64), rc_0 * T.int64(64) + rc_1 * T.int64(2) + rc_2)
                                    v_ry = T.axis.reduce(T.int64(3), ry_0 * T.int64(3) + ry_1 * T.int64(3) + ry_2)
                                    v_rx = T.axis.reduce(T.int64(3), rx_0 + rx_1 + rx_2)
                                    T.reads(pad_temp_shared[v_nn, v_rc, v_yy * T.int64(2) + v_ry, v_xx * T.int64(2) + v_rx], p1_shared[v_ff, v_rc, v_ry, v_rx])
                                    T.writes(conv2d_nchw_local[v_nn, v_ff, v_yy, v_xx])
                                    T.block_attr({"meta_schedule.thread_extent_high_inclusive": 1024, "meta_schedule.thread_extent_low_inclusive": 32, "meta_schedule.tiling_structure": "SSSRRSRS"})
                                    with T.init():
                                        conv2d_nchw_local[v_nn, v_ff, v_yy, v_xx] = T.float32(0)
                                    conv2d_nchw_local[v_nn, v_ff, v_yy, v_xx] = conv2d_nchw_local[v_nn, v_ff, v_yy, v_xx] + pad_temp_shared[v_nn, v_rc, v_yy * T.int64(2) + v_ry, v_xx * T.int64(2) + v_rx] * p1_shared[v_ff, v_rc, v_ry, v_rx]
                        for ax0, ax1, ax2, ax3 in T.grid(T.int64(1), T.int64(2), T.int64(4), T.int64(1)):
                            with T.block("conv2d_nchw_local"):
                                v0 = T.axis.spatial(T.int64(1), ax0)
                                v1 = T.axis.spatial(T.int64(128), nn_0_ff_0_yy_0_xx_0_fused // T.int64(2) * T.int64(16) + nn_2_ff_2_yy_2_xx_2_fused // T.int64(98) * T.int64(2) + ax1)
                                v2 = T.axis.spatial(T.int64(28), nn_2_ff_2_yy_2_xx_2_fused % T.int64(98) // T.int64(14) * T.int64(4) + ax2)
                                v3 = T.axis.spatial(T.int64(28), nn_0_ff_0_yy_0_xx_0_fused % T.int64(2) * T.int64(14) + nn_2_ff_2_yy_2_xx_2_fused % T.int64(14) + ax3)
                                T.reads(conv2d_nchw_local[v0, v1, v2, v3], p2[v0, v1, T.int64(0), T.int64(0)])
                                T.writes(T_relu[v0, v1, v2, v3])
                                T_relu[v0, v1, v2, v3] = T.max(conv2d_nchw_local[v0, v1, v2, v3] + p2[v0, v1, T.int64(0), T.int64(0)], T.float32(0))
b0 = sch.get_block(name="pad_temp", func_name="main")
b1 = sch.get_block(name="conv2d_nchw", func_name="main")
b2 = sch.get_block(name="T_add", func_name="main")
b3 = sch.get_block(name="T_relu", func_name="main")
b4 = sch.get_block(name="root", func_name="main")
sch.annotate(block_or_loop=b1, ann_key="meta_schedule.tiling_structure", ann_val="SSSRRSRS")
l5, l6, l7, l8, l9, l10, l11 = sch.get_loops(block=b1)
v12, v13, v14, v15, v16 = sch.sample_perfect_tile(loop=l5, n=5, max_innermost_factor=64, decision=[1, 1, 1, 1, 1])
l17, l18, l19, l20, l21 = sch.split(loop=l5, factors=[v12, v13, v14, v15, v16], preserve_unit_iters=True)
v22, v23, v24, v25, v26 = sch.sample_perfect_tile(loop=l6, n=5, max_innermost_factor=64, decision=[8, 1, 8, 2, 1])
l27, l28, l29, l30, l31 = sch.split(loop=l6, factors=[v22, v23, v24, v25, v26], preserve_unit_iters=True)
v32, v33, v34, v35, v36 = sch.sample_perfect_tile(loop=l7, n=5, max_innermost_factor=64, decision=[1, 1, 7, 2, 2])
l37, l38, l39, l40, l41 = sch.split(loop=l7, factors=[v32, v33, v34, v35, v36], preserve_unit_iters=True)
v42, v43, v44, v45, v46 = sch.sample_perfect_tile(loop=l8, n=5, max_innermost_factor=64, decision=[2, 1, 14, 1, 1])
l47, l48, l49, l50, l51 = sch.split(loop=l8, factors=[v42, v43, v44, v45, v46], preserve_unit_iters=True)
v52, v53, v54 = sch.sample_perfect_tile(loop=l9, n=3, max_innermost_factor=64, decision=[1, 32, 2])
l55, l56, l57 = sch.split(loop=l9, factors=[v52, v53, v54], preserve_unit_iters=True)
v58, v59, v60 = sch.sample_perfect_tile(loop=l10, n=3, max_innermost_factor=64, decision=[1, 1, 3])
l61, l62, l63 = sch.split(loop=l10, factors=[v58, v59, v60], preserve_unit_iters=True)
v64, v65, v66 = sch.sample_perfect_tile(loop=l11, n=3, max_innermost_factor=64, decision=[3, 1, 1])
l67, l68, l69 = sch.split(loop=l11, factors=[v64, v65, v66], preserve_unit_iters=True)
sch.reorder(l17, l27, l37, l47, l18, l28, l38, l48, l19, l29, l39, l49, l55, l61, l67, l56, l62, l68, l20, l30, l40, l50, l57, l63, l69, l21, l31, l41, l51)
l70 = sch.fuse(l17, l27, l37, l47, preserve_unit_iters=True)
sch.bind(loop=l70, thread_axis="blockIdx.x")
l71 = sch.fuse(l18, l28, l38, l48, preserve_unit_iters=True)
sch.bind(loop=l71, thread_axis="vthread.x")
l72 = sch.fuse(l19, l29, l39, l49, preserve_unit_iters=True)
sch.bind(loop=l72, thread_axis="threadIdx.x")
sch.annotate(block_or_loop=b1, ann_key="meta_schedule.thread_extent_low_inclusive", ann_val=32)
sch.annotate(block_or_loop=b1, ann_key="meta_schedule.thread_extent_high_inclusive", ann_val=1024)
b73 = sch.cache_write(block=b1, write_buffer_index=0, storage_scope="local")
sch.reverse_compute_at(block=b73, loop=l72, preserve_unit_loops=True, index=-1)
b74 = sch.cache_read(block=b1, read_buffer_index=0, storage_scope="shared", consumer_blocks=[b1])
sch.compute_at(block=b74, loop=l67, preserve_unit_loops=True, index=-1)
l75, l76, l77, l78, l79, l80, l81, l82, l83, l84 = sch.get_loops(block=b74)
l85 = sch.fuse(l81, l82, l83, l84, preserve_unit_iters=True)
v86 = sch.sample_categorical(candidates=[1, 2, 3, 4], probs=[0.25, 0.25, 0.25, 0.25], decision=0)
sch.annotate(block_or_loop=b74, ann_key="meta_schedule.cooperative_fetch", ann_val=v86)
b87 = sch.cache_read(block=b1, read_buffer_index=1, storage_scope="shared", consumer_blocks=[b1])
sch.compute_at(block=b87, loop=l67, preserve_unit_loops=True, index=-1)
l88, l89, l90, l91, l92, l93, l94, l95, l96, l97 = sch.get_loops(block=b87)
l98 = sch.fuse(l94, l95, l96, l97, preserve_unit_iters=True)
v99 = sch.sample_categorical(candidates=[1, 2, 3, 4], probs=[0.25, 0.25, 0.25, 0.25], decision=2)
sch.annotate(block_or_loop=b87, ann_key="meta_schedule.cooperative_fetch", ann_val=v99)
sch.reverse_compute_inline(block=b3)
sch.reverse_compute_inline(block=b2)
sch.compute_inline(block=b0)
v100 = sch.sample_categorical(candidates=[0, 16, 64, 512, 1024], probs=[0.20000000000000001, 0.20000000000000001, 0.20000000000000001, 0.20000000000000001, 0.20000000000000001], decision=0)
sch.annotate(block_or_loop=b4, ann_key="meta_schedule.unroll_explicit", ann_val=v100)
2023-11-10 22:04:25 [INFO] [task_scheduler.cc:170] Design space #1:
# from tvm.script import ir as I
# from tvm.script import tir as T

@I.ir_module
class Module:
    @T.prim_func
    def main(p0: T.Buffer((T.int64(1), T.int64(64), T.int64(56), T.int64(56)), "float32"), p1: T.Buffer((T.int64(128), T.int64(64), T.int64(3), T.int64(3)), "float32"), p2: T.Buffer((T.int64(1), T.int64(128), T.int64(1), T.int64(1)), "float32"), T_relu: T.Buffer((T.int64(1), T.int64(128), T.int64(28), T.int64(28)), "float32")):
        T.func_attr({"tir.noalias": T.bool(True)})
        with T.block("root"):
            T.reads()
            T.writes()
            T.block_attr({"meta_schedule.unroll_explicit": 0})
            conv2d_nchw_local = T.alloc_buffer((T.int64(1), T.int64(128), T.int64(28), T.int64(28)), scope="local")
            pad_temp_shared = T.alloc_buffer((T.int64(1), T.int64(64), T.int64(58), T.int64(58)), scope="shared")
            p1_shared = T.alloc_buffer((T.int64(128), T.int64(64), T.int64(3), T.int64(3)), scope="shared")
            for nn_0_ff_0_yy_0_xx_0_fused in T.thread_binding(T.int64(16), thread="blockIdx.x"):
                for nn_1_ff_1_yy_1_xx_1_fused in T.thread_binding(T.int64(1), thread="vthread.x"):
                    for nn_2_ff_2_yy_2_xx_2_fused in T.thread_binding(T.int64(784), thread="threadIdx.x"):
                        for rc_0_ry_0_rx_0_fused in T.serial(T.int64(3), annotations={"software_pipeline_async_stages": [0], "software_pipeline_order": [0, 1, 2], "software_pipeline_stage": [0, 0, 2]}):
                            for ax0_ax1_ax2_ax3_fused in range(T.int64(98496)):
                                with T.block("pad_temp_shared"):
                                    v0 = T.axis.spatial(T.int64(1), T.int64(0))
                                    v1 = T.axis.spatial(T.int64(64), ax0_ax1_ax2_ax3_fused % T.int64(98496) // T.int64(1539))
                                    v2 = T.axis.spatial(T.int64(58), ax0_ax1_ax2_ax3_fused % T.int64(1539) // T.int64(27))
                                    v3 = T.axis.spatial(T.int64(58), nn_0_ff_0_yy_0_xx_0_fused % T.int64(2) * T.int64(28) + rc_0_ry_0_rx_0_fused % T.int64(3) + ax0_ax1_ax2_ax3_fused % T.int64(27))
                                    T.reads(p0[v0, v1, v2 - T.int64(1), v3 - T.int64(1)])
                                    T.writes(pad_temp_shared[v0, v1, v2, v3])
                                    T.block_attr({"meta_schedule.cooperative_fetch": 1})
                                    pad_temp_shared[v0, v1, v2, v3] = T.if_then_else(T.int64(1) <= v2 and v2 < T.int64(57) and T.int64(1) <= v3 and v3 < T.int64(57), p0[v0, v1, v2 - T.int64(1), v3 - T.int64(1)], T.float32(0))
                            for ax0_ax1_ax2_ax3_fused in range(T.int64(3072)):
                                with T.block("p1_shared"):
                                    v0 = T.axis.spatial(T.int64(128), nn_0_ff_0_yy_0_xx_0_fused // T.int64(2) * T.int64(16) + ax0_ax1_ax2_ax3_fused // T.int64(192))
                                    v1 = T.axis.spatial(T.int64(64), ax0_ax1_ax2_ax3_fused % T.int64(192) // T.int64(3))
                                    v2 = T.axis.spatial(T.int64(3), ax0_ax1_ax2_ax3_fused % T.int64(3))
                                    v3 = T.axis.spatial(T.int64(3), rc_0_ry_0_rx_0_fused)
                                    T.reads(p1[v0, v1, v2, v3])
                                    T.writes(p1_shared[v0, v1, v2, v3])
                                    T.block_attr({"meta_schedule.cooperative_fetch": 3})
                                    p1_shared[v0, v1, v2, v3] = p1[v0, v1, v2, v3]
                            for rc_1, ry_1, rx_1, nn_3, ff_3, yy_3, xx_3, rc_2, ry_2, rx_2, nn_4, ff_4, yy_4, xx_4 in T.grid(T.int64(32), T.int64(1), T.int64(1), T.int64(1), T.int64(2), T.int64(2), T.int64(1), T.int64(2), T.int64(3), T.int64(1), T.int64(1), T.int64(1), T.int64(2), T.int64(1)):
                                with T.block("conv2d_nchw"):
                                    v_nn = T.axis.spatial(T.int64(1), nn_3 + nn_4)
                                    v_ff = T.axis.spatial(T.int64(128), nn_0_ff_0_yy_0_xx_0_fused // T.int64(2) * T.int64(16) + nn_2_ff_2_yy_2_xx_2_fused // T.int64(98) * T.int64(2) + ff_3 + ff_4)
                                    v_yy = T.axis.spatial(T.int64(28), nn_2_ff_2_yy_2_xx_2_fused % T.int64(98) // T.int64(14) * T.int64(4) + yy_3 * T.int64(2) + yy_4)
                                    v_xx = T.axis.spatial(T.int64(28), nn_0_ff_0_yy_0_xx_0_fused % T.int64(2) * T.int64(14) + nn_2_ff_2_yy_2_xx_2_fused % T.int64(14) + xx_3 + xx_4)
                                    v_rc = T.axis.reduce(T.int64(64), rc_1 * T.int64(2) + rc_2)
                                    v_ry = T.axis.reduce(T.int64(3), ry_1 * T.int64(3) + ry_2)
                                    v_rx = T.axis.reduce(T.int64(3), rc_0_ry_0_rx_0_fused + rx_1 + rx_2)
                                    T.reads(pad_temp_shared[v_nn, v_rc, v_yy * T.int64(2) + v_ry, v_xx * T.int64(2) + v_rx], p1_shared[v_ff, v_rc, v_ry, v_rx])
                                    T.writes(conv2d_nchw_local[v_nn, v_ff, v_yy, v_xx])
                                    T.block_attr({"meta_schedule.thread_extent_high_inclusive": 1024, "meta_schedule.thread_extent_low_inclusive": 32, "meta_schedule.tiling_structure": "SSSRRSRS"})
                                    with T.init():
                                        conv2d_nchw_local[v_nn, v_ff, v_yy, v_xx] = T.float32(0)
                                    conv2d_nchw_local[v_nn, v_ff, v_yy, v_xx] = conv2d_nchw_local[v_nn, v_ff, v_yy, v_xx] + pad_temp_shared[v_nn, v_rc, v_yy * T.int64(2) + v_ry, v_xx * T.int64(2) + v_rx] * p1_shared[v_ff, v_rc, v_ry, v_rx]
                        for ax0, ax1, ax2, ax3 in T.grid(T.int64(1), T.int64(2), T.int64(4), T.int64(1)):
                            with T.block("conv2d_nchw_local"):
                                v0 = T.axis.spatial(T.int64(1), ax0)
                                v1 = T.axis.spatial(T.int64(128), nn_0_ff_0_yy_0_xx_0_fused // T.int64(2) * T.int64(16) + nn_2_ff_2_yy_2_xx_2_fused // T.int64(98) * T.int64(2) + ax1)
                                v2 = T.axis.spatial(T.int64(28), nn_2_ff_2_yy_2_xx_2_fused % T.int64(98) // T.int64(14) * T.int64(4) + ax2)
                                v3 = T.axis.spatial(T.int64(28), nn_0_ff_0_yy_0_xx_0_fused % T.int64(2) * T.int64(14) + nn_2_ff_2_yy_2_xx_2_fused % T.int64(14) + ax3)
                                T.reads(conv2d_nchw_local[v0, v1, v2, v3], p2[v0, v1, T.int64(0), T.int64(0)])
                                T.writes(T_relu[v0, v1, v2, v3])
                                T_relu[v0, v1, v2, v3] = T.max(conv2d_nchw_local[v0, v1, v2, v3] + p2[v0, v1, T.int64(0), T.int64(0)], T.float32(0))
b0 = sch.get_block(name="pad_temp", func_name="main")
b1 = sch.get_block(name="conv2d_nchw", func_name="main")
b2 = sch.get_block(name="T_add", func_name="main")
b3 = sch.get_block(name="T_relu", func_name="main")
b4 = sch.get_block(name="root", func_name="main")
sch.annotate(block_or_loop=b1, ann_key="meta_schedule.tiling_structure", ann_val="SSSRRSRS")
l5, l6, l7, l8, l9, l10, l11 = sch.get_loops(block=b1)
v12, v13, v14, v15, v16 = sch.sample_perfect_tile(loop=l5, n=5, max_innermost_factor=64, decision=[1, 1, 1, 1, 1])
l17, l18, l19, l20, l21 = sch.split(loop=l5, factors=[v12, v13, v14, v15, v16], preserve_unit_iters=True)
v22, v23, v24, v25, v26 = sch.sample_perfect_tile(loop=l6, n=5, max_innermost_factor=64, decision=[8, 1, 8, 2, 1])
l27, l28, l29, l30, l31 = sch.split(loop=l6, factors=[v22, v23, v24, v25, v26], preserve_unit_iters=True)
v32, v33, v34, v35, v36 = sch.sample_perfect_tile(loop=l7, n=5, max_innermost_factor=64, decision=[1, 1, 7, 2, 2])
l37, l38, l39, l40, l41 = sch.split(loop=l7, factors=[v32, v33, v34, v35, v36], preserve_unit_iters=True)
v42, v43, v44, v45, v46 = sch.sample_perfect_tile(loop=l8, n=5, max_innermost_factor=64, decision=[2, 1, 14, 1, 1])
l47, l48, l49, l50, l51 = sch.split(loop=l8, factors=[v42, v43, v44, v45, v46], preserve_unit_iters=True)
v52, v53, v54 = sch.sample_perfect_tile(loop=l9, n=3, max_innermost_factor=64, decision=[1, 32, 2])
l55, l56, l57 = sch.split(loop=l9, factors=[v52, v53, v54], preserve_unit_iters=True)
v58, v59, v60 = sch.sample_perfect_tile(loop=l10, n=3, max_innermost_factor=64, decision=[1, 1, 3])
l61, l62, l63 = sch.split(loop=l10, factors=[v58, v59, v60], preserve_unit_iters=True)
v64, v65, v66 = sch.sample_perfect_tile(loop=l11, n=3, max_innermost_factor=64, decision=[3, 1, 1])
l67, l68, l69 = sch.split(loop=l11, factors=[v64, v65, v66], preserve_unit_iters=True)
sch.reorder(l17, l27, l37, l47, l18, l28, l38, l48, l19, l29, l39, l49, l55, l61, l67, l56, l62, l68, l20, l30, l40, l50, l57, l63, l69, l21, l31, l41, l51)
l70 = sch.fuse(l17, l27, l37, l47, preserve_unit_iters=True)
sch.bind(loop=l70, thread_axis="blockIdx.x")
l71 = sch.fuse(l18, l28, l38, l48, preserve_unit_iters=True)
sch.bind(loop=l71, thread_axis="vthread.x")
l72 = sch.fuse(l19, l29, l39, l49, preserve_unit_iters=True)
sch.bind(loop=l72, thread_axis="threadIdx.x")
sch.annotate(block_or_loop=b1, ann_key="meta_schedule.thread_extent_low_inclusive", ann_val=32)
sch.annotate(block_or_loop=b1, ann_key="meta_schedule.thread_extent_high_inclusive", ann_val=1024)
b73 = sch.cache_write(block=b1, write_buffer_index=0, storage_scope="local")
sch.reverse_compute_at(block=b73, loop=l72, preserve_unit_loops=True, index=-1)
b74 = sch.cache_read(block=b1, read_buffer_index=0, storage_scope="shared", consumer_blocks=[b1])
sch.compute_at(block=b74, loop=l67, preserve_unit_loops=True, index=-1)
l75, l76, l77, l78, l79, l80, l81, l82, l83, l84 = sch.get_loops(block=b74)
l85 = sch.fuse(l81, l82, l83, l84, preserve_unit_iters=True)
v86 = sch.sample_categorical(candidates=[1, 2, 3, 4], probs=[0.25, 0.25, 0.25, 0.25], decision=0)
sch.annotate(block_or_loop=b74, ann_key="meta_schedule.cooperative_fetch", ann_val=v86)
b87 = sch.cache_read(block=b1, read_buffer_index=1, storage_scope="shared", consumer_blocks=[b1])
sch.compute_at(block=b87, loop=l67, preserve_unit_loops=True, index=-1)
l88, l89, l90, l91, l92, l93, l94, l95, l96, l97 = sch.get_loops(block=b87)
l98 = sch.fuse(l94, l95, l96, l97, preserve_unit_iters=True)
v99 = sch.sample_categorical(candidates=[1, 2, 3, 4], probs=[0.25, 0.25, 0.25, 0.25], decision=2)
sch.annotate(block_or_loop=b87, ann_key="meta_schedule.cooperative_fetch", ann_val=v99)
l100 = sch.fuse(l55, l61, l67, preserve_unit_iters=True)
sch.annotate(block_or_loop=l100, ann_key="software_pipeline_stage", ann_val=[0, 0, 2])
sch.annotate(block_or_loop=l100, ann_key="software_pipeline_order", ann_val=[0, 1, 2])
sch.annotate(block_or_loop=l100, ann_key="software_pipeline_async_stages", ann_val=[0])
sch.reverse_compute_inline(block=b3)
sch.reverse_compute_inline(block=b2)
sch.compute_inline(block=b0)
v101 = sch.sample_categorical(candidates=[0, 16, 64, 512, 1024], probs=[0.20000000000000001, 0.20000000000000001, 0.20000000000000001, 0.20000000000000001, 0.20000000000000001], decision=0)
sch.annotate(block_or_loop=b4, ann_key="meta_schedule.unroll_explicit", ann_val=v101)
2023-11-10 22:04:25 [INFO] [task_scheduler.cc:170] Design space #2:
# from tvm.script import ir as I
# from tvm.script import tir as T

@I.ir_module
class Module:
    @T.prim_func
    def main(p0: T.Buffer((T.int64(1), T.int64(64), T.int64(56), T.int64(56)), "float32"), p1: T.Buffer((T.int64(128), T.int64(64), T.int64(3), T.int64(3)), "float32"), p2: T.Buffer((T.int64(1), T.int64(128), T.int64(1), T.int64(1)), "float32"), T_relu: T.Buffer((T.int64(1), T.int64(128), T.int64(28), T.int64(28)), "float32")):
        T.func_attr({"tir.noalias": T.bool(True)})
        with T.block("root"):
            T.reads()
            T.writes()
            T.block_attr({"meta_schedule.unroll_explicit": 16})
            conv2d_nchw_local = T.alloc_buffer((T.int64(1), T.int64(128), T.int64(28), T.int64(28)), scope="local")
            pad_temp_shared = T.alloc_buffer((T.int64(1), T.int64(64), T.int64(58), T.int64(58)), scope="shared")
            p1_shared = T.alloc_buffer((T.int64(128), T.int64(64), T.int64(3), T.int64(3)), scope="shared")
            for nn_0_ff_0_yy_0_xx_0_fused in T.thread_binding(T.int64(16), thread="blockIdx.x"):
                for nn_1_ff_1_yy_1_xx_1_fused in T.thread_binding(T.int64(1), thread="vthread.x"):
                    for nn_2_ff_2_yy_2_xx_2_fused in T.thread_binding(T.int64(784), thread="threadIdx.x"):
                        for rc_0_ry_0_rx_0_fused in T.serial(T.int64(3), annotations={"software_pipeline_async_stages": [0], "software_pipeline_order": [0, 1, 2], "software_pipeline_stage": [0, 0, 3]}):
                            for ax0_ax1_ax2_ax3_fused in range(T.int64(98496)):
                                with T.block("pad_temp_shared"):
                                    v0 = T.axis.spatial(T.int64(1), T.int64(0))
                                    v1 = T.axis.spatial(T.int64(64), ax0_ax1_ax2_ax3_fused % T.int64(98496) // T.int64(1539))
                                    v2 = T.axis.spatial(T.int64(58), ax0_ax1_ax2_ax3_fused % T.int64(1539) // T.int64(27))
                                    v3 = T.axis.spatial(T.int64(58), nn_0_ff_0_yy_0_xx_0_fused % T.int64(2) * T.int64(28) + rc_0_ry_0_rx_0_fused % T.int64(3) + ax0_ax1_ax2_ax3_fused % T.int64(27))
                                    T.reads(p0[v0, v1, v2 - T.int64(1), v3 - T.int64(1)])
                                    T.writes(pad_temp_shared[v0, v1, v2, v3])
                                    T.block_attr({"meta_schedule.cooperative_fetch": 1})
                                    pad_temp_shared[v0, v1, v2, v3] = T.if_then_else(T.int64(1) <= v2 and v2 < T.int64(57) and T.int64(1) <= v3 and v3 < T.int64(57), p0[v0, v1, v2 - T.int64(1), v3 - T.int64(1)], T.float32(0))
                            for ax0_ax1_ax2_ax3_fused in range(T.int64(3072)):
                                with T.block("p1_shared"):
                                    v0 = T.axis.spatial(T.int64(128), nn_0_ff_0_yy_0_xx_0_fused // T.int64(2) * T.int64(16) + ax0_ax1_ax2_ax3_fused // T.int64(192))
                                    v1 = T.axis.spatial(T.int64(64), ax0_ax1_ax2_ax3_fused % T.int64(192) // T.int64(3))
                                    v2 = T.axis.spatial(T.int64(3), ax0_ax1_ax2_ax3_fused % T.int64(3))
                                    v3 = T.axis.spatial(T.int64(3), rc_0_ry_0_rx_0_fused)
                                    T.reads(p1[v0, v1, v2, v3])
                                    T.writes(p1_shared[v0, v1, v2, v3])
                                    T.block_attr({"meta_schedule.cooperative_fetch": 3})
                                    p1_shared[v0, v1, v2, v3] = p1[v0, v1, v2, v3]
                            for rc_1, ry_1, rx_1, nn_3, ff_3, yy_3, xx_3, rc_2, ry_2, rx_2, nn_4, ff_4, yy_4, xx_4 in T.grid(T.int64(32), T.int64(1), T.int64(1), T.int64(1), T.int64(2), T.int64(2), T.int64(1), T.int64(2), T.int64(3), T.int64(1), T.int64(1), T.int64(1), T.int64(2), T.int64(1)):
                                with T.block("conv2d_nchw"):
                                    v_nn = T.axis.spatial(T.int64(1), nn_3 + nn_4)
                                    v_ff = T.axis.spatial(T.int64(128), nn_0_ff_0_yy_0_xx_0_fused // T.int64(2) * T.int64(16) + nn_2_ff_2_yy_2_xx_2_fused // T.int64(98) * T.int64(2) + ff_3 + ff_4)
                                    v_yy = T.axis.spatial(T.int64(28), nn_2_ff_2_yy_2_xx_2_fused % T.int64(98) // T.int64(14) * T.int64(4) + yy_3 * T.int64(2) + yy_4)
                                    v_xx = T.axis.spatial(T.int64(28), nn_0_ff_0_yy_0_xx_0_fused % T.int64(2) * T.int64(14) + nn_2_ff_2_yy_2_xx_2_fused % T.int64(14) + xx_3 + xx_4)
                                    v_rc = T.axis.reduce(T.int64(64), rc_1 * T.int64(2) + rc_2)
                                    v_ry = T.axis.reduce(T.int64(3), ry_1 * T.int64(3) + ry_2)
                                    v_rx = T.axis.reduce(T.int64(3), rc_0_ry_0_rx_0_fused + rx_1 + rx_2)
                                    T.reads(pad_temp_shared[v_nn, v_rc, v_yy * T.int64(2) + v_ry, v_xx * T.int64(2) + v_rx], p1_shared[v_ff, v_rc, v_ry, v_rx])
                                    T.writes(conv2d_nchw_local[v_nn, v_ff, v_yy, v_xx])
                                    T.block_attr({"meta_schedule.thread_extent_high_inclusive": 1024, "meta_schedule.thread_extent_low_inclusive": 32, "meta_schedule.tiling_structure": "SSSRRSRS"})
                                    with T.init():
                                        conv2d_nchw_local[v_nn, v_ff, v_yy, v_xx] = T.float32(0)
                                    conv2d_nchw_local[v_nn, v_ff, v_yy, v_xx] = conv2d_nchw_local[v_nn, v_ff, v_yy, v_xx] + pad_temp_shared[v_nn, v_rc, v_yy * T.int64(2) + v_ry, v_xx * T.int64(2) + v_rx] * p1_shared[v_ff, v_rc, v_ry, v_rx]
                        for ax0, ax1, ax2, ax3 in T.grid(T.int64(1), T.int64(2), T.int64(4), T.int64(1)):
                            with T.block("conv2d_nchw_local"):
                                v0 = T.axis.spatial(T.int64(1), ax0)
                                v1 = T.axis.spatial(T.int64(128), nn_0_ff_0_yy_0_xx_0_fused // T.int64(2) * T.int64(16) + nn_2_ff_2_yy_2_xx_2_fused // T.int64(98) * T.int64(2) + ax1)
                                v2 = T.axis.spatial(T.int64(28), nn_2_ff_2_yy_2_xx_2_fused % T.int64(98) // T.int64(14) * T.int64(4) + ax2)
                                v3 = T.axis.spatial(T.int64(28), nn_0_ff_0_yy_0_xx_0_fused % T.int64(2) * T.int64(14) + nn_2_ff_2_yy_2_xx_2_fused % T.int64(14) + ax3)
                                T.reads(conv2d_nchw_local[v0, v1, v2, v3], p2[v0, v1, T.int64(0), T.int64(0)])
                                T.writes(T_relu[v0, v1, v2, v3])
                                T_relu[v0, v1, v2, v3] = T.max(conv2d_nchw_local[v0, v1, v2, v3] + p2[v0, v1, T.int64(0), T.int64(0)], T.float32(0))
b0 = sch.get_block(name="pad_temp", func_name="main")
b1 = sch.get_block(name="conv2d_nchw", func_name="main")
b2 = sch.get_block(name="T_add", func_name="main")
b3 = sch.get_block(name="T_relu", func_name="main")
b4 = sch.get_block(name="root", func_name="main")
sch.annotate(block_or_loop=b1, ann_key="meta_schedule.tiling_structure", ann_val="SSSRRSRS")
l5, l6, l7, l8, l9, l10, l11 = sch.get_loops(block=b1)
v12, v13, v14, v15, v16 = sch.sample_perfect_tile(loop=l5, n=5, max_innermost_factor=64, decision=[1, 1, 1, 1, 1])
l17, l18, l19, l20, l21 = sch.split(loop=l5, factors=[v12, v13, v14, v15, v16], preserve_unit_iters=True)
v22, v23, v24, v25, v26 = sch.sample_perfect_tile(loop=l6, n=5, max_innermost_factor=64, decision=[8, 1, 8, 2, 1])
l27, l28, l29, l30, l31 = sch.split(loop=l6, factors=[v22, v23, v24, v25, v26], preserve_unit_iters=True)
v32, v33, v34, v35, v36 = sch.sample_perfect_tile(loop=l7, n=5, max_innermost_factor=64, decision=[1, 1, 7, 2, 2])
l37, l38, l39, l40, l41 = sch.split(loop=l7, factors=[v32, v33, v34, v35, v36], preserve_unit_iters=True)
v42, v43, v44, v45, v46 = sch.sample_perfect_tile(loop=l8, n=5, max_innermost_factor=64, decision=[2, 1, 14, 1, 1])
l47, l48, l49, l50, l51 = sch.split(loop=l8, factors=[v42, v43, v44, v45, v46], preserve_unit_iters=True)
v52, v53, v54 = sch.sample_perfect_tile(loop=l9, n=3, max_innermost_factor=64, decision=[1, 32, 2])
l55, l56, l57 = sch.split(loop=l9, factors=[v52, v53, v54], preserve_unit_iters=True)
v58, v59, v60 = sch.sample_perfect_tile(loop=l10, n=3, max_innermost_factor=64, decision=[1, 1, 3])
l61, l62, l63 = sch.split(loop=l10, factors=[v58, v59, v60], preserve_unit_iters=True)
v64, v65, v66 = sch.sample_perfect_tile(loop=l11, n=3, max_innermost_factor=64, decision=[3, 1, 1])
l67, l68, l69 = sch.split(loop=l11, factors=[v64, v65, v66], preserve_unit_iters=True)
sch.reorder(l17, l27, l37, l47, l18, l28, l38, l48, l19, l29, l39, l49, l55, l61, l67, l56, l62, l68, l20, l30, l40, l50, l57, l63, l69, l21, l31, l41, l51)
l70 = sch.fuse(l17, l27, l37, l47, preserve_unit_iters=True)
sch.bind(loop=l70, thread_axis="blockIdx.x")
l71 = sch.fuse(l18, l28, l38, l48, preserve_unit_iters=True)
sch.bind(loop=l71, thread_axis="vthread.x")
l72 = sch.fuse(l19, l29, l39, l49, preserve_unit_iters=True)
sch.bind(loop=l72, thread_axis="threadIdx.x")
sch.annotate(block_or_loop=b1, ann_key="meta_schedule.thread_extent_low_inclusive", ann_val=32)
sch.annotate(block_or_loop=b1, ann_key="meta_schedule.thread_extent_high_inclusive", ann_val=1024)
b73 = sch.cache_write(block=b1, write_buffer_index=0, storage_scope="local")
sch.reverse_compute_at(block=b73, loop=l72, preserve_unit_loops=True, index=-1)
b74 = sch.cache_read(block=b1, read_buffer_index=0, storage_scope="shared", consumer_blocks=[b1])
sch.compute_at(block=b74, loop=l67, preserve_unit_loops=True, index=-1)
l75, l76, l77, l78, l79, l80, l81, l82, l83, l84 = sch.get_loops(block=b74)
l85 = sch.fuse(l81, l82, l83, l84, preserve_unit_iters=True)
v86 = sch.sample_categorical(candidates=[1, 2, 3, 4], probs=[0.25, 0.25, 0.25, 0.25], decision=0)
sch.annotate(block_or_loop=b74, ann_key="meta_schedule.cooperative_fetch", ann_val=v86)
b87 = sch.cache_read(block=b1, read_buffer_index=1, storage_scope="shared", consumer_blocks=[b1])
sch.compute_at(block=b87, loop=l67, preserve_unit_loops=True, index=-1)
l88, l89, l90, l91, l92, l93, l94, l95, l96, l97 = sch.get_loops(block=b87)
l98 = sch.fuse(l94, l95, l96, l97, preserve_unit_iters=True)
v99 = sch.sample_categorical(candidates=[1, 2, 3, 4], probs=[0.25, 0.25, 0.25, 0.25], decision=2)
sch.annotate(block_or_loop=b87, ann_key="meta_schedule.cooperative_fetch", ann_val=v99)
l100 = sch.fuse(l55, l61, l67, preserve_unit_iters=True)
sch.annotate(block_or_loop=l100, ann_key="software_pipeline_stage", ann_val=[0, 0, 3])
sch.annotate(block_or_loop=l100, ann_key="software_pipeline_order", ann_val=[0, 1, 2])
sch.annotate(block_or_loop=l100, ann_key="software_pipeline_async_stages", ann_val=[0])
sch.reverse_compute_inline(block=b3)
sch.reverse_compute_inline(block=b2)
sch.compute_inline(block=b0)
v101 = sch.sample_categorical(candidates=[0, 16, 64, 512, 1024], probs=[0.20000000000000001, 0.20000000000000001, 0.20000000000000001, 0.20000000000000001, 0.20000000000000001], decision=1)
sch.annotate(block_or_loop=b4, ann_key="meta_schedule.unroll_explicit", ann_val=v101)
2023-11-10 22:14:43 [INFO] [evolutionary_search.cc:713] Generating candidates......
2023-11-10 22:14:43 [INFO] [evolutionary_search.cc:715] Picked top 0 candidate(s) from database
2023-11-10 22:14:46 [INFO] [evolutionary_search.cc:533] Sample-Init-Population summary:
Postproc #0 [meta_schedule.DisallowDynamicLoop(0x55e128c10898)]: 0 failure(s)
Postproc #1 [meta_schedule.RewriteCooperativeFetch(0x55e12c6974b8)]: 0 failure(s)
Postproc #2 [meta_schedule.RewriteUnboundBlock(0x55e12bbb3c88)]: 0 failure(s)
Postproc #3 [meta_schedule.RewriteParallelVectorizeUnroll(0x55e12d5182e8)]: 0 failure(s)
Postproc #4 [meta_schedule.RewriteReductionBlock(0x55e12ae84418)]: 0 failure(s)
Postproc #5 [meta_schedule.VerifyGPUCode(0x55e12b74dad8)]: 490 failure(s)
Postproc #6 [meta_schedule.RewriteTensorize(0x55e12bb3a6f8)]: 0 failure(s)
2023-11-10 22:14:49 [INFO] [evolutionary_search.cc:533] Sample-Init-Population summary:
Postproc #0 [meta_schedule.DisallowDynamicLoop(0x55e128c10898)]: 0 failure(s)
Postproc #1 [meta_schedule.RewriteCooperativeFetch(0x55e12c6974b8)]: 0 failure(s)
Postproc #2 [meta_schedule.RewriteUnboundBlock(0x55e12bbb3c88)]: 0 failure(s)
Postproc #3 [meta_schedule.RewriteParallelVectorizeUnroll(0x55e12d5182e8)]: 0 failure(s)
Postproc #4 [meta_schedule.RewriteReductionBlock(0x55e12ae84418)]: 0 failure(s)
Postproc #5 [meta_schedule.VerifyGPUCode(0x55e12b74dad8)]: 987 failure(s)
Postproc #6 [meta_schedule.RewriteTensorize(0x55e12bb3a6f8)]: 0 failure(s)
2023-11-10 22:14:52 [INFO] [evolutionary_search.cc:533] Sample-Init-Population summary:
Postproc #0 [meta_schedule.DisallowDynamicLoop(0x55e128c10898)]: 0 failure(s)
Postproc #1 [meta_schedule.RewriteCooperativeFetch(0x55e12c6974b8)]: 0 failure(s)
Postproc #2 [meta_schedule.RewriteUnboundBlock(0x55e12bbb3c88)]: 0 failure(s)
Postproc #3 [meta_schedule.RewriteParallelVectorizeUnroll(0x55e12d5182e8)]: 0 failure(s)
Postproc #4 [meta_schedule.RewriteReductionBlock(0x55e12ae84418)]: 0 failure(s)
Postproc #5 [meta_schedule.VerifyGPUCode(0x55e12b74dad8)]: 1478 failure(s)
Postproc #6 [meta_schedule.RewriteTensorize(0x55e12bb3a6f8)]: 0 failure(s)
2023-11-10 22:14:52 [INFO] [evolutionary_search.cc:723] Sampled 58 candidate(s)
2023-11-10 22:14:59 [INFO] [evolutionary_search.cc:621] Evolve iter #0 done. Summary:
Postproc #0 [meta_schedule.DisallowDynamicLoop(0x55e128c10898)]: 0 failure(s)
Postproc #1 [meta_schedule.RewriteCooperativeFetch(0x55e12c6974b8)]: 0 failure(s)
Postproc #2 [meta_schedule.RewriteUnboundBlock(0x55e12bbb3c88)]: 0 failure(s)
Postproc #3 [meta_schedule.RewriteParallelVectorizeUnroll(0x55e12d5182e8)]: 0 failure(s)
Postproc #4 [meta_schedule.RewriteReductionBlock(0x55e12ae84418)]: 0 failure(s)
Postproc #5 [meta_schedule.VerifyGPUCode(0x55e12b74dad8)]: 93 failure(s)
Postproc #6 [meta_schedule.RewriteTensorize(0x55e12bb3a6f8)]: 0 failure(s)
2023-11-10 22:15:05 [INFO] [evolutionary_search.cc:621] Evolve iter #1 done. Summary:
Postproc #0 [meta_schedule.DisallowDynamicLoop(0x55e128c10898)]: 0 failure(s)
Postproc #1 [meta_schedule.RewriteCooperativeFetch(0x55e12c6974b8)]: 0 failure(s)
Postproc #2 [meta_schedule.RewriteUnboundBlock(0x55e12bbb3c88)]: 0 failure(s)
Postproc #3 [meta_schedule.RewriteParallelVectorizeUnroll(0x55e12d5182e8)]: 0 failure(s)
Postproc #4 [meta_schedule.RewriteReductionBlock(0x55e12ae84418)]: 0 failure(s)
Postproc #5 [meta_schedule.VerifyGPUCode(0x55e12b74dad8)]: 92 failure(s)
Postproc #6 [meta_schedule.RewriteTensorize(0x55e12bb3a6f8)]: 0 failure(s)
2023-11-10 22:15:11 [INFO] [evolutionary_search.cc:621] Evolve iter #2 done. Summary:
Postproc #0 [meta_schedule.DisallowDynamicLoop(0x55e128c10898)]: 0 failure(s)
Postproc #1 [meta_schedule.RewriteCooperativeFetch(0x55e12c6974b8)]: 0 failure(s)
Postproc #2 [meta_schedule.RewriteUnboundBlock(0x55e12bbb3c88)]: 0 failure(s)
Postproc #3 [meta_schedule.RewriteParallelVectorizeUnroll(0x55e12d5182e8)]: 0 failure(s)
Postproc #4 [meta_schedule.RewriteReductionBlock(0x55e12ae84418)]: 0 failure(s)
Postproc #5 [meta_schedule.VerifyGPUCode(0x55e12b74dad8)]: 79 failure(s)
Postproc #6 [meta_schedule.RewriteTensorize(0x55e12bb3a6f8)]: 0 failure(s)
2023-11-10 22:15:17 [INFO] [evolutionary_search.cc:621] Evolve iter #3 done. Summary:
Postproc #0 [meta_schedule.DisallowDynamicLoop(0x55e128c10898)]: 0 failure(s)
Postproc #1 [meta_schedule.RewriteCooperativeFetch(0x55e12c6974b8)]: 0 failure(s)
Postproc #2 [meta_schedule.RewriteUnboundBlock(0x55e12bbb3c88)]: 0 failure(s)
Postproc #3 [meta_schedule.RewriteParallelVectorizeUnroll(0x55e12d5182e8)]: 0 failure(s)
Postproc #4 [meta_schedule.RewriteReductionBlock(0x55e12ae84418)]: 0 failure(s)
Postproc #5 [meta_schedule.VerifyGPUCode(0x55e12b74dad8)]: 78 failure(s)
Postproc #6 [meta_schedule.RewriteTensorize(0x55e12bb3a6f8)]: 0 failure(s)
2023-11-10 22:15:17 [INFO] [evolutionary_search.cc:649] Scores of the best 2 candidates:
[1 : 2]:	0.9999  0.9996
2023-11-10 22:15:17 [INFO] [evolutionary_search.cc:727] Got 2 candidate(s) with evolutionary search
2023-11-10 22:15:17 [INFO] [evolutionary_search.cc:730] Sending 2 candidates(s) for measurement
2023-11-10 22:32:10 [INFO] [task_scheduler.cc:131] [Task #11: fused_nn_conv2d_add_nn_relu_1] Trial #1: GFLOPs: 685.6301. Time: 168.9048 us. Best GFLOPs: 685.6301
2023-11-10 22:32:10 [INFO] [task_scheduler.cc:131] [Task #11: fused_nn_conv2d_add_nn_relu_1] Trial #2: GFLOPs: 462.9607. Time: 250.1426 us. Best GFLOPs: 685.6301
