2023-11-10 22:04:30 [INFO] [task_scheduler.cc:160] Initializing Task #23: "fused_add_nn_relu_3"
2023-11-10 22:04:30 [INFO] [task_scheduler.cc:35] 
# from tvm.script import ir as I
# from tvm.script import tir as T

@I.ir_module
class Module:
    @T.prim_func
    def main(p0: T.Buffer((T.int64(1), T.int64(512), T.int64(7), T.int64(7)), "float32"), p1: T.Buffer((T.int64(1), T.int64(512), T.int64(1), T.int64(1)), "float32"), T_relu: T.Buffer((T.int64(1), T.int64(512), T.int64(7), T.int64(7)), "float32")):
        T.func_attr({"tir.noalias": T.bool(True)})
        # with T.block("root"):
        T_add = T.alloc_buffer((T.int64(1), T.int64(512), T.int64(7), T.int64(7)))
        for ax0, ax1, ax2, ax3 in T.grid(T.int64(1), T.int64(512), T.int64(7), T.int64(7)):
            with T.block("T_add"):
                v_ax0, v_ax1, v_ax2, v_ax3 = T.axis.remap("SSSS", [ax0, ax1, ax2, ax3])
                T.reads(p0[v_ax0, v_ax1, v_ax2, v_ax3], p1[v_ax0, v_ax1, T.int64(0), T.int64(0)])
                T.writes(T_add[v_ax0, v_ax1, v_ax2, v_ax3])
                T_add[v_ax0, v_ax1, v_ax2, v_ax3] = p0[v_ax0, v_ax1, v_ax2, v_ax3] + p1[v_ax0, v_ax1, T.int64(0), T.int64(0)]
        for ax0, ax1, ax2, ax3 in T.grid(T.int64(1), T.int64(512), T.int64(7), T.int64(7)):
            with T.block("T_relu"):
                v_ax0, v_ax1, v_ax2, v_ax3 = T.axis.remap("SSSS", [ax0, ax1, ax2, ax3])
                T.reads(T_add[v_ax0, v_ax1, v_ax2, v_ax3])
                T.writes(T_relu[v_ax0, v_ax1, v_ax2, v_ax3])
                T_relu[v_ax0, v_ax1, v_ax2, v_ax3] = T.max(T_add[v_ax0, v_ax1, v_ax2, v_ax3], T.float32(0))
2023-11-10 22:04:30 [INFO] [task_scheduler.cc:164] Total 1 design space(s) generated
2023-11-10 22:04:30 [INFO] [task_scheduler.cc:170] Design space #0:
# from tvm.script import ir as I
# from tvm.script import tir as T

@I.ir_module
class Module:
    @T.prim_func
    def main(p0: T.Buffer((T.int64(1), T.int64(512), T.int64(7), T.int64(7)), "float32"), p1: T.Buffer((T.int64(1), T.int64(512), T.int64(1), T.int64(1)), "float32"), T_relu: T.Buffer((T.int64(1), T.int64(512), T.int64(7), T.int64(7)), "float32")):
        T.func_attr({"tir.noalias": T.bool(True)})
        # with T.block("root"):
        for ax0_ax1_ax2_ax3_fused_0 in T.thread_binding(T.int64(784), thread="blockIdx.x"):
            for ax0_ax1_ax2_ax3_fused_1 in T.thread_binding(T.int64(32), thread="threadIdx.x"):
                with T.block("T_add"):
                    v_ax0 = T.axis.spatial(T.int64(1), T.int64(0))
                    v_ax1 = T.axis.spatial(T.int64(512), (ax0_ax1_ax2_ax3_fused_0 * T.int64(32) + ax0_ax1_ax2_ax3_fused_1) // T.int64(49))
                    v_ax2 = T.axis.spatial(T.int64(7), (ax0_ax1_ax2_ax3_fused_0 * T.int64(32) + ax0_ax1_ax2_ax3_fused_1) % T.int64(49) // T.int64(7))
                    v_ax3 = T.axis.spatial(T.int64(7), (ax0_ax1_ax2_ax3_fused_0 * T.int64(32) + ax0_ax1_ax2_ax3_fused_1) % T.int64(7))
                    T.reads(p0[v_ax0, v_ax1, v_ax2, v_ax3], p1[v_ax0, v_ax1, T.int64(0), T.int64(0)])
                    T.writes(T_relu[v_ax0, v_ax1, v_ax2, v_ax3])
                    T_relu[v_ax0, v_ax1, v_ax2, v_ax3] = T.max(p0[v_ax0, v_ax1, v_ax2, v_ax3] + p1[v_ax0, v_ax1, T.int64(0), T.int64(0)], T.float32(0))
b0 = sch.get_block(name="T_add", func_name="main")
b1 = sch.get_block(name="T_relu", func_name="main")
sch.reverse_compute_inline(block=b1)
l2, l3, l4, l5 = sch.get_loops(block=b0)
l6 = sch.fuse(l2, l3, l4, l5, preserve_unit_iters=True)
v7 = sch.sample_categorical(candidates=[32, 64, 128, 256, 512, 1024], probs=[0.16666666666666666, 0.16666666666666666, 0.16666666666666666, 0.16666666666666666, 0.16666666666666666, 0.16666666666666666], decision=0)
l8, l9 = sch.split(loop=l6, factors=[None, v7], preserve_unit_iters=True)
sch.bind(loop=l8, thread_axis="blockIdx.x")
sch.bind(loop=l9, thread_axis="threadIdx.x")
2023-11-10 22:28:35 [INFO] [evolutionary_search.cc:713] Generating candidates......
2023-11-10 22:28:35 [INFO] [evolutionary_search.cc:715] Picked top 0 candidate(s) from database
2023-11-10 22:28:36 [INFO] [evolutionary_search.cc:533] Sample-Init-Population summary:
Postproc #0 [meta_schedule.DisallowDynamicLoop(0x55e127472bb8)]: 0 failure(s)
Postproc #1 [meta_schedule.RewriteCooperativeFetch(0x55e12be7ad58)]: 0 failure(s)
Postproc #2 [meta_schedule.RewriteUnboundBlock(0x55e12c697a48)]: 0 failure(s)
Postproc #3 [meta_schedule.RewriteParallelVectorizeUnroll(0x55e12d56a858)]: 0 failure(s)
Postproc #4 [meta_schedule.RewriteReductionBlock(0x55e12b0635a8)]: 0 failure(s)
Postproc #5 [meta_schedule.VerifyGPUCode(0x55e12bb2bbd8)]: 0 failure(s)
Postproc #6 [meta_schedule.RewriteTensorize(0x55e12c697ee8)]: 0 failure(s)
2023-11-10 22:28:36 [INFO] [evolutionary_search.cc:723] Sampled 512 candidate(s)
2023-11-10 22:28:36 [INFO] [evolutionary_search.cc:621] Evolve iter #0 done. Summary:
Postproc #0 [meta_schedule.DisallowDynamicLoop(0x55e127472bb8)]: 0 failure(s)
Postproc #1 [meta_schedule.RewriteCooperativeFetch(0x55e12be7ad58)]: 0 failure(s)
Postproc #2 [meta_schedule.RewriteUnboundBlock(0x55e12c697a48)]: 0 failure(s)
Postproc #3 [meta_schedule.RewriteParallelVectorizeUnroll(0x55e12d56a858)]: 0 failure(s)
Postproc #4 [meta_schedule.RewriteReductionBlock(0x55e12b0635a8)]: 0 failure(s)
Postproc #5 [meta_schedule.VerifyGPUCode(0x55e12bb2bbd8)]: 0 failure(s)
Postproc #6 [meta_schedule.RewriteTensorize(0x55e12c697ee8)]: 0 failure(s)
2023-11-10 22:28:36 [INFO] [evolutionary_search.cc:621] Evolve iter #1 done. Summary:
Postproc #0 [meta_schedule.DisallowDynamicLoop(0x55e127472bb8)]: 0 failure(s)
Postproc #1 [meta_schedule.RewriteCooperativeFetch(0x55e12be7ad58)]: 0 failure(s)
Postproc #2 [meta_schedule.RewriteUnboundBlock(0x55e12c697a48)]: 0 failure(s)
Postproc #3 [meta_schedule.RewriteParallelVectorizeUnroll(0x55e12d56a858)]: 0 failure(s)
Postproc #4 [meta_schedule.RewriteReductionBlock(0x55e12b0635a8)]: 0 failure(s)
Postproc #5 [meta_schedule.VerifyGPUCode(0x55e12bb2bbd8)]: 0 failure(s)
Postproc #6 [meta_schedule.RewriteTensorize(0x55e12c697ee8)]: 0 failure(s)
2023-11-10 22:28:36 [INFO] [evolutionary_search.cc:621] Evolve iter #2 done. Summary:
Postproc #0 [meta_schedule.DisallowDynamicLoop(0x55e127472bb8)]: 0 failure(s)
Postproc #1 [meta_schedule.RewriteCooperativeFetch(0x55e12be7ad58)]: 0 failure(s)
Postproc #2 [meta_schedule.RewriteUnboundBlock(0x55e12c697a48)]: 0 failure(s)
Postproc #3 [meta_schedule.RewriteParallelVectorizeUnroll(0x55e12d56a858)]: 0 failure(s)
Postproc #4 [meta_schedule.RewriteReductionBlock(0x55e12b0635a8)]: 0 failure(s)
Postproc #5 [meta_schedule.VerifyGPUCode(0x55e12bb2bbd8)]: 0 failure(s)
Postproc #6 [meta_schedule.RewriteTensorize(0x55e12c697ee8)]: 0 failure(s)
2023-11-10 22:28:36 [INFO] [evolutionary_search.cc:621] Evolve iter #3 done. Summary:
Postproc #0 [meta_schedule.DisallowDynamicLoop(0x55e127472bb8)]: 0 failure(s)
Postproc #1 [meta_schedule.RewriteCooperativeFetch(0x55e12be7ad58)]: 0 failure(s)
Postproc #2 [meta_schedule.RewriteUnboundBlock(0x55e12c697a48)]: 0 failure(s)
Postproc #3 [meta_schedule.RewriteParallelVectorizeUnroll(0x55e12d56a858)]: 0 failure(s)
Postproc #4 [meta_schedule.RewriteReductionBlock(0x55e12b0635a8)]: 0 failure(s)
Postproc #5 [meta_schedule.VerifyGPUCode(0x55e12bb2bbd8)]: 0 failure(s)
Postproc #6 [meta_schedule.RewriteTensorize(0x55e12c697ee8)]: 0 failure(s)
2023-11-10 22:28:36 [INFO] [evolutionary_search.cc:649] Scores of the best 2 candidates:
[1 : 2]:	0.6909  0.4996
2023-11-10 22:28:36 [INFO] [evolutionary_search.cc:727] Got 2 candidate(s) with evolutionary search
2023-11-10 22:28:36 [INFO] [evolutionary_search.cc:730] Sending 2 candidates(s) for measurement
2023-11-10 22:32:11 [INFO] [task_scheduler.cc:131] [Task #23: fused_add_nn_relu_3] Trial #1: GFLOPs: 17.8186. Time: 2.8159 us. Best GFLOPs: 17.8186
2023-11-10 22:32:11 [INFO] [task_scheduler.cc:131] [Task #23: fused_add_nn_relu_3] Trial #2: GFLOPs: 16.4319. Time: 3.0536 us. Best GFLOPs: 17.8186
