2023-11-10 22:04:29 [INFO] [task_scheduler.cc:160] Initializing Task #21: "fused_nn_conv2d_add_nn_relu_3"
2023-11-10 22:04:29 [INFO] [task_scheduler.cc:35] 
# from tvm.script import ir as I
# from tvm.script import tir as T

@I.ir_module
class Module:
    @T.prim_func
    def main(p0: T.Buffer((T.int64(1), T.int64(256), T.int64(14), T.int64(14)), "float32"), p1: T.Buffer((T.int64(512), T.int64(256), T.int64(3), T.int64(3)), "float32"), p2: T.Buffer((T.int64(1), T.int64(512), T.int64(1), T.int64(1)), "float32"), T_relu: T.Buffer((T.int64(1), T.int64(512), T.int64(7), T.int64(7)), "float32")):
        T.func_attr({"tir.noalias": T.bool(True)})
        # with T.block("root"):
        pad_temp = T.alloc_buffer((T.int64(1), T.int64(256), T.int64(16), T.int64(16)))
        conv2d_nchw = T.alloc_buffer((T.int64(1), T.int64(512), T.int64(7), T.int64(7)))
        T_add = T.alloc_buffer((T.int64(1), T.int64(512), T.int64(7), T.int64(7)))
        for i0, i1, i2, i3 in T.grid(T.int64(1), T.int64(256), T.int64(16), T.int64(16)):
            with T.block("pad_temp"):
                v_i0, v_i1, v_i2, v_i3 = T.axis.remap("SSSS", [i0, i1, i2, i3])
                T.reads(p0[v_i0, v_i1, v_i2 - T.int64(1), v_i3 - T.int64(1)])
                T.writes(pad_temp[v_i0, v_i1, v_i2, v_i3])
                pad_temp[v_i0, v_i1, v_i2, v_i3] = T.if_then_else(T.int64(1) <= v_i2 and v_i2 < T.int64(15) and T.int64(1) <= v_i3 and v_i3 < T.int64(15), p0[v_i0, v_i1, v_i2 - T.int64(1), v_i3 - T.int64(1)], T.float32(0))
        for nn, ff, yy, xx, rc, ry, rx in T.grid(T.int64(1), T.int64(512), T.int64(7), T.int64(7), T.int64(256), T.int64(3), T.int64(3)):
            with T.block("conv2d_nchw"):
                v_nn, v_ff, v_yy, v_xx, v_rc, v_ry, v_rx = T.axis.remap("SSSSRRR", [nn, ff, yy, xx, rc, ry, rx])
                T.reads(pad_temp[v_nn, v_rc, v_yy * T.int64(2) + v_ry, v_xx * T.int64(2) + v_rx], p1[v_ff, v_rc, v_ry, v_rx])
                T.writes(conv2d_nchw[v_nn, v_ff, v_yy, v_xx])
                with T.init():
                    conv2d_nchw[v_nn, v_ff, v_yy, v_xx] = T.float32(0)
                conv2d_nchw[v_nn, v_ff, v_yy, v_xx] = conv2d_nchw[v_nn, v_ff, v_yy, v_xx] + pad_temp[v_nn, v_rc, v_yy * T.int64(2) + v_ry, v_xx * T.int64(2) + v_rx] * p1[v_ff, v_rc, v_ry, v_rx]
        for ax0, ax1, ax2, ax3 in T.grid(T.int64(1), T.int64(512), T.int64(7), T.int64(7)):
            with T.block("T_add"):
                v_ax0, v_ax1, v_ax2, v_ax3 = T.axis.remap("SSSS", [ax0, ax1, ax2, ax3])
                T.reads(conv2d_nchw[v_ax0, v_ax1, v_ax2, v_ax3], p2[v_ax0, v_ax1, T.int64(0), T.int64(0)])
                T.writes(T_add[v_ax0, v_ax1, v_ax2, v_ax3])
                T_add[v_ax0, v_ax1, v_ax2, v_ax3] = conv2d_nchw[v_ax0, v_ax1, v_ax2, v_ax3] + p2[v_ax0, v_ax1, T.int64(0), T.int64(0)]
        for ax0, ax1, ax2, ax3 in T.grid(T.int64(1), T.int64(512), T.int64(7), T.int64(7)):
            with T.block("T_relu"):
                v_ax0, v_ax1, v_ax2, v_ax3 = T.axis.remap("SSSS", [ax0, ax1, ax2, ax3])
                T.reads(T_add[v_ax0, v_ax1, v_ax2, v_ax3])
                T.writes(T_relu[v_ax0, v_ax1, v_ax2, v_ax3])
                T_relu[v_ax0, v_ax1, v_ax2, v_ax3] = T.max(T_add[v_ax0, v_ax1, v_ax2, v_ax3], T.float32(0))
2023-11-10 22:04:29 [INFO] [task_scheduler.cc:164] Total 3 design space(s) generated
2023-11-10 22:04:29 [INFO] [task_scheduler.cc:170] Design space #0:
# from tvm.script import ir as I
# from tvm.script import tir as T

@I.ir_module
class Module:
    @T.prim_func
    def main(p0: T.Buffer((T.int64(1), T.int64(256), T.int64(14), T.int64(14)), "float32"), p1: T.Buffer((T.int64(512), T.int64(256), T.int64(3), T.int64(3)), "float32"), p2: T.Buffer((T.int64(1), T.int64(512), T.int64(1), T.int64(1)), "float32"), T_relu: T.Buffer((T.int64(1), T.int64(512), T.int64(7), T.int64(7)), "float32")):
        T.func_attr({"tir.noalias": T.bool(True)})
        with T.block("root"):
            T.reads()
            T.writes()
            T.block_attr({"meta_schedule.unroll_explicit": 0})
            conv2d_nchw_local = T.alloc_buffer((T.int64(1), T.int64(512), T.int64(7), T.int64(7)), scope="local")
            pad_temp_shared = T.alloc_buffer((T.int64(1), T.int64(256), T.int64(16), T.int64(16)), scope="shared")
            p1_shared = T.alloc_buffer((T.int64(512), T.int64(256), T.int64(3), T.int64(3)), scope="shared")
            for nn_0_ff_0_yy_0_xx_0_fused in T.thread_binding(T.int64(896), thread="blockIdx.x"):
                for nn_1_ff_1_yy_1_xx_1_fused in T.thread_binding(T.int64(1), thread="vthread.x"):
                    for nn_2_ff_2_yy_2_xx_2_fused in T.thread_binding(T.int64(28), thread="threadIdx.x"):
                        for rc_0, ry_0, rx_0 in T.grid(T.int64(1), T.int64(1), T.int64(1)):
                            for ax0_ax1_ax2_ax3_fused in range(T.int64(11520)):
                                with T.block("pad_temp_shared"):
                                    v0 = T.axis.spatial(T.int64(1), T.int64(0))
                                    v1 = T.axis.spatial(T.int64(256), ax0_ax1_ax2_ax3_fused // T.int64(45))
                                    v2 = T.axis.spatial(T.int64(16), nn_0_ff_0_yy_0_xx_0_fused % T.int64(7) * T.int64(2) + ax0_ax1_ax2_ax3_fused % T.int64(45) // T.int64(15))
                                    v3 = T.axis.spatial(T.int64(16), ax0_ax1_ax2_ax3_fused % T.int64(15))
                                    T.reads(p0[v0, v1, v2 - T.int64(1), v3 - T.int64(1)])
                                    T.writes(pad_temp_shared[v0, v1, v2, v3])
                                    T.block_attr({"meta_schedule.cooperative_fetch": 4})
                                    pad_temp_shared[v0, v1, v2, v3] = T.if_then_else(T.int64(1) <= v2 and v2 < T.int64(15) and T.int64(1) <= v3 and v3 < T.int64(15), p0[v0, v1, v2 - T.int64(1), v3 - T.int64(1)], T.float32(0))
                            for ax0_ax1_ax2_ax3_fused in range(T.int64(9216)):
                                with T.block("p1_shared"):
                                    v0 = T.axis.spatial(T.int64(512), nn_0_ff_0_yy_0_xx_0_fused // T.int64(7) * T.int64(4) + ax0_ax1_ax2_ax3_fused // T.int64(2304))
                                    v1 = T.axis.spatial(T.int64(256), ax0_ax1_ax2_ax3_fused % T.int64(2304) // T.int64(9))
                                    v2 = T.axis.spatial(T.int64(3), ax0_ax1_ax2_ax3_fused % T.int64(9) // T.int64(3))
                                    v3 = T.axis.spatial(T.int64(3), ax0_ax1_ax2_ax3_fused % T.int64(3))
                                    T.reads(p1[v0, v1, v2, v3])
                                    T.writes(p1_shared[v0, v1, v2, v3])
                                    T.block_attr({"meta_schedule.cooperative_fetch": 1})
                                    p1_shared[v0, v1, v2, v3] = p1[v0, v1, v2, v3]
                            for rc_1, ry_1, rx_1, nn_3, ff_3, yy_3, xx_3, rc_2, ry_2, rx_2, nn_4, ff_4, yy_4, xx_4 in T.grid(T.int64(16), T.int64(1), T.int64(3), T.int64(1), T.int64(1), T.int64(1), T.int64(1), T.int64(16), T.int64(3), T.int64(1), T.int64(1), T.int64(1), T.int64(1), T.int64(1)):
                                with T.block("conv2d_nchw"):
                                    v_nn = T.axis.spatial(T.int64(1), nn_3 + nn_4)
                                    v_ff = T.axis.spatial(T.int64(512), nn_0_ff_0_yy_0_xx_0_fused // T.int64(7) * T.int64(4) + nn_2_ff_2_yy_2_xx_2_fused // T.int64(7) + ff_3 + ff_4)
                                    v_yy = T.axis.spatial(T.int64(7), nn_0_ff_0_yy_0_xx_0_fused % T.int64(7) + yy_3 + yy_4)
                                    v_xx = T.axis.spatial(T.int64(7), nn_2_ff_2_yy_2_xx_2_fused % T.int64(7) + xx_3 + xx_4)
                                    v_rc = T.axis.reduce(T.int64(256), rc_0 * T.int64(256) + rc_1 * T.int64(16) + rc_2)
                                    v_ry = T.axis.reduce(T.int64(3), ry_0 * T.int64(3) + ry_1 * T.int64(3) + ry_2)
                                    v_rx = T.axis.reduce(T.int64(3), rx_0 * T.int64(3) + rx_1 + rx_2)
                                    T.reads(pad_temp_shared[v_nn, v_rc, v_yy * T.int64(2) + v_ry, v_xx * T.int64(2) + v_rx], p1_shared[v_ff, v_rc, v_ry, v_rx])
                                    T.writes(conv2d_nchw_local[v_nn, v_ff, v_yy, v_xx])
                                    T.block_attr({"meta_schedule.thread_extent_high_inclusive": 1024, "meta_schedule.thread_extent_low_inclusive": 32, "meta_schedule.tiling_structure": "SSSRRSRS"})
                                    with T.init():
                                        conv2d_nchw_local[v_nn, v_ff, v_yy, v_xx] = T.float32(0)
                                    conv2d_nchw_local[v_nn, v_ff, v_yy, v_xx] = conv2d_nchw_local[v_nn, v_ff, v_yy, v_xx] + pad_temp_shared[v_nn, v_rc, v_yy * T.int64(2) + v_ry, v_xx * T.int64(2) + v_rx] * p1_shared[v_ff, v_rc, v_ry, v_rx]
                        for ax0, ax1, ax2, ax3 in T.grid(T.int64(1), T.int64(1), T.int64(1), T.int64(1)):
                            with T.block("conv2d_nchw_local"):
                                v0 = T.axis.spatial(T.int64(1), ax0)
                                v1 = T.axis.spatial(T.int64(512), nn_0_ff_0_yy_0_xx_0_fused // T.int64(7) * T.int64(4) + nn_2_ff_2_yy_2_xx_2_fused // T.int64(7) + ax1)
                                v2 = T.axis.spatial(T.int64(7), nn_0_ff_0_yy_0_xx_0_fused % T.int64(7) + ax2)
                                v3 = T.axis.spatial(T.int64(7), nn_2_ff_2_yy_2_xx_2_fused % T.int64(7) + ax3)
                                T.reads(conv2d_nchw_local[v0, v1, v2, v3], p2[v0, v1, T.int64(0), T.int64(0)])
                                T.writes(T_relu[v0, v1, v2, v3])
                                T_relu[v0, v1, v2, v3] = T.max(conv2d_nchw_local[v0, v1, v2, v3] + p2[v0, v1, T.int64(0), T.int64(0)], T.float32(0))
b0 = sch.get_block(name="pad_temp", func_name="main")
b1 = sch.get_block(name="conv2d_nchw", func_name="main")
b2 = sch.get_block(name="T_add", func_name="main")
b3 = sch.get_block(name="T_relu", func_name="main")
b4 = sch.get_block(name="root", func_name="main")
sch.annotate(block_or_loop=b1, ann_key="meta_schedule.tiling_structure", ann_val="SSSRRSRS")
l5, l6, l7, l8, l9, l10, l11 = sch.get_loops(block=b1)
v12, v13, v14, v15, v16 = sch.sample_perfect_tile(loop=l5, n=5, max_innermost_factor=64, decision=[1, 1, 1, 1, 1])
l17, l18, l19, l20, l21 = sch.split(loop=l5, factors=[v12, v13, v14, v15, v16], preserve_unit_iters=True)
v22, v23, v24, v25, v26 = sch.sample_perfect_tile(loop=l6, n=5, max_innermost_factor=64, decision=[128, 1, 4, 1, 1])
l27, l28, l29, l30, l31 = sch.split(loop=l6, factors=[v22, v23, v24, v25, v26], preserve_unit_iters=True)
v32, v33, v34, v35, v36 = sch.sample_perfect_tile(loop=l7, n=5, max_innermost_factor=64, decision=[7, 1, 1, 1, 1])
l37, l38, l39, l40, l41 = sch.split(loop=l7, factors=[v32, v33, v34, v35, v36], preserve_unit_iters=True)
v42, v43, v44, v45, v46 = sch.sample_perfect_tile(loop=l8, n=5, max_innermost_factor=64, decision=[1, 1, 7, 1, 1])
l47, l48, l49, l50, l51 = sch.split(loop=l8, factors=[v42, v43, v44, v45, v46], preserve_unit_iters=True)
v52, v53, v54 = sch.sample_perfect_tile(loop=l9, n=3, max_innermost_factor=64, decision=[1, 16, 16])
l55, l56, l57 = sch.split(loop=l9, factors=[v52, v53, v54], preserve_unit_iters=True)
v58, v59, v60 = sch.sample_perfect_tile(loop=l10, n=3, max_innermost_factor=64, decision=[1, 1, 3])
l61, l62, l63 = sch.split(loop=l10, factors=[v58, v59, v60], preserve_unit_iters=True)
v64, v65, v66 = sch.sample_perfect_tile(loop=l11, n=3, max_innermost_factor=64, decision=[1, 3, 1])
l67, l68, l69 = sch.split(loop=l11, factors=[v64, v65, v66], preserve_unit_iters=True)
sch.reorder(l17, l27, l37, l47, l18, l28, l38, l48, l19, l29, l39, l49, l55, l61, l67, l56, l62, l68, l20, l30, l40, l50, l57, l63, l69, l21, l31, l41, l51)
l70 = sch.fuse(l17, l27, l37, l47, preserve_unit_iters=True)
sch.bind(loop=l70, thread_axis="blockIdx.x")
l71 = sch.fuse(l18, l28, l38, l48, preserve_unit_iters=True)
sch.bind(loop=l71, thread_axis="vthread.x")
l72 = sch.fuse(l19, l29, l39, l49, preserve_unit_iters=True)
sch.bind(loop=l72, thread_axis="threadIdx.x")
sch.annotate(block_or_loop=b1, ann_key="meta_schedule.thread_extent_low_inclusive", ann_val=32)
sch.annotate(block_or_loop=b1, ann_key="meta_schedule.thread_extent_high_inclusive", ann_val=1024)
b73 = sch.cache_write(block=b1, write_buffer_index=0, storage_scope="local")
sch.reverse_compute_at(block=b73, loop=l72, preserve_unit_loops=True, index=-1)
b74 = sch.cache_read(block=b1, read_buffer_index=0, storage_scope="shared", consumer_blocks=[b1])
sch.compute_at(block=b74, loop=l67, preserve_unit_loops=True, index=-1)
l75, l76, l77, l78, l79, l80, l81, l82, l83, l84 = sch.get_loops(block=b74)
l85 = sch.fuse(l81, l82, l83, l84, preserve_unit_iters=True)
v86 = sch.sample_categorical(candidates=[1, 2, 3, 4], probs=[0.25, 0.25, 0.25, 0.25], decision=3)
sch.annotate(block_or_loop=b74, ann_key="meta_schedule.cooperative_fetch", ann_val=v86)
b87 = sch.cache_read(block=b1, read_buffer_index=1, storage_scope="shared", consumer_blocks=[b1])
sch.compute_at(block=b87, loop=l67, preserve_unit_loops=True, index=-1)
l88, l89, l90, l91, l92, l93, l94, l95, l96, l97 = sch.get_loops(block=b87)
l98 = sch.fuse(l94, l95, l96, l97, preserve_unit_iters=True)
v99 = sch.sample_categorical(candidates=[1, 2, 3, 4], probs=[0.25, 0.25, 0.25, 0.25], decision=0)
sch.annotate(block_or_loop=b87, ann_key="meta_schedule.cooperative_fetch", ann_val=v99)
sch.reverse_compute_inline(block=b3)
sch.reverse_compute_inline(block=b2)
sch.compute_inline(block=b0)
v100 = sch.sample_categorical(candidates=[0, 16, 64, 512, 1024], probs=[0.20000000000000001, 0.20000000000000001, 0.20000000000000001, 0.20000000000000001, 0.20000000000000001], decision=0)
sch.annotate(block_or_loop=b4, ann_key="meta_schedule.unroll_explicit", ann_val=v100)
2023-11-10 22:04:29 [INFO] [task_scheduler.cc:170] Design space #1:
# from tvm.script import ir as I
# from tvm.script import tir as T

@I.ir_module
class Module:
    @T.prim_func
    def main(p0: T.Buffer((T.int64(1), T.int64(256), T.int64(14), T.int64(14)), "float32"), p1: T.Buffer((T.int64(512), T.int64(256), T.int64(3), T.int64(3)), "float32"), p2: T.Buffer((T.int64(1), T.int64(512), T.int64(1), T.int64(1)), "float32"), T_relu: T.Buffer((T.int64(1), T.int64(512), T.int64(7), T.int64(7)), "float32")):
        T.func_attr({"tir.noalias": T.bool(True)})
        with T.block("root"):
            T.reads()
            T.writes()
            T.block_attr({"meta_schedule.unroll_explicit": 0})
            conv2d_nchw_local = T.alloc_buffer((T.int64(1), T.int64(512), T.int64(7), T.int64(7)), scope="local")
            pad_temp_shared = T.alloc_buffer((T.int64(1), T.int64(256), T.int64(16), T.int64(16)), scope="shared")
            p1_shared = T.alloc_buffer((T.int64(512), T.int64(256), T.int64(3), T.int64(3)), scope="shared")
            for nn_0_ff_0_yy_0_xx_0_fused in T.thread_binding(T.int64(896), thread="blockIdx.x"):
                for nn_1_ff_1_yy_1_xx_1_fused in T.thread_binding(T.int64(1), thread="vthread.x"):
                    for nn_2_ff_2_yy_2_xx_2_fused in T.thread_binding(T.int64(28), thread="threadIdx.x"):
                        for rc_0_ry_0_rx_0_fused in T.serial(T.int64(1), annotations={"software_pipeline_async_stages": [0], "software_pipeline_order": [0, 1, 2], "software_pipeline_stage": [0, 0, 2]}):
                            for ax0_ax1_ax2_ax3_fused in range(T.int64(11520)):
                                with T.block("pad_temp_shared"):
                                    v0 = T.axis.spatial(T.int64(1), T.int64(0))
                                    v1 = T.axis.spatial(T.int64(256), ax0_ax1_ax2_ax3_fused // T.int64(45))
                                    v2 = T.axis.spatial(T.int64(16), nn_0_ff_0_yy_0_xx_0_fused % T.int64(7) * T.int64(2) + ax0_ax1_ax2_ax3_fused % T.int64(45) // T.int64(15))
                                    v3 = T.axis.spatial(T.int64(16), ax0_ax1_ax2_ax3_fused % T.int64(15))
                                    T.reads(p0[v0, v1, v2 - T.int64(1), v3 - T.int64(1)])
                                    T.writes(pad_temp_shared[v0, v1, v2, v3])
                                    T.block_attr({"meta_schedule.cooperative_fetch": 4})
                                    pad_temp_shared[v0, v1, v2, v3] = T.if_then_else(T.int64(1) <= v2 and v2 < T.int64(15) and T.int64(1) <= v3 and v3 < T.int64(15), p0[v0, v1, v2 - T.int64(1), v3 - T.int64(1)], T.float32(0))
                            for ax0_ax1_ax2_ax3_fused in range(T.int64(9216)):
                                with T.block("p1_shared"):
                                    v0 = T.axis.spatial(T.int64(512), nn_0_ff_0_yy_0_xx_0_fused // T.int64(7) * T.int64(4) + ax0_ax1_ax2_ax3_fused // T.int64(2304))
                                    v1 = T.axis.spatial(T.int64(256), ax0_ax1_ax2_ax3_fused % T.int64(2304) // T.int64(9))
                                    v2 = T.axis.spatial(T.int64(3), ax0_ax1_ax2_ax3_fused % T.int64(9) // T.int64(3))
                                    v3 = T.axis.spatial(T.int64(3), ax0_ax1_ax2_ax3_fused % T.int64(3))
                                    T.reads(p1[v0, v1, v2, v3])
                                    T.writes(p1_shared[v0, v1, v2, v3])
                                    T.block_attr({"meta_schedule.cooperative_fetch": 1})
                                    p1_shared[v0, v1, v2, v3] = p1[v0, v1, v2, v3]
                            for rc_1, ry_1, rx_1, nn_3, ff_3, yy_3, xx_3, rc_2, ry_2, rx_2, nn_4, ff_4, yy_4, xx_4 in T.grid(T.int64(16), T.int64(1), T.int64(3), T.int64(1), T.int64(1), T.int64(1), T.int64(1), T.int64(16), T.int64(3), T.int64(1), T.int64(1), T.int64(1), T.int64(1), T.int64(1)):
                                with T.block("conv2d_nchw"):
                                    v_nn = T.axis.spatial(T.int64(1), nn_3 + nn_4)
                                    v_ff = T.axis.spatial(T.int64(512), nn_0_ff_0_yy_0_xx_0_fused // T.int64(7) * T.int64(4) + nn_2_ff_2_yy_2_xx_2_fused // T.int64(7) + ff_3 + ff_4)
                                    v_yy = T.axis.spatial(T.int64(7), nn_0_ff_0_yy_0_xx_0_fused % T.int64(7) + yy_3 + yy_4)
                                    v_xx = T.axis.spatial(T.int64(7), nn_2_ff_2_yy_2_xx_2_fused % T.int64(7) + xx_3 + xx_4)
                                    v_rc = T.axis.reduce(T.int64(256), rc_1 * T.int64(16) + rc_2)
                                    v_ry = T.axis.reduce(T.int64(3), ry_1 * T.int64(3) + ry_2)
                                    v_rx = T.axis.reduce(T.int64(3), rx_1 + rx_2)
                                    T.reads(pad_temp_shared[v_nn, v_rc, v_yy * T.int64(2) + v_ry, v_xx * T.int64(2) + v_rx], p1_shared[v_ff, v_rc, v_ry, v_rx])
                                    T.writes(conv2d_nchw_local[v_nn, v_ff, v_yy, v_xx])
                                    T.block_attr({"meta_schedule.thread_extent_high_inclusive": 1024, "meta_schedule.thread_extent_low_inclusive": 32, "meta_schedule.tiling_structure": "SSSRRSRS"})
                                    with T.init():
                                        conv2d_nchw_local[v_nn, v_ff, v_yy, v_xx] = T.float32(0)
                                    conv2d_nchw_local[v_nn, v_ff, v_yy, v_xx] = conv2d_nchw_local[v_nn, v_ff, v_yy, v_xx] + pad_temp_shared[v_nn, v_rc, v_yy * T.int64(2) + v_ry, v_xx * T.int64(2) + v_rx] * p1_shared[v_ff, v_rc, v_ry, v_rx]
                        for ax0, ax1, ax2, ax3 in T.grid(T.int64(1), T.int64(1), T.int64(1), T.int64(1)):
                            with T.block("conv2d_nchw_local"):
                                v0 = T.axis.spatial(T.int64(1), ax0)
                                v1 = T.axis.spatial(T.int64(512), nn_0_ff_0_yy_0_xx_0_fused // T.int64(7) * T.int64(4) + nn_2_ff_2_yy_2_xx_2_fused // T.int64(7) + ax1)
                                v2 = T.axis.spatial(T.int64(7), nn_0_ff_0_yy_0_xx_0_fused % T.int64(7) + ax2)
                                v3 = T.axis.spatial(T.int64(7), nn_2_ff_2_yy_2_xx_2_fused % T.int64(7) + ax3)
                                T.reads(conv2d_nchw_local[v0, v1, v2, v3], p2[v0, v1, T.int64(0), T.int64(0)])
                                T.writes(T_relu[v0, v1, v2, v3])
                                T_relu[v0, v1, v2, v3] = T.max(conv2d_nchw_local[v0, v1, v2, v3] + p2[v0, v1, T.int64(0), T.int64(0)], T.float32(0))
b0 = sch.get_block(name="pad_temp", func_name="main")
b1 = sch.get_block(name="conv2d_nchw", func_name="main")
b2 = sch.get_block(name="T_add", func_name="main")
b3 = sch.get_block(name="T_relu", func_name="main")
b4 = sch.get_block(name="root", func_name="main")
sch.annotate(block_or_loop=b1, ann_key="meta_schedule.tiling_structure", ann_val="SSSRRSRS")
l5, l6, l7, l8, l9, l10, l11 = sch.get_loops(block=b1)
v12, v13, v14, v15, v16 = sch.sample_perfect_tile(loop=l5, n=5, max_innermost_factor=64, decision=[1, 1, 1, 1, 1])
l17, l18, l19, l20, l21 = sch.split(loop=l5, factors=[v12, v13, v14, v15, v16], preserve_unit_iters=True)
v22, v23, v24, v25, v26 = sch.sample_perfect_tile(loop=l6, n=5, max_innermost_factor=64, decision=[128, 1, 4, 1, 1])
l27, l28, l29, l30, l31 = sch.split(loop=l6, factors=[v22, v23, v24, v25, v26], preserve_unit_iters=True)
v32, v33, v34, v35, v36 = sch.sample_perfect_tile(loop=l7, n=5, max_innermost_factor=64, decision=[7, 1, 1, 1, 1])
l37, l38, l39, l40, l41 = sch.split(loop=l7, factors=[v32, v33, v34, v35, v36], preserve_unit_iters=True)
v42, v43, v44, v45, v46 = sch.sample_perfect_tile(loop=l8, n=5, max_innermost_factor=64, decision=[1, 1, 7, 1, 1])
l47, l48, l49, l50, l51 = sch.split(loop=l8, factors=[v42, v43, v44, v45, v46], preserve_unit_iters=True)
v52, v53, v54 = sch.sample_perfect_tile(loop=l9, n=3, max_innermost_factor=64, decision=[1, 16, 16])
l55, l56, l57 = sch.split(loop=l9, factors=[v52, v53, v54], preserve_unit_iters=True)
v58, v59, v60 = sch.sample_perfect_tile(loop=l10, n=3, max_innermost_factor=64, decision=[1, 1, 3])
l61, l62, l63 = sch.split(loop=l10, factors=[v58, v59, v60], preserve_unit_iters=True)
v64, v65, v66 = sch.sample_perfect_tile(loop=l11, n=3, max_innermost_factor=64, decision=[1, 3, 1])
l67, l68, l69 = sch.split(loop=l11, factors=[v64, v65, v66], preserve_unit_iters=True)
sch.reorder(l17, l27, l37, l47, l18, l28, l38, l48, l19, l29, l39, l49, l55, l61, l67, l56, l62, l68, l20, l30, l40, l50, l57, l63, l69, l21, l31, l41, l51)
l70 = sch.fuse(l17, l27, l37, l47, preserve_unit_iters=True)
sch.bind(loop=l70, thread_axis="blockIdx.x")
l71 = sch.fuse(l18, l28, l38, l48, preserve_unit_iters=True)
sch.bind(loop=l71, thread_axis="vthread.x")
l72 = sch.fuse(l19, l29, l39, l49, preserve_unit_iters=True)
sch.bind(loop=l72, thread_axis="threadIdx.x")
sch.annotate(block_or_loop=b1, ann_key="meta_schedule.thread_extent_low_inclusive", ann_val=32)
sch.annotate(block_or_loop=b1, ann_key="meta_schedule.thread_extent_high_inclusive", ann_val=1024)
b73 = sch.cache_write(block=b1, write_buffer_index=0, storage_scope="local")
sch.reverse_compute_at(block=b73, loop=l72, preserve_unit_loops=True, index=-1)
b74 = sch.cache_read(block=b1, read_buffer_index=0, storage_scope="shared", consumer_blocks=[b1])
sch.compute_at(block=b74, loop=l67, preserve_unit_loops=True, index=-1)
l75, l76, l77, l78, l79, l80, l81, l82, l83, l84 = sch.get_loops(block=b74)
l85 = sch.fuse(l81, l82, l83, l84, preserve_unit_iters=True)
v86 = sch.sample_categorical(candidates=[1, 2, 3, 4], probs=[0.25, 0.25, 0.25, 0.25], decision=3)
sch.annotate(block_or_loop=b74, ann_key="meta_schedule.cooperative_fetch", ann_val=v86)
b87 = sch.cache_read(block=b1, read_buffer_index=1, storage_scope="shared", consumer_blocks=[b1])
sch.compute_at(block=b87, loop=l67, preserve_unit_loops=True, index=-1)
l88, l89, l90, l91, l92, l93, l94, l95, l96, l97 = sch.get_loops(block=b87)
l98 = sch.fuse(l94, l95, l96, l97, preserve_unit_iters=True)
v99 = sch.sample_categorical(candidates=[1, 2, 3, 4], probs=[0.25, 0.25, 0.25, 0.25], decision=0)
sch.annotate(block_or_loop=b87, ann_key="meta_schedule.cooperative_fetch", ann_val=v99)
l100 = sch.fuse(l55, l61, l67, preserve_unit_iters=True)
sch.annotate(block_or_loop=l100, ann_key="software_pipeline_stage", ann_val=[0, 0, 2])
sch.annotate(block_or_loop=l100, ann_key="software_pipeline_order", ann_val=[0, 1, 2])
sch.annotate(block_or_loop=l100, ann_key="software_pipeline_async_stages", ann_val=[0])
sch.reverse_compute_inline(block=b3)
sch.reverse_compute_inline(block=b2)
sch.compute_inline(block=b0)
v101 = sch.sample_categorical(candidates=[0, 16, 64, 512, 1024], probs=[0.20000000000000001, 0.20000000000000001, 0.20000000000000001, 0.20000000000000001, 0.20000000000000001], decision=0)
sch.annotate(block_or_loop=b4, ann_key="meta_schedule.unroll_explicit", ann_val=v101)
2023-11-10 22:04:29 [INFO] [task_scheduler.cc:170] Design space #2:
# from tvm.script import ir as I
# from tvm.script import tir as T

@I.ir_module
class Module:
    @T.prim_func
    def main(p0: T.Buffer((T.int64(1), T.int64(256), T.int64(14), T.int64(14)), "float32"), p1: T.Buffer((T.int64(512), T.int64(256), T.int64(3), T.int64(3)), "float32"), p2: T.Buffer((T.int64(1), T.int64(512), T.int64(1), T.int64(1)), "float32"), T_relu: T.Buffer((T.int64(1), T.int64(512), T.int64(7), T.int64(7)), "float32")):
        T.func_attr({"tir.noalias": T.bool(True)})
        with T.block("root"):
            T.reads()
            T.writes()
            T.block_attr({"meta_schedule.unroll_explicit": 16})
            conv2d_nchw_local = T.alloc_buffer((T.int64(1), T.int64(512), T.int64(7), T.int64(7)), scope="local")
            pad_temp_shared = T.alloc_buffer((T.int64(1), T.int64(256), T.int64(16), T.int64(16)), scope="shared")
            p1_shared = T.alloc_buffer((T.int64(512), T.int64(256), T.int64(3), T.int64(3)), scope="shared")
            for nn_0_ff_0_yy_0_xx_0_fused in T.thread_binding(T.int64(896), thread="blockIdx.x"):
                for nn_1_ff_1_yy_1_xx_1_fused in T.thread_binding(T.int64(1), thread="vthread.x"):
                    for nn_2_ff_2_yy_2_xx_2_fused in T.thread_binding(T.int64(28), thread="threadIdx.x"):
                        for rc_0_ry_0_rx_0_fused in T.serial(T.int64(1), annotations={"software_pipeline_async_stages": [0], "software_pipeline_order": [0, 1, 2], "software_pipeline_stage": [0, 0, 3]}):
                            for ax0_ax1_ax2_ax3_fused in range(T.int64(11520)):
                                with T.block("pad_temp_shared"):
                                    v0 = T.axis.spatial(T.int64(1), T.int64(0))
                                    v1 = T.axis.spatial(T.int64(256), ax0_ax1_ax2_ax3_fused // T.int64(45))
                                    v2 = T.axis.spatial(T.int64(16), nn_0_ff_0_yy_0_xx_0_fused % T.int64(7) * T.int64(2) + ax0_ax1_ax2_ax3_fused % T.int64(45) // T.int64(15))
                                    v3 = T.axis.spatial(T.int64(16), ax0_ax1_ax2_ax3_fused % T.int64(15))
                                    T.reads(p0[v0, v1, v2 - T.int64(1), v3 - T.int64(1)])
                                    T.writes(pad_temp_shared[v0, v1, v2, v3])
                                    T.block_attr({"meta_schedule.cooperative_fetch": 4})
                                    pad_temp_shared[v0, v1, v2, v3] = T.if_then_else(T.int64(1) <= v2 and v2 < T.int64(15) and T.int64(1) <= v3 and v3 < T.int64(15), p0[v0, v1, v2 - T.int64(1), v3 - T.int64(1)], T.float32(0))
                            for ax0_ax1_ax2_ax3_fused in range(T.int64(9216)):
                                with T.block("p1_shared"):
                                    v0 = T.axis.spatial(T.int64(512), nn_0_ff_0_yy_0_xx_0_fused // T.int64(7) * T.int64(4) + ax0_ax1_ax2_ax3_fused // T.int64(2304))
                                    v1 = T.axis.spatial(T.int64(256), ax0_ax1_ax2_ax3_fused % T.int64(2304) // T.int64(9))
                                    v2 = T.axis.spatial(T.int64(3), ax0_ax1_ax2_ax3_fused % T.int64(9) // T.int64(3))
                                    v3 = T.axis.spatial(T.int64(3), ax0_ax1_ax2_ax3_fused % T.int64(3))
                                    T.reads(p1[v0, v1, v2, v3])
                                    T.writes(p1_shared[v0, v1, v2, v3])
                                    T.block_attr({"meta_schedule.cooperative_fetch": 1})
                                    p1_shared[v0, v1, v2, v3] = p1[v0, v1, v2, v3]
                            for rc_1, ry_1, rx_1, nn_3, ff_3, yy_3, xx_3, rc_2, ry_2, rx_2, nn_4, ff_4, yy_4, xx_4 in T.grid(T.int64(16), T.int64(1), T.int64(3), T.int64(1), T.int64(1), T.int64(1), T.int64(1), T.int64(16), T.int64(3), T.int64(1), T.int64(1), T.int64(1), T.int64(1), T.int64(1)):
                                with T.block("conv2d_nchw"):
                                    v_nn = T.axis.spatial(T.int64(1), nn_3 + nn_4)
                                    v_ff = T.axis.spatial(T.int64(512), nn_0_ff_0_yy_0_xx_0_fused // T.int64(7) * T.int64(4) + nn_2_ff_2_yy_2_xx_2_fused // T.int64(7) + ff_3 + ff_4)
                                    v_yy = T.axis.spatial(T.int64(7), nn_0_ff_0_yy_0_xx_0_fused % T.int64(7) + yy_3 + yy_4)
                                    v_xx = T.axis.spatial(T.int64(7), nn_2_ff_2_yy_2_xx_2_fused % T.int64(7) + xx_3 + xx_4)
                                    v_rc = T.axis.reduce(T.int64(256), rc_1 * T.int64(16) + rc_2)
                                    v_ry = T.axis.reduce(T.int64(3), ry_1 * T.int64(3) + ry_2)
                                    v_rx = T.axis.reduce(T.int64(3), rx_1 + rx_2)
                                    T.reads(pad_temp_shared[v_nn, v_rc, v_yy * T.int64(2) + v_ry, v_xx * T.int64(2) + v_rx], p1_shared[v_ff, v_rc, v_ry, v_rx])
                                    T.writes(conv2d_nchw_local[v_nn, v_ff, v_yy, v_xx])
                                    T.block_attr({"meta_schedule.thread_extent_high_inclusive": 1024, "meta_schedule.thread_extent_low_inclusive": 32, "meta_schedule.tiling_structure": "SSSRRSRS"})
                                    with T.init():
                                        conv2d_nchw_local[v_nn, v_ff, v_yy, v_xx] = T.float32(0)
                                    conv2d_nchw_local[v_nn, v_ff, v_yy, v_xx] = conv2d_nchw_local[v_nn, v_ff, v_yy, v_xx] + pad_temp_shared[v_nn, v_rc, v_yy * T.int64(2) + v_ry, v_xx * T.int64(2) + v_rx] * p1_shared[v_ff, v_rc, v_ry, v_rx]
                        for ax0, ax1, ax2, ax3 in T.grid(T.int64(1), T.int64(1), T.int64(1), T.int64(1)):
                            with T.block("conv2d_nchw_local"):
                                v0 = T.axis.spatial(T.int64(1), ax0)
                                v1 = T.axis.spatial(T.int64(512), nn_0_ff_0_yy_0_xx_0_fused // T.int64(7) * T.int64(4) + nn_2_ff_2_yy_2_xx_2_fused // T.int64(7) + ax1)
                                v2 = T.axis.spatial(T.int64(7), nn_0_ff_0_yy_0_xx_0_fused % T.int64(7) + ax2)
                                v3 = T.axis.spatial(T.int64(7), nn_2_ff_2_yy_2_xx_2_fused % T.int64(7) + ax3)
                                T.reads(conv2d_nchw_local[v0, v1, v2, v3], p2[v0, v1, T.int64(0), T.int64(0)])
                                T.writes(T_relu[v0, v1, v2, v3])
                                T_relu[v0, v1, v2, v3] = T.max(conv2d_nchw_local[v0, v1, v2, v3] + p2[v0, v1, T.int64(0), T.int64(0)], T.float32(0))
b0 = sch.get_block(name="pad_temp", func_name="main")
b1 = sch.get_block(name="conv2d_nchw", func_name="main")
b2 = sch.get_block(name="T_add", func_name="main")
b3 = sch.get_block(name="T_relu", func_name="main")
b4 = sch.get_block(name="root", func_name="main")
sch.annotate(block_or_loop=b1, ann_key="meta_schedule.tiling_structure", ann_val="SSSRRSRS")
l5, l6, l7, l8, l9, l10, l11 = sch.get_loops(block=b1)
v12, v13, v14, v15, v16 = sch.sample_perfect_tile(loop=l5, n=5, max_innermost_factor=64, decision=[1, 1, 1, 1, 1])
l17, l18, l19, l20, l21 = sch.split(loop=l5, factors=[v12, v13, v14, v15, v16], preserve_unit_iters=True)
v22, v23, v24, v25, v26 = sch.sample_perfect_tile(loop=l6, n=5, max_innermost_factor=64, decision=[128, 1, 4, 1, 1])
l27, l28, l29, l30, l31 = sch.split(loop=l6, factors=[v22, v23, v24, v25, v26], preserve_unit_iters=True)
v32, v33, v34, v35, v36 = sch.sample_perfect_tile(loop=l7, n=5, max_innermost_factor=64, decision=[7, 1, 1, 1, 1])
l37, l38, l39, l40, l41 = sch.split(loop=l7, factors=[v32, v33, v34, v35, v36], preserve_unit_iters=True)
v42, v43, v44, v45, v46 = sch.sample_perfect_tile(loop=l8, n=5, max_innermost_factor=64, decision=[1, 1, 7, 1, 1])
l47, l48, l49, l50, l51 = sch.split(loop=l8, factors=[v42, v43, v44, v45, v46], preserve_unit_iters=True)
v52, v53, v54 = sch.sample_perfect_tile(loop=l9, n=3, max_innermost_factor=64, decision=[1, 16, 16])
l55, l56, l57 = sch.split(loop=l9, factors=[v52, v53, v54], preserve_unit_iters=True)
v58, v59, v60 = sch.sample_perfect_tile(loop=l10, n=3, max_innermost_factor=64, decision=[1, 1, 3])
l61, l62, l63 = sch.split(loop=l10, factors=[v58, v59, v60], preserve_unit_iters=True)
v64, v65, v66 = sch.sample_perfect_tile(loop=l11, n=3, max_innermost_factor=64, decision=[1, 3, 1])
l67, l68, l69 = sch.split(loop=l11, factors=[v64, v65, v66], preserve_unit_iters=True)
sch.reorder(l17, l27, l37, l47, l18, l28, l38, l48, l19, l29, l39, l49, l55, l61, l67, l56, l62, l68, l20, l30, l40, l50, l57, l63, l69, l21, l31, l41, l51)
l70 = sch.fuse(l17, l27, l37, l47, preserve_unit_iters=True)
sch.bind(loop=l70, thread_axis="blockIdx.x")
l71 = sch.fuse(l18, l28, l38, l48, preserve_unit_iters=True)
sch.bind(loop=l71, thread_axis="vthread.x")
l72 = sch.fuse(l19, l29, l39, l49, preserve_unit_iters=True)
sch.bind(loop=l72, thread_axis="threadIdx.x")
sch.annotate(block_or_loop=b1, ann_key="meta_schedule.thread_extent_low_inclusive", ann_val=32)
sch.annotate(block_or_loop=b1, ann_key="meta_schedule.thread_extent_high_inclusive", ann_val=1024)
b73 = sch.cache_write(block=b1, write_buffer_index=0, storage_scope="local")
sch.reverse_compute_at(block=b73, loop=l72, preserve_unit_loops=True, index=-1)
b74 = sch.cache_read(block=b1, read_buffer_index=0, storage_scope="shared", consumer_blocks=[b1])
sch.compute_at(block=b74, loop=l67, preserve_unit_loops=True, index=-1)
l75, l76, l77, l78, l79, l80, l81, l82, l83, l84 = sch.get_loops(block=b74)
l85 = sch.fuse(l81, l82, l83, l84, preserve_unit_iters=True)
v86 = sch.sample_categorical(candidates=[1, 2, 3, 4], probs=[0.25, 0.25, 0.25, 0.25], decision=3)
sch.annotate(block_or_loop=b74, ann_key="meta_schedule.cooperative_fetch", ann_val=v86)
b87 = sch.cache_read(block=b1, read_buffer_index=1, storage_scope="shared", consumer_blocks=[b1])
sch.compute_at(block=b87, loop=l67, preserve_unit_loops=True, index=-1)
l88, l89, l90, l91, l92, l93, l94, l95, l96, l97 = sch.get_loops(block=b87)
l98 = sch.fuse(l94, l95, l96, l97, preserve_unit_iters=True)
v99 = sch.sample_categorical(candidates=[1, 2, 3, 4], probs=[0.25, 0.25, 0.25, 0.25], decision=0)
sch.annotate(block_or_loop=b87, ann_key="meta_schedule.cooperative_fetch", ann_val=v99)
l100 = sch.fuse(l55, l61, l67, preserve_unit_iters=True)
sch.annotate(block_or_loop=l100, ann_key="software_pipeline_stage", ann_val=[0, 0, 3])
sch.annotate(block_or_loop=l100, ann_key="software_pipeline_order", ann_val=[0, 1, 2])
sch.annotate(block_or_loop=l100, ann_key="software_pipeline_async_stages", ann_val=[0])
sch.reverse_compute_inline(block=b3)
sch.reverse_compute_inline(block=b2)
sch.compute_inline(block=b0)
v101 = sch.sample_categorical(candidates=[0, 16, 64, 512, 1024], probs=[0.20000000000000001, 0.20000000000000001, 0.20000000000000001, 0.20000000000000001, 0.20000000000000001], decision=1)
sch.annotate(block_or_loop=b4, ann_key="meta_schedule.unroll_explicit", ann_val=v101)
2023-11-10 22:26:27 [INFO] [evolutionary_search.cc:713] Generating candidates......
2023-11-10 22:26:27 [INFO] [evolutionary_search.cc:715] Picked top 0 candidate(s) from database
2023-11-10 22:26:30 [INFO] [evolutionary_search.cc:533] Sample-Init-Population summary:
Postproc #0 [meta_schedule.DisallowDynamicLoop(0x55e12ac21cd8)]: 0 failure(s)
Postproc #1 [meta_schedule.RewriteCooperativeFetch(0x55e12bbb57f8)]: 0 failure(s)
Postproc #2 [meta_schedule.RewriteUnboundBlock(0x55e12bba69b8)]: 0 failure(s)
Postproc #3 [meta_schedule.RewriteParallelVectorizeUnroll(0x55e12b249308)]: 0 failure(s)
Postproc #4 [meta_schedule.RewriteReductionBlock(0x55e128dbc298)]: 0 failure(s)
Postproc #5 [meta_schedule.VerifyGPUCode(0x55e12bba7168)]: 498 failure(s)
Postproc #6 [meta_schedule.RewriteTensorize(0x55e12bea7918)]: 0 failure(s)
2023-11-10 22:26:33 [INFO] [evolutionary_search.cc:533] Sample-Init-Population summary:
Postproc #0 [meta_schedule.DisallowDynamicLoop(0x55e12ac21cd8)]: 0 failure(s)
Postproc #1 [meta_schedule.RewriteCooperativeFetch(0x55e12bbb57f8)]: 0 failure(s)
Postproc #2 [meta_schedule.RewriteUnboundBlock(0x55e12bba69b8)]: 0 failure(s)
Postproc #3 [meta_schedule.RewriteParallelVectorizeUnroll(0x55e12b249308)]: 0 failure(s)
Postproc #4 [meta_schedule.RewriteReductionBlock(0x55e128dbc298)]: 0 failure(s)
Postproc #5 [meta_schedule.VerifyGPUCode(0x55e12bba7168)]: 995 failure(s)
Postproc #6 [meta_schedule.RewriteTensorize(0x55e12bea7918)]: 0 failure(s)
2023-11-10 22:26:36 [INFO] [evolutionary_search.cc:533] Sample-Init-Population summary:
Postproc #0 [meta_schedule.DisallowDynamicLoop(0x55e12ac21cd8)]: 0 failure(s)
Postproc #1 [meta_schedule.RewriteCooperativeFetch(0x55e12bbb57f8)]: 0 failure(s)
Postproc #2 [meta_schedule.RewriteUnboundBlock(0x55e12bba69b8)]: 0 failure(s)
Postproc #3 [meta_schedule.RewriteParallelVectorizeUnroll(0x55e12b249308)]: 0 failure(s)
Postproc #4 [meta_schedule.RewriteReductionBlock(0x55e128dbc298)]: 0 failure(s)
Postproc #5 [meta_schedule.VerifyGPUCode(0x55e12bba7168)]: 1496 failure(s)
Postproc #6 [meta_schedule.RewriteTensorize(0x55e12bea7918)]: 0 failure(s)
2023-11-10 22:26:39 [INFO] [evolutionary_search.cc:533] Sample-Init-Population summary:
Postproc #0 [meta_schedule.DisallowDynamicLoop(0x55e12ac21cd8)]: 0 failure(s)
Postproc #1 [meta_schedule.RewriteCooperativeFetch(0x55e12bbb57f8)]: 0 failure(s)
Postproc #2 [meta_schedule.RewriteUnboundBlock(0x55e12bba69b8)]: 0 failure(s)
Postproc #3 [meta_schedule.RewriteParallelVectorizeUnroll(0x55e12b249308)]: 0 failure(s)
Postproc #4 [meta_schedule.RewriteReductionBlock(0x55e128dbc298)]: 0 failure(s)
Postproc #5 [meta_schedule.VerifyGPUCode(0x55e12bba7168)]: 1995 failure(s)
Postproc #6 [meta_schedule.RewriteTensorize(0x55e12bea7918)]: 0 failure(s)
2023-11-10 22:26:39 [INFO] [evolutionary_search.cc:723] Sampled 53 candidate(s)
2023-11-10 22:26:44 [INFO] [evolutionary_search.cc:621] Evolve iter #0 done. Summary:
Postproc #0 [meta_schedule.DisallowDynamicLoop(0x55e12ac21cd8)]: 0 failure(s)
Postproc #1 [meta_schedule.RewriteCooperativeFetch(0x55e12bbb57f8)]: 0 failure(s)
Postproc #2 [meta_schedule.RewriteUnboundBlock(0x55e12bba69b8)]: 0 failure(s)
Postproc #3 [meta_schedule.RewriteParallelVectorizeUnroll(0x55e12b249308)]: 0 failure(s)
Postproc #4 [meta_schedule.RewriteReductionBlock(0x55e128dbc298)]: 0 failure(s)
Postproc #5 [meta_schedule.VerifyGPUCode(0x55e12bba7168)]: 135 failure(s)
Postproc #6 [meta_schedule.RewriteTensorize(0x55e12bea7918)]: 0 failure(s)
2023-11-10 22:26:50 [INFO] [evolutionary_search.cc:621] Evolve iter #1 done. Summary:
Postproc #0 [meta_schedule.DisallowDynamicLoop(0x55e12ac21cd8)]: 0 failure(s)
Postproc #1 [meta_schedule.RewriteCooperativeFetch(0x55e12bbb57f8)]: 0 failure(s)
Postproc #2 [meta_schedule.RewriteUnboundBlock(0x55e12bba69b8)]: 0 failure(s)
Postproc #3 [meta_schedule.RewriteParallelVectorizeUnroll(0x55e12b249308)]: 0 failure(s)
Postproc #4 [meta_schedule.RewriteReductionBlock(0x55e128dbc298)]: 0 failure(s)
Postproc #5 [meta_schedule.VerifyGPUCode(0x55e12bba7168)]: 139 failure(s)
Postproc #6 [meta_schedule.RewriteTensorize(0x55e12bea7918)]: 0 failure(s)
2023-11-10 22:26:55 [INFO] [evolutionary_search.cc:621] Evolve iter #2 done. Summary:
Postproc #0 [meta_schedule.DisallowDynamicLoop(0x55e12ac21cd8)]: 0 failure(s)
Postproc #1 [meta_schedule.RewriteCooperativeFetch(0x55e12bbb57f8)]: 0 failure(s)
Postproc #2 [meta_schedule.RewriteUnboundBlock(0x55e12bba69b8)]: 0 failure(s)
Postproc #3 [meta_schedule.RewriteParallelVectorizeUnroll(0x55e12b249308)]: 0 failure(s)
Postproc #4 [meta_schedule.RewriteReductionBlock(0x55e128dbc298)]: 0 failure(s)
Postproc #5 [meta_schedule.VerifyGPUCode(0x55e12bba7168)]: 108 failure(s)
Postproc #6 [meta_schedule.RewriteTensorize(0x55e12bea7918)]: 0 failure(s)
2023-11-10 22:27:00 [INFO] [evolutionary_search.cc:621] Evolve iter #3 done. Summary:
Postproc #0 [meta_schedule.DisallowDynamicLoop(0x55e12ac21cd8)]: 0 failure(s)
Postproc #1 [meta_schedule.RewriteCooperativeFetch(0x55e12bbb57f8)]: 0 failure(s)
Postproc #2 [meta_schedule.RewriteUnboundBlock(0x55e12bba69b8)]: 0 failure(s)
Postproc #3 [meta_schedule.RewriteParallelVectorizeUnroll(0x55e12b249308)]: 0 failure(s)
Postproc #4 [meta_schedule.RewriteReductionBlock(0x55e128dbc298)]: 0 failure(s)
Postproc #5 [meta_schedule.VerifyGPUCode(0x55e12bba7168)]: 95 failure(s)
Postproc #6 [meta_schedule.RewriteTensorize(0x55e12bea7918)]: 0 failure(s)
2023-11-10 22:27:01 [INFO] [evolutionary_search.cc:649] Scores of the best 2 candidates:
[1 : 2]:	0.9973  0.9961
2023-11-10 22:27:01 [INFO] [evolutionary_search.cc:727] Got 2 candidate(s) with evolutionary search
2023-11-10 22:27:01 [INFO] [evolutionary_search.cc:730] Sending 2 candidates(s) for measurement
2023-11-10 22:32:11 [INFO] [task_scheduler.cc:121] [Task #21: fused_nn_conv2d_add_nn_relu_3] Trial #1: Error in running:
LocalRunner: An exception occurred
Traceback (most recent call last):
  File "/home2/xiachunwei/Software/tvm/python/tvm/exec/popen_worker.py", line 87, in main
    result = fn(*args, **kwargs)
  File "/home2/xiachunwei/Software/tvm/python/tvm/meta_schedule/runner/local_runner.py", line 152, in _worker_func
    repeated_args: List[T_ARGUMENT_LIST] = f_alloc_argument(
  File "/home2/xiachunwei/Software/tvm/python/tvm/meta_schedule/runner/local_runner.py", line 360, in default_alloc_argument
    return alloc_argument_common(f_random_fill, device, args_info, alloc_repeat)
  File "/home2/xiachunwei/Software/tvm/python/tvm/meta_schedule/runner/utils.py", line 74, in alloc_argument_common
    arg: Any = dispatcher.get(arg_type, None)(*arg_info)
  File "/home2/xiachunwei/Software/tvm/python/tvm/meta_schedule/runner/utils.py", line 56, in alloc_tensor
    arg = ndarray.empty(shape=shape, dtype=dtype, device=device)
  File "/home2/xiachunwei/Software/tvm/python/tvm/runtime/ndarray.py", line 391, in empty
    arr = _ffi_api.TVMArrayAllocWithScope(shape, dtype, device, mem_scope)
  File "/home2/xiachunwei/Software/tvm/python/tvm/_ffi/_ctypes/packed_func.py", line 239, in __call__
    raise_last_ffi_error()
  File "/home2/xiachunwei/Software/tvm/python/tvm/_ffi/base.py", line 481, in raise_last_ffi_error
    raise py_err
tvm.error.InternalError: Traceback (most recent call last):
  4: _ZN3tvm7runtime13PackedFun
  3: tvm::runtime::TypedPackedFunc<tvm::runtime::NDArray (tvm::runtime::ShapeTuple, DLDataType, DLDevice, tvm::runtime::Optional<tvm::runtime::String>)>::AssignTypedLambda<tvm::runtime::NDArray (*)(tvm::runtime::ShapeTuple, DLDataType, DLDevice, tvm::runtime::Optional<tvm::runtime::String>)>(tvm::runtime::NDArray (*)(tvm::runtime::ShapeTuple, DLDataType, DLDevice, tvm::runtime::Optional<tvm::runtime::String>), std::__cxx11::basic_string<char, std::char_traits<char>, std::allocator<char> >)::{lambda(tvm::runtime::TVMArgs const&, tvm::runtime::TVMRetValue*)#1}::operator()(tvm::runtime::TVMArgs const&, tvm::runtime::TVMRetValue*) const
  2: tvm::runtime::NDArray::Empty(tvm::runtime::ShapeTuple, DLDataType, DLDevice, tvm::runtime::Optional<tvm::runtime::String>)
  1: tvm::runtime::DeviceAPI::AllocDataSpace(DLDevice, int, long const*, DLDataType, tvm::runtime::Optional<tvm::runtime::String>)
  0: tvm::runtime::CUDADeviceAPI::AllocDataSpace(DLDevice, unsigned long, unsigned long, DLDataType)
  File "/home2/xiachunwei/Software/tvm/src/runtime/cuda/cuda_device_api.cc", line 126
InternalError: Check failed: (e == cudaSuccess || e == cudaErrorCudartUnloading) is false: CUDA: misaligned address

# from tvm.script import ir as I
# from tvm.script import tir as T

@I.ir_module
class Module:
    @T.prim_func
    def main(p0: T.Buffer((T.int64(1), T.int64(256), T.int64(14), T.int64(14)), "float32"), p1: T.Buffer((T.int64(512), T.int64(256), T.int64(3), T.int64(3)), "float32"), p2: T.Buffer((T.int64(1), T.int64(512), T.int64(1), T.int64(1)), "float32"), T_relu: T.Buffer((T.int64(1), T.int64(512), T.int64(7), T.int64(7)), "float32")):
        T.func_attr({"tir.noalias": T.bool(True)})
        # with T.block("root"):
        conv2d_nchw_local = T.alloc_buffer((T.int64(1), T.int64(512), T.int64(7), T.int64(7)), scope="local")
        pad_temp_shared = T.alloc_buffer((T.int64(1), T.int64(256), T.int64(16), T.int64(16)), scope="shared")
        p1_shared = T.alloc_buffer((T.int64(512), T.int64(256), T.int64(3), T.int64(3)), scope="shared")
        for nn_0_ff_0_yy_0_xx_0_fused in T.thread_binding(T.int64(56), thread="blockIdx.x", annotations={"pragma_auto_unroll_max_step": 512, "pragma_unroll_explicit": 1}):
            for nn_1_ff_1_yy_1_xx_1_fused in T.thread_binding(T.int64(8), thread="vthread.x"):
                for nn_2_ff_2_yy_2_xx_2_fused in T.thread_binding(T.int64(56), thread="threadIdx.x"):
                    for nn_3_init, ff_3_init, yy_3_init, xx_3_init, nn_4_init, ff_4_init, yy_4_init, xx_4_init in T.grid(T.int64(1), T.int64(1), T.int64(1), T.int64(1), T.int64(1), T.int64(1), T.int64(1), T.int64(1)):
                        with T.block("conv2d_nchw_init"):
                            v_nn = T.axis.spatial(T.int64(1), nn_3_init + nn_4_init)
                            v_ff = T.axis.spatial(T.int64(512), nn_0_ff_0_yy_0_xx_0_fused // T.int64(7) * T.int64(64) + nn_1_ff_1_yy_1_xx_1_fused * T.int64(8) + nn_2_ff_2_yy_2_xx_2_fused // T.int64(7) + ff_3_init + ff_4_init)
                            v_yy = T.axis.spatial(T.int64(7), nn_0_ff_0_yy_0_xx_0_fused % T.int64(7) + yy_3_init + yy_4_init)
                            v_xx = T.axis.spatial(T.int64(7), nn_2_ff_2_yy_2_xx_2_fused % T.int64(7) + xx_3_init + xx_4_init)
                            T.reads()
                            T.writes(conv2d_nchw_local[v_nn, v_ff, v_yy, v_xx])
                            T.block_attr({"meta_schedule.thread_extent_high_inclusive": 1024, "meta_schedule.thread_extent_low_inclusive": 32, "meta_schedule.tiling_structure": "SSSRRSRS"})
                            conv2d_nchw_local[v_nn, v_ff, v_yy, v_xx] = T.float32(0)
                    for rc_0, ry_0, rx_0 in T.grid(T.int64(32), T.int64(1), T.int64(1)):
                        for ax0_ax1_ax2_ax3_fused_0 in range(T.int64(4)):
                            for ax0_ax1_ax2_ax3_fused_1 in T.thread_binding(T.int64(56), thread="threadIdx.x"):
                                for ax0_ax1_ax2_ax3_fused_2 in T.vectorized(T.int64(2)):
                                    with T.block("pad_temp_shared"):
                                        v0 = T.axis.spatial(T.int64(1), T.int64(0))
                                        v1 = T.axis.spatial(T.int64(256), rc_0 * T.int64(8) + (ax0_ax1_ax2_ax3_fused_0 * T.int64(112) + ax0_ax1_ax2_ax3_fused_1 * T.int64(2) + ax0_ax1_ax2_ax3_fused_2) // T.int64(45))
                                        v2 = T.axis.spatial(T.int64(16), nn_0_ff_0_yy_0_xx_0_fused % T.int64(7) * T.int64(2) + (ax0_ax1_ax2_ax3_fused_0 * T.int64(112) + ax0_ax1_ax2_ax3_fused_1 * T.int64(2) + ax0_ax1_ax2_ax3_fused_2) % T.int64(45) // T.int64(15))
                                        v3 = T.axis.spatial(T.int64(16), (ax0_ax1_ax2_ax3_fused_0 * T.int64(112) + ax0_ax1_ax2_ax3_fused_1 * T.int64(2) + ax0_ax1_ax2_ax3_fused_2) % T.int64(15))
                                        T.where((ax0_ax1_ax2_ax3_fused_0 * T.int64(56) + ax0_ax1_ax2_ax3_fused_1) * T.int64(2) + ax0_ax1_ax2_ax3_fused_2 < T.int64(360))
                                        T.reads(p0[v0, v1, v2 - T.int64(1), v3 - T.int64(1)])
                                        T.writes(pad_temp_shared[v0, v1, v2, v3])
                                        pad_temp_shared[v0, v1, v2, v3] = T.if_then_else(T.int64(1) <= v2 and v2 < T.int64(15) and T.int64(1) <= v3 and v3 < T.int64(15), p0[v0, v1, v2 - T.int64(1), v3 - T.int64(1)], T.float32(0))
                        for ax0_ax1_ax2_ax3_fused_0 in range(T.int64(83)):
                            for ax0_ax1_ax2_ax3_fused_1 in T.thread_binding(T.int64(56), thread="threadIdx.x"):
                                with T.block("p1_shared"):
                                    v0 = T.axis.spatial(T.int64(512), nn_0_ff_0_yy_0_xx_0_fused // T.int64(7) * T.int64(64) + (ax0_ax1_ax2_ax3_fused_0 * T.int64(56) + ax0_ax1_ax2_ax3_fused_1) // T.int64(72))
                                    v1 = T.axis.spatial(T.int64(256), rc_0 * T.int64(8) + (ax0_ax1_ax2_ax3_fused_0 * T.int64(56) + ax0_ax1_ax2_ax3_fused_1) % T.int64(72) // T.int64(9))
                                    v2 = T.axis.spatial(T.int64(3), (ax0_ax1_ax2_ax3_fused_0 * T.int64(56) + ax0_ax1_ax2_ax3_fused_1) % T.int64(9) // T.int64(3))
                                    v3 = T.axis.spatial(T.int64(3), (ax0_ax1_ax2_ax3_fused_0 * T.int64(56) + ax0_ax1_ax2_ax3_fused_1) % T.int64(3))
                                    T.where(ax0_ax1_ax2_ax3_fused_0 * T.int64(56) + ax0_ax1_ax2_ax3_fused_1 < T.int64(4608))
                                    T.reads(p1[v0, v1, v2, v3])
                                    T.writes(p1_shared[v0, v1, v2, v3])
                                    p1_shared[v0, v1, v2, v3] = p1[v0, v1, v2, v3]
                        for rc_1, ry_1, rx_1, nn_3, ff_3, yy_3, xx_3, rc_2, ry_2, rx_2, nn_4, ff_4, yy_4, xx_4 in T.grid(T.int64(4), T.int64(1), T.int64(1), T.int64(1), T.int64(1), T.int64(1), T.int64(1), T.int64(2), T.int64(3), T.int64(3), T.int64(1), T.int64(1), T.int64(1), T.int64(1)):
                            with T.block("conv2d_nchw_update"):
                                v_nn = T.axis.spatial(T.int64(1), nn_3 + nn_4)
                                v_ff = T.axis.spatial(T.int64(512), nn_0_ff_0_yy_0_xx_0_fused // T.int64(7) * T.int64(64) + nn_1_ff_1_yy_1_xx_1_fused * T.int64(8) + nn_2_ff_2_yy_2_xx_2_fused // T.int64(7) + ff_3 + ff_4)
                                v_yy = T.axis.spatial(T.int64(7), nn_0_ff_0_yy_0_xx_0_fused % T.int64(7) + yy_3 + yy_4)
                                v_xx = T.axis.spatial(T.int64(7), nn_2_ff_2_yy_2_xx_2_fused % T.int64(7) + xx_3 + xx_4)
                                v_rc = T.axis.reduce(T.int64(256), rc_0 * T.int64(8) + rc_1 * T.int64(2) + rc_2)
                                v_ry = T.axis.reduce(T.int64(3), ry_0 * T.int64(3) + ry_1 * T.int64(3) + ry_2)
                                v_rx = T.axis.reduce(T.int64(3), rx_0 * T.int64(3) + rx_1 * T.int64(3) + rx_2)
                                T.reads(conv2d_nchw_local[v_nn, v_ff, v_yy, v_xx], pad_temp_shared[v_nn, v_rc, v_yy * T.int64(2) + v_ry, v_xx * T.int64(2) + v_rx], p1_shared[v_ff, v_rc, v_ry, v_rx])
                                T.writes(conv2d_nchw_local[v_nn, v_ff, v_yy, v_xx])
                                T.block_attr({"meta_schedule.thread_extent_high_inclusive": 1024, "meta_schedule.thread_extent_low_inclusive": 32, "meta_schedule.tiling_structure": "SSSRRSRS"})
                                conv2d_nchw_local[v_nn, v_ff, v_yy, v_xx] = conv2d_nchw_local[v_nn, v_ff, v_yy, v_xx] + pad_temp_shared[v_nn, v_rc, v_yy * T.int64(2) + v_ry, v_xx * T.int64(2) + v_rx] * p1_shared[v_ff, v_rc, v_ry, v_rx]
                    for ax0, ax1, ax2, ax3 in T.grid(T.int64(1), T.int64(1), T.int64(1), T.int64(1)):
                        with T.block("conv2d_nchw_local"):
                            v0 = T.axis.spatial(T.int64(1), ax0)
                            v1 = T.axis.spatial(T.int64(512), nn_0_ff_0_yy_0_xx_0_fused // T.int64(7) * T.int64(64) + nn_1_ff_1_yy_1_xx_1_fused * T.int64(8) + nn_2_ff_2_yy_2_xx_2_fused // T.int64(7) + ax1)
                            v2 = T.axis.spatial(T.int64(7), nn_0_ff_0_yy_0_xx_0_fused % T.int64(7) + ax2)
                            v3 = T.axis.spatial(T.int64(7), nn_2_ff_2_yy_2_xx_2_fused % T.int64(7) + ax3)
                            T.reads(conv2d_nchw_local[v0, v1, v2, v3], p2[v0, v1, T.int64(0), T.int64(0)])
                            T.writes(T_relu[v0, v1, v2, v3])
                            T_relu[v0, v1, v2, v3] = T.max(conv2d_nchw_local[v0, v1, v2, v3] + p2[v0, v1, T.int64(0), T.int64(0)], T.float32(0))
b0 = sch.get_block(name="pad_temp", func_name="main")
b1 = sch.get_block(name="conv2d_nchw", func_name="main")
b2 = sch.get_block(name="T_add", func_name="main")
b3 = sch.get_block(name="T_relu", func_name="main")
b4 = sch.get_block(name="root", func_name="main")
sch.annotate(block_or_loop=b1, ann_key="meta_schedule.tiling_structure", ann_val="SSSRRSRS")
l5, l6, l7, l8, l9, l10, l11 = sch.get_loops(block=b1)
v12, v13, v14, v15, v16 = sch.sample_perfect_tile(loop=l5, n=5, max_innermost_factor=64, decision=[1, 1, 1, 1, 1])
l17, l18, l19, l20, l21 = sch.split(loop=l5, factors=[v12, v13, v14, v15, v16], preserve_unit_iters=True)
v22, v23, v24, v25, v26 = sch.sample_perfect_tile(loop=l6, n=5, max_innermost_factor=64, decision=[8, 8, 8, 1, 1])
l27, l28, l29, l30, l31 = sch.split(loop=l6, factors=[v22, v23, v24, v25, v26], preserve_unit_iters=True)
v32, v33, v34, v35, v36 = sch.sample_perfect_tile(loop=l7, n=5, max_innermost_factor=64, decision=[7, 1, 1, 1, 1])
l37, l38, l39, l40, l41 = sch.split(loop=l7, factors=[v32, v33, v34, v35, v36], preserve_unit_iters=True)
v42, v43, v44, v45, v46 = sch.sample_perfect_tile(loop=l8, n=5, max_innermost_factor=64, decision=[1, 1, 7, 1, 1])
l47, l48, l49, l50, l51 = sch.split(loop=l8, factors=[v42, v43, v44, v45, v46], preserve_unit_iters=True)
v52, v53, v54 = sch.sample_perfect_tile(loop=l9, n=3, max_innermost_factor=64, decision=[32, 4, 2])
l55, l56, l57 = sch.split(loop=l9, factors=[v52, v53, v54], preserve_unit_iters=True)
v58, v59, v60 = sch.sample_perfect_tile(loop=l10, n=3, max_innermost_factor=64, decision=[1, 1, 3])
l61, l62, l63 = sch.split(loop=l10, factors=[v58, v59, v60], preserve_unit_iters=True)
v64, v65, v66 = sch.sample_perfect_tile(loop=l11, n=3, max_innermost_factor=64, decision=[1, 1, 3])
l67, l68, l69 = sch.split(loop=l11, factors=[v64, v65, v66], preserve_unit_iters=True)
sch.reorder(l17, l27, l37, l47, l18, l28, l38, l48, l19, l29, l39, l49, l55, l61, l67, l56, l62, l68, l20, l30, l40, l50, l57, l63, l69, l21, l31, l41, l51)
l70 = sch.fuse(l17, l27, l37, l47, preserve_unit_iters=True)
sch.bind(loop=l70, thread_axis="blockIdx.x")
l71 = sch.fuse(l18, l28, l38, l48, preserve_unit_iters=True)
sch.bind(loop=l71, thread_axis="vthread.x")
l72 = sch.fuse(l19, l29, l39, l49, preserve_unit_iters=True)
sch.bind(loop=l72, thread_axis="threadIdx.x")
sch.annotate(block_or_loop=b1, ann_key="meta_schedule.thread_extent_low_inclusive", ann_val=32)
sch.annotate(block_or_loop=b1, ann_key="meta_schedule.thread_extent_high_inclusive", ann_val=1024)
b73 = sch.cache_write(block=b1, write_buffer_index=0, storage_scope="local")
sch.reverse_compute_at(block=b73, loop=l72, preserve_unit_loops=True, index=-1)
b74 = sch.cache_read(block=b1, read_buffer_index=0, storage_scope="shared", consumer_blocks=[b1])
sch.compute_at(block=b74, loop=l67, preserve_unit_loops=True, index=-1)
l75, l76, l77, l78, l79, l80, l81, l82, l83, l84 = sch.get_loops(block=b74)
l85 = sch.fuse(l81, l82, l83, l84, preserve_unit_iters=True)
v86 = sch.sample_categorical(candidates=[1, 2, 3, 4], probs=[0.25, 0.25, 0.25, 0.25], decision=1)
sch.annotate(block_or_loop=b74, ann_key="meta_schedule.cooperative_fetch", ann_val=v86)
b87 = sch.cache_read(block=b1, read_buffer_index=1, storage_scope="shared", consumer_blocks=[b1])
sch.compute_at(block=b87, loop=l67, preserve_unit_loops=True, index=-1)
l88, l89, l90, l91, l92, l93, l94, l95, l96, l97 = sch.get_loops(block=b87)
l98 = sch.fuse(l94, l95, l96, l97, preserve_unit_iters=True)
v99 = sch.sample_categorical(candidates=[1, 2, 3, 4], probs=[0.25, 0.25, 0.25, 0.25], decision=0)
sch.annotate(block_or_loop=b87, ann_key="meta_schedule.cooperative_fetch", ann_val=v99)
sch.reverse_compute_inline(block=b3)
sch.reverse_compute_inline(block=b2)
sch.compute_inline(block=b0)
v100 = sch.sample_categorical(candidates=[0, 16, 64, 512, 1024], probs=[0.20000000000000001, 0.20000000000000001, 0.20000000000000001, 0.20000000000000001, 0.20000000000000001], decision=3)
sch.annotate(block_or_loop=b4, ann_key="meta_schedule.unroll_explicit", ann_val=v100)
sch.enter_postproc()
sch.unannotate(block_or_loop=b74, ann_key="meta_schedule.cooperative_fetch")
l101, l102, l103, l104, l105, l106, l107 = sch.get_loops(block=b74)
l108, l109, l110 = sch.split(loop=l107, factors=[None, 56, 2], preserve_unit_iters=True)
sch.vectorize(loop=l110)
sch.bind(loop=l109, thread_axis="threadIdx.x")
sch.unannotate(block_or_loop=b87, ann_key="meta_schedule.cooperative_fetch")
l111, l112, l113, l114, l115, l116, l117 = sch.get_loops(block=b87)
l118, l119 = sch.split(loop=l117, factors=[None, 56], preserve_unit_iters=True)
sch.bind(loop=l119, thread_axis="threadIdx.x")
b120 = sch.get_block(name="root", func_name="main")
sch.unannotate(block_or_loop=b120, ann_key="meta_schedule.unroll_explicit")
b121, b122, b123, b124 = sch.get_child_blocks(b120)
l125, l126, l127, l128, l129, l130, l131, l132, l133 = sch.get_loops(block=b121)
l134, l135, l136, l137, l138, l139, l140, l141 = sch.get_loops(block=b122)
l142, l143, l144, l145, l146, l147, l148, l149, l150, l151, l152, l153, l154, l155, l156, l157, l158, l159, l160, l161 = sch.get_loops(block=b123)
sch.annotate(block_or_loop=l142, ann_key="pragma_auto_unroll_max_step", ann_val=512)
sch.annotate(block_or_loop=l142, ann_key="pragma_unroll_explicit", ann_val=1)
l162, l163, l164, l165, l166, l167, l168 = sch.get_loops(block=b124)
b169 = sch.get_block(name="conv2d_nchw", func_name="main")
l170, l171, l172, l173, l174, l175, l176, l177, l178, l179, l180, l181, l182, l183, l184, l185, l186, l187, l188, l189 = sch.get_loops(block=b169)
b190 = sch.decompose_reduction(block=b169, loop=l173)
2023-11-10 22:32:11 [INFO] [task_scheduler.cc:121] [Task #21: fused_nn_conv2d_add_nn_relu_3] Trial #2: Error in running:
LocalRunner: An exception occurred
Traceback (most recent call last):
  File "/home2/xiachunwei/Software/tvm/python/tvm/exec/popen_worker.py", line 87, in main
    result = fn(*args, **kwargs)
  File "/home2/xiachunwei/Software/tvm/python/tvm/meta_schedule/runner/local_runner.py", line 152, in _worker_func
    repeated_args: List[T_ARGUMENT_LIST] = f_alloc_argument(
  File "/home2/xiachunwei/Software/tvm/python/tvm/meta_schedule/runner/local_runner.py", line 360, in default_alloc_argument
    return alloc_argument_common(f_random_fill, device, args_info, alloc_repeat)
  File "/home2/xiachunwei/Software/tvm/python/tvm/meta_schedule/runner/utils.py", line 74, in alloc_argument_common
    arg: Any = dispatcher.get(arg_type, None)(*arg_info)
  File "/home2/xiachunwei/Software/tvm/python/tvm/meta_schedule/runner/utils.py", line 56, in alloc_tensor
    arg = ndarray.empty(shape=shape, dtype=dtype, device=device)
  File "/home2/xiachunwei/Software/tvm/python/tvm/runtime/ndarray.py", line 391, in empty
    arr = _ffi_api.TVMArrayAllocWithScope(shape, dtype, device, mem_scope)
  File "/home2/xiachunwei/Software/tvm/python/tvm/_ffi/_ctypes/packed_func.py", line 239, in __call__
    raise_last_ffi_error()
  File "/home2/xiachunwei/Software/tvm/python/tvm/_ffi/base.py", line 481, in raise_last_ffi_error
    raise py_err
tvm.error.InternalError: Traceback (most recent call last):
  4: _ZN3tvm7runtime13PackedFun
  3: tvm::runtime::TypedPackedFunc<tvm::runtime::NDArray (tvm::runtime::ShapeTuple, DLDataType, DLDevice, tvm::runtime::Optional<tvm::runtime::String>)>::AssignTypedLambda<tvm::runtime::NDArray (*)(tvm::runtime::ShapeTuple, DLDataType, DLDevice, tvm::runtime::Optional<tvm::runtime::String>)>(tvm::runtime::NDArray (*)(tvm::runtime::ShapeTuple, DLDataType, DLDevice, tvm::runtime::Optional<tvm::runtime::String>), std::__cxx11::basic_string<char, std::char_traits<char>, std::allocator<char> >)::{lambda(tvm::runtime::TVMArgs const&, tvm::runtime::TVMRetValue*)#1}::operator()(tvm::runtime::TVMArgs const&, tvm::runtime::TVMRetValue*) const
  2: tvm::runtime::NDArray::Empty(tvm::runtime::ShapeTuple, DLDataType, DLDevice, tvm::runtime::Optional<tvm::runtime::String>)
  1: tvm::runtime::DeviceAPI::AllocDataSpace(DLDevice, int, long const*, DLDataType, tvm::runtime::Optional<tvm::runtime::String>)
  0: tvm::runtime::CUDADeviceAPI::AllocDataSpace(DLDevice, unsigned long, unsigned long, DLDataType)
  File "/home2/xiachunwei/Software/tvm/src/runtime/cuda/cuda_device_api.cc", line 126
InternalError: Check failed: (e == cudaSuccess || e == cudaErrorCudartUnloading) is false: CUDA: misaligned address

# from tvm.script import ir as I
# from tvm.script import tir as T

@I.ir_module
class Module:
    @T.prim_func
    def main(p0: T.Buffer((T.int64(1), T.int64(256), T.int64(14), T.int64(14)), "float32"), p1: T.Buffer((T.int64(512), T.int64(256), T.int64(3), T.int64(3)), "float32"), p2: T.Buffer((T.int64(1), T.int64(512), T.int64(1), T.int64(1)), "float32"), T_relu: T.Buffer((T.int64(1), T.int64(512), T.int64(7), T.int64(7)), "float32")):
        T.func_attr({"tir.noalias": T.bool(True)})
        # with T.block("root"):
        conv2d_nchw_local = T.alloc_buffer((T.int64(1), T.int64(512), T.int64(7), T.int64(7)), scope="local")
        pad_temp_shared = T.alloc_buffer((T.int64(1), T.int64(256), T.int64(16), T.int64(16)), scope="shared")
        p1_shared = T.alloc_buffer((T.int64(512), T.int64(256), T.int64(3), T.int64(3)), scope="shared")
        for nn_0_ff_0_yy_0_xx_0_fused in T.thread_binding(T.int64(56), thread="blockIdx.x", annotations={"pragma_auto_unroll_max_step": 16, "pragma_unroll_explicit": 1}):
            for nn_1_ff_1_yy_1_xx_1_fused in T.thread_binding(T.int64(1), thread="vthread.x"):
                for nn_2_ff_2_yy_2_xx_2_fused in T.thread_binding(T.int64(112), thread="threadIdx.x"):
                    for nn_3_init, ff_3_init, yy_3_init, xx_3_init, nn_4_init, ff_4_init, yy_4_init, xx_4_init in T.grid(T.int64(1), T.int64(1), T.int64(1), T.int64(1), T.int64(1), T.int64(4), T.int64(1), T.int64(1)):
                        with T.block("conv2d_nchw_init"):
                            v_nn = T.axis.spatial(T.int64(1), nn_3_init + nn_4_init)
                            v_ff = T.axis.spatial(T.int64(512), nn_0_ff_0_yy_0_xx_0_fused // T.int64(7) * T.int64(64) + nn_2_ff_2_yy_2_xx_2_fused // T.int64(7) * T.int64(4) + ff_3_init * T.int64(4) + ff_4_init)
                            v_yy = T.axis.spatial(T.int64(7), nn_2_ff_2_yy_2_xx_2_fused % T.int64(7) + yy_3_init + yy_4_init)
                            v_xx = T.axis.spatial(T.int64(7), nn_0_ff_0_yy_0_xx_0_fused % T.int64(7) + xx_3_init + xx_4_init)
                            T.reads()
                            T.writes(conv2d_nchw_local[v_nn, v_ff, v_yy, v_xx])
                            T.block_attr({"meta_schedule.thread_extent_high_inclusive": 1024, "meta_schedule.thread_extent_low_inclusive": 32, "meta_schedule.tiling_structure": "SSSRRSRS"})
                            conv2d_nchw_local[v_nn, v_ff, v_yy, v_xx] = T.float32(0)
                    for rc_0, ry_0, rx_0 in T.grid(T.int64(64), T.int64(1), T.int64(1)):
                        for ax0_ax1_ax2_ax3_fused_0 in range(T.int64(1)):
                            for ax0_ax1_ax2_ax3_fused_1 in T.thread_binding(T.int64(112), thread="threadIdx.x"):
                                for ax0_ax1_ax2_ax3_fused_2 in T.vectorized(T.int64(2)):
                                    with T.block("pad_temp_shared"):
                                        v0 = T.axis.spatial(T.int64(1), T.int64(0))
                                        v1 = T.axis.spatial(T.int64(256), rc_0 * T.int64(4) + (ax0_ax1_ax2_ax3_fused_0 * T.int64(224) + ax0_ax1_ax2_ax3_fused_1 * T.int64(2) + ax0_ax1_ax2_ax3_fused_2) // T.int64(45))
                                        v2 = T.axis.spatial(T.int64(16), (ax0_ax1_ax2_ax3_fused_0 * T.int64(224) + ax0_ax1_ax2_ax3_fused_1 * T.int64(2) + ax0_ax1_ax2_ax3_fused_2) % T.int64(45) // T.int64(3))
                                        v3 = T.axis.spatial(T.int64(16), nn_0_ff_0_yy_0_xx_0_fused % T.int64(7) * T.int64(2) + (ax0_ax1_ax2_ax3_fused_0 * T.int64(224) + ax0_ax1_ax2_ax3_fused_1 * T.int64(2) + ax0_ax1_ax2_ax3_fused_2) % T.int64(3))
                                        T.where((ax0_ax1_ax2_ax3_fused_0 * T.int64(112) + ax0_ax1_ax2_ax3_fused_1) * T.int64(2) + ax0_ax1_ax2_ax3_fused_2 < T.int64(180))
                                        T.reads(p0[v0, v1, v2 - T.int64(1), v3 - T.int64(1)])
                                        T.writes(pad_temp_shared[v0, v1, v2, v3])
                                        pad_temp_shared[v0, v1, v2, v3] = T.if_then_else(T.int64(1) <= v2 and v2 < T.int64(15) and T.int64(1) <= v3 and v3 < T.int64(15), p0[v0, v1, v2 - T.int64(1), v3 - T.int64(1)], T.float32(0))
                        for ax0_ax1_ax2_ax3_fused_0 in range(T.int64(7)):
                            for ax0_ax1_ax2_ax3_fused_1 in T.thread_binding(T.int64(112), thread="threadIdx.x"):
                                for ax0_ax1_ax2_ax3_fused_2 in T.vectorized(T.int64(3)):
                                    with T.block("p1_shared"):
                                        v0 = T.axis.spatial(T.int64(512), nn_0_ff_0_yy_0_xx_0_fused // T.int64(7) * T.int64(64) + (ax0_ax1_ax2_ax3_fused_0 * T.int64(336) + ax0_ax1_ax2_ax3_fused_1 * T.int64(3) + ax0_ax1_ax2_ax3_fused_2) // T.int64(36))
                                        v1 = T.axis.spatial(T.int64(256), rc_0 * T.int64(4) + (ax0_ax1_ax2_ax3_fused_0 * T.int64(336) + ax0_ax1_ax2_ax3_fused_1 * T.int64(3) + ax0_ax1_ax2_ax3_fused_2) % T.int64(36) // T.int64(9))
                                        v2 = T.axis.spatial(T.int64(3), (ax0_ax1_ax2_ax3_fused_0 * T.int64(336) + ax0_ax1_ax2_ax3_fused_1 * T.int64(3) + ax0_ax1_ax2_ax3_fused_2) % T.int64(9) // T.int64(3))
                                        v3 = T.axis.spatial(T.int64(3), (ax0_ax1_ax2_ax3_fused_0 * T.int64(336) + ax0_ax1_ax2_ax3_fused_1 * T.int64(3) + ax0_ax1_ax2_ax3_fused_2) % T.int64(3))
                                        T.where((ax0_ax1_ax2_ax3_fused_0 * T.int64(112) + ax0_ax1_ax2_ax3_fused_1) * T.int64(3) + ax0_ax1_ax2_ax3_fused_2 < T.int64(2304))
                                        T.reads(p1[v0, v1, v2, v3])
                                        T.writes(p1_shared[v0, v1, v2, v3])
                                        p1_shared[v0, v1, v2, v3] = p1[v0, v1, v2, v3]
                        for rc_1, ry_1, rx_1, nn_3, ff_3, yy_3, xx_3, rc_2, ry_2, rx_2, nn_4, ff_4, yy_4, xx_4 in T.grid(T.int64(4), T.int64(1), T.int64(1), T.int64(1), T.int64(1), T.int64(1), T.int64(1), T.int64(1), T.int64(3), T.int64(3), T.int64(1), T.int64(4), T.int64(1), T.int64(1)):
                            with T.block("conv2d_nchw_update"):
                                v_nn = T.axis.spatial(T.int64(1), nn_3 + nn_4)
                                v_ff = T.axis.spatial(T.int64(512), nn_0_ff_0_yy_0_xx_0_fused // T.int64(7) * T.int64(64) + nn_2_ff_2_yy_2_xx_2_fused // T.int64(7) * T.int64(4) + ff_3 * T.int64(4) + ff_4)
                                v_yy = T.axis.spatial(T.int64(7), nn_2_ff_2_yy_2_xx_2_fused % T.int64(7) + yy_3 + yy_4)
                                v_xx = T.axis.spatial(T.int64(7), nn_0_ff_0_yy_0_xx_0_fused % T.int64(7) + xx_3 + xx_4)
                                v_rc = T.axis.reduce(T.int64(256), rc_0 * T.int64(4) + rc_1 + rc_2)
                                v_ry = T.axis.reduce(T.int64(3), ry_0 * T.int64(3) + ry_1 * T.int64(3) + ry_2)
                                v_rx = T.axis.reduce(T.int64(3), rx_0 * T.int64(3) + rx_1 * T.int64(3) + rx_2)
                                T.reads(conv2d_nchw_local[v_nn, v_ff, v_yy, v_xx], pad_temp_shared[v_nn, v_rc, v_yy * T.int64(2) + v_ry, v_xx * T.int64(2) + v_rx], p1_shared[v_ff, v_rc, v_ry, v_rx])
                                T.writes(conv2d_nchw_local[v_nn, v_ff, v_yy, v_xx])
                                T.block_attr({"meta_schedule.thread_extent_high_inclusive": 1024, "meta_schedule.thread_extent_low_inclusive": 32, "meta_schedule.tiling_structure": "SSSRRSRS"})
                                conv2d_nchw_local[v_nn, v_ff, v_yy, v_xx] = conv2d_nchw_local[v_nn, v_ff, v_yy, v_xx] + pad_temp_shared[v_nn, v_rc, v_yy * T.int64(2) + v_ry, v_xx * T.int64(2) + v_rx] * p1_shared[v_ff, v_rc, v_ry, v_rx]
                    for ax0, ax1, ax2, ax3 in T.grid(T.int64(1), T.int64(4), T.int64(1), T.int64(1)):
                        with T.block("conv2d_nchw_local"):
                            v0 = T.axis.spatial(T.int64(1), ax0)
                            v1 = T.axis.spatial(T.int64(512), nn_0_ff_0_yy_0_xx_0_fused // T.int64(7) * T.int64(64) + nn_2_ff_2_yy_2_xx_2_fused // T.int64(7) * T.int64(4) + ax1)
                            v2 = T.axis.spatial(T.int64(7), nn_2_ff_2_yy_2_xx_2_fused % T.int64(7) + ax2)
                            v3 = T.axis.spatial(T.int64(7), nn_0_ff_0_yy_0_xx_0_fused % T.int64(7) + ax3)
                            T.reads(conv2d_nchw_local[v0, v1, v2, v3], p2[v0, v1, T.int64(0), T.int64(0)])
                            T.writes(T_relu[v0, v1, v2, v3])
                            T_relu[v0, v1, v2, v3] = T.max(conv2d_nchw_local[v0, v1, v2, v3] + p2[v0, v1, T.int64(0), T.int64(0)], T.float32(0))
b0 = sch.get_block(name="pad_temp", func_name="main")
b1 = sch.get_block(name="conv2d_nchw", func_name="main")
b2 = sch.get_block(name="T_add", func_name="main")
b3 = sch.get_block(name="T_relu", func_name="main")
b4 = sch.get_block(name="root", func_name="main")
sch.annotate(block_or_loop=b1, ann_key="meta_schedule.tiling_structure", ann_val="SSSRRSRS")
l5, l6, l7, l8, l9, l10, l11 = sch.get_loops(block=b1)
v12, v13, v14, v15, v16 = sch.sample_perfect_tile(loop=l5, n=5, max_innermost_factor=64, decision=[1, 1, 1, 1, 1])
l17, l18, l19, l20, l21 = sch.split(loop=l5, factors=[v12, v13, v14, v15, v16], preserve_unit_iters=True)
v22, v23, v24, v25, v26 = sch.sample_perfect_tile(loop=l6, n=5, max_innermost_factor=64, decision=[8, 1, 16, 1, 4])
l27, l28, l29, l30, l31 = sch.split(loop=l6, factors=[v22, v23, v24, v25, v26], preserve_unit_iters=True)
v32, v33, v34, v35, v36 = sch.sample_perfect_tile(loop=l7, n=5, max_innermost_factor=64, decision=[1, 1, 7, 1, 1])
l37, l38, l39, l40, l41 = sch.split(loop=l7, factors=[v32, v33, v34, v35, v36], preserve_unit_iters=True)
v42, v43, v44, v45, v46 = sch.sample_perfect_tile(loop=l8, n=5, max_innermost_factor=64, decision=[7, 1, 1, 1, 1])
l47, l48, l49, l50, l51 = sch.split(loop=l8, factors=[v42, v43, v44, v45, v46], preserve_unit_iters=True)
v52, v53, v54 = sch.sample_perfect_tile(loop=l9, n=3, max_innermost_factor=64, decision=[64, 4, 1])
l55, l56, l57 = sch.split(loop=l9, factors=[v52, v53, v54], preserve_unit_iters=True)
v58, v59, v60 = sch.sample_perfect_tile(loop=l10, n=3, max_innermost_factor=64, decision=[1, 1, 3])
l61, l62, l63 = sch.split(loop=l10, factors=[v58, v59, v60], preserve_unit_iters=True)
v64, v65, v66 = sch.sample_perfect_tile(loop=l11, n=3, max_innermost_factor=64, decision=[1, 1, 3])
l67, l68, l69 = sch.split(loop=l11, factors=[v64, v65, v66], preserve_unit_iters=True)
sch.reorder(l17, l27, l37, l47, l18, l28, l38, l48, l19, l29, l39, l49, l55, l61, l67, l56, l62, l68, l20, l30, l40, l50, l57, l63, l69, l21, l31, l41, l51)
l70 = sch.fuse(l17, l27, l37, l47, preserve_unit_iters=True)
sch.bind(loop=l70, thread_axis="blockIdx.x")
l71 = sch.fuse(l18, l28, l38, l48, preserve_unit_iters=True)
sch.bind(loop=l71, thread_axis="vthread.x")
l72 = sch.fuse(l19, l29, l39, l49, preserve_unit_iters=True)
sch.bind(loop=l72, thread_axis="threadIdx.x")
sch.annotate(block_or_loop=b1, ann_key="meta_schedule.thread_extent_low_inclusive", ann_val=32)
sch.annotate(block_or_loop=b1, ann_key="meta_schedule.thread_extent_high_inclusive", ann_val=1024)
b73 = sch.cache_write(block=b1, write_buffer_index=0, storage_scope="local")
sch.reverse_compute_at(block=b73, loop=l72, preserve_unit_loops=True, index=-1)
b74 = sch.cache_read(block=b1, read_buffer_index=0, storage_scope="shared", consumer_blocks=[b1])
sch.compute_at(block=b74, loop=l67, preserve_unit_loops=True, index=-1)
l75, l76, l77, l78, l79, l80, l81, l82, l83, l84 = sch.get_loops(block=b74)
l85 = sch.fuse(l81, l82, l83, l84, preserve_unit_iters=True)
v86 = sch.sample_categorical(candidates=[1, 2, 3, 4], probs=[0.25, 0.25, 0.25, 0.25], decision=1)
sch.annotate(block_or_loop=b74, ann_key="meta_schedule.cooperative_fetch", ann_val=v86)
b87 = sch.cache_read(block=b1, read_buffer_index=1, storage_scope="shared", consumer_blocks=[b1])
sch.compute_at(block=b87, loop=l67, preserve_unit_loops=True, index=-1)
l88, l89, l90, l91, l92, l93, l94, l95, l96, l97 = sch.get_loops(block=b87)
l98 = sch.fuse(l94, l95, l96, l97, preserve_unit_iters=True)
v99 = sch.sample_categorical(candidates=[1, 2, 3, 4], probs=[0.25, 0.25, 0.25, 0.25], decision=2)
sch.annotate(block_or_loop=b87, ann_key="meta_schedule.cooperative_fetch", ann_val=v99)
sch.reverse_compute_inline(block=b3)
sch.reverse_compute_inline(block=b2)
sch.compute_inline(block=b0)
v100 = sch.sample_categorical(candidates=[0, 16, 64, 512, 1024], probs=[0.20000000000000001, 0.20000000000000001, 0.20000000000000001, 0.20000000000000001, 0.20000000000000001], decision=1)
sch.annotate(block_or_loop=b4, ann_key="meta_schedule.unroll_explicit", ann_val=v100)
sch.enter_postproc()
sch.unannotate(block_or_loop=b74, ann_key="meta_schedule.cooperative_fetch")
l101, l102, l103, l104, l105, l106, l107 = sch.get_loops(block=b74)
l108, l109, l110 = sch.split(loop=l107, factors=[None, 112, 2], preserve_unit_iters=True)
sch.vectorize(loop=l110)
sch.bind(loop=l109, thread_axis="threadIdx.x")
sch.unannotate(block_or_loop=b87, ann_key="meta_schedule.cooperative_fetch")
l111, l112, l113, l114, l115, l116, l117 = sch.get_loops(block=b87)
l118, l119, l120 = sch.split(loop=l117, factors=[None, 112, 3], preserve_unit_iters=True)
sch.vectorize(loop=l120)
sch.bind(loop=l119, thread_axis="threadIdx.x")
b121 = sch.get_block(name="root", func_name="main")
sch.unannotate(block_or_loop=b121, ann_key="meta_schedule.unroll_explicit")
b122, b123, b124, b125 = sch.get_child_blocks(b121)
l126, l127, l128, l129, l130, l131, l132, l133, l134 = sch.get_loops(block=b122)
l135, l136, l137, l138, l139, l140, l141, l142, l143 = sch.get_loops(block=b123)
l144, l145, l146, l147, l148, l149, l150, l151, l152, l153, l154, l155, l156, l157, l158, l159, l160, l161, l162, l163 = sch.get_loops(block=b124)
sch.annotate(block_or_loop=l144, ann_key="pragma_auto_unroll_max_step", ann_val=16)
sch.annotate(block_or_loop=l144, ann_key="pragma_unroll_explicit", ann_val=1)
l164, l165, l166, l167, l168, l169, l170 = sch.get_loops(block=b125)
b171 = sch.get_block(name="conv2d_nchw", func_name="main")
l172, l173, l174, l175, l176, l177, l178, l179, l180, l181, l182, l183, l184, l185, l186, l187, l188, l189, l190, l191 = sch.get_loops(block=b171)
b192 = sch.decompose_reduction(block=b171, loop=l175)
