2023-11-10 22:04:22 [INFO] [task_scheduler.cc:160] Initializing Task #4: "fused_add"
2023-11-10 22:04:22 [INFO] [task_scheduler.cc:35] 
# from tvm.script import ir as I
# from tvm.script import tir as T

@I.ir_module
class Module:
    @T.prim_func
    def main(p0: T.Buffer((T.int64(1), T.int64(3), T.int64(224), T.int64(224)), "float32"), p1: T.Buffer((T.int64(3), T.int64(1), T.int64(1)), "float32"), T_add: T.Buffer((T.int64(1), T.int64(3), T.int64(224), T.int64(224)), "float32")):
        T.func_attr({"tir.noalias": T.bool(True)})
        # with T.block("root"):
        for ax0, ax1, ax2, ax3 in T.grid(T.int64(1), T.int64(3), T.int64(224), T.int64(224)):
            with T.block("T_add"):
                v_ax0, v_ax1, v_ax2, v_ax3 = T.axis.remap("SSSS", [ax0, ax1, ax2, ax3])
                T.reads(p0[v_ax0, v_ax1, v_ax2, v_ax3], p1[v_ax1, T.int64(0), T.int64(0)])
                T.writes(T_add[v_ax0, v_ax1, v_ax2, v_ax3])
                T_add[v_ax0, v_ax1, v_ax2, v_ax3] = p0[v_ax0, v_ax1, v_ax2, v_ax3] + p1[v_ax1, T.int64(0), T.int64(0)]
2023-11-10 22:04:22 [INFO] [task_scheduler.cc:164] Total 1 design space(s) generated
2023-11-10 22:04:22 [INFO] [task_scheduler.cc:170] Design space #0:
# from tvm.script import ir as I
# from tvm.script import tir as T

@I.ir_module
class Module:
    @T.prim_func
    def main(p0: T.Buffer((T.int64(1), T.int64(3), T.int64(224), T.int64(224)), "float32"), p1: T.Buffer((T.int64(3), T.int64(1), T.int64(1)), "float32"), T_add: T.Buffer((T.int64(1), T.int64(3), T.int64(224), T.int64(224)), "float32")):
        T.func_attr({"tir.noalias": T.bool(True)})
        # with T.block("root"):
        for ax0_ax1_ax2_ax3_fused_0 in T.thread_binding(T.int64(294), thread="blockIdx.x"):
            for ax0_ax1_ax2_ax3_fused_1 in T.thread_binding(T.int64(512), thread="threadIdx.x"):
                with T.block("T_add"):
                    v_ax0 = T.axis.spatial(T.int64(1), T.int64(0))
                    v_ax1 = T.axis.spatial(T.int64(3), (ax0_ax1_ax2_ax3_fused_0 * T.int64(512) + ax0_ax1_ax2_ax3_fused_1) // T.int64(50176))
                    v_ax2 = T.axis.spatial(T.int64(224), (ax0_ax1_ax2_ax3_fused_0 * T.int64(512) + ax0_ax1_ax2_ax3_fused_1) % T.int64(50176) // T.int64(224))
                    v_ax3 = T.axis.spatial(T.int64(224), (ax0_ax1_ax2_ax3_fused_0 * T.int64(512) + ax0_ax1_ax2_ax3_fused_1) % T.int64(224))
                    T.reads(p0[v_ax0, v_ax1, v_ax2, v_ax3], p1[v_ax1, T.int64(0), T.int64(0)])
                    T.writes(T_add[v_ax0, v_ax1, v_ax2, v_ax3])
                    T_add[v_ax0, v_ax1, v_ax2, v_ax3] = p0[v_ax0, v_ax1, v_ax2, v_ax3] + p1[v_ax1, T.int64(0), T.int64(0)]
b0 = sch.get_block(name="T_add", func_name="main")
l1, l2, l3, l4 = sch.get_loops(block=b0)
l5 = sch.fuse(l1, l2, l3, l4, preserve_unit_iters=True)
v6 = sch.sample_categorical(candidates=[32, 64, 128, 256, 512, 1024], probs=[0.16666666666666666, 0.16666666666666666, 0.16666666666666666, 0.16666666666666666, 0.16666666666666666, 0.16666666666666666], decision=4)
l7, l8 = sch.split(loop=l5, factors=[None, v6], preserve_unit_iters=True)
sch.bind(loop=l7, thread_axis="blockIdx.x")
sch.bind(loop=l8, thread_axis="threadIdx.x")
2023-11-10 22:06:17 [INFO] [evolutionary_search.cc:713] Generating candidates......
2023-11-10 22:06:17 [INFO] [evolutionary_search.cc:715] Picked top 0 candidate(s) from database
2023-11-10 22:06:18 [INFO] [evolutionary_search.cc:533] Sample-Init-Population summary:
Postproc #0 [meta_schedule.DisallowDynamicLoop(0x55e12d4e7088)]: 0 failure(s)
Postproc #1 [meta_schedule.RewriteCooperativeFetch(0x55e12be31558)]: 0 failure(s)
Postproc #2 [meta_schedule.RewriteUnboundBlock(0x55e12be73ae8)]: 0 failure(s)
Postproc #3 [meta_schedule.RewriteParallelVectorizeUnroll(0x55e12d60b618)]: 0 failure(s)
Postproc #4 [meta_schedule.RewriteReductionBlock(0x55e128a20fa8)]: 0 failure(s)
Postproc #5 [meta_schedule.VerifyGPUCode(0x55e12b2f31b8)]: 0 failure(s)
Postproc #6 [meta_schedule.RewriteTensorize(0x55e12b2e7dc8)]: 0 failure(s)
2023-11-10 22:06:18 [INFO] [evolutionary_search.cc:723] Sampled 512 candidate(s)
2023-11-10 22:06:18 [INFO] [evolutionary_search.cc:621] Evolve iter #0 done. Summary:
Postproc #0 [meta_schedule.DisallowDynamicLoop(0x55e12d4e7088)]: 0 failure(s)
Postproc #1 [meta_schedule.RewriteCooperativeFetch(0x55e12be31558)]: 0 failure(s)
Postproc #2 [meta_schedule.RewriteUnboundBlock(0x55e12be73ae8)]: 0 failure(s)
Postproc #3 [meta_schedule.RewriteParallelVectorizeUnroll(0x55e12d60b618)]: 0 failure(s)
Postproc #4 [meta_schedule.RewriteReductionBlock(0x55e128a20fa8)]: 0 failure(s)
Postproc #5 [meta_schedule.VerifyGPUCode(0x55e12b2f31b8)]: 0 failure(s)
Postproc #6 [meta_schedule.RewriteTensorize(0x55e12b2e7dc8)]: 0 failure(s)
2023-11-10 22:06:18 [INFO] [evolutionary_search.cc:621] Evolve iter #1 done. Summary:
Postproc #0 [meta_schedule.DisallowDynamicLoop(0x55e12d4e7088)]: 0 failure(s)
Postproc #1 [meta_schedule.RewriteCooperativeFetch(0x55e12be31558)]: 0 failure(s)
Postproc #2 [meta_schedule.RewriteUnboundBlock(0x55e12be73ae8)]: 0 failure(s)
Postproc #3 [meta_schedule.RewriteParallelVectorizeUnroll(0x55e12d60b618)]: 0 failure(s)
Postproc #4 [meta_schedule.RewriteReductionBlock(0x55e128a20fa8)]: 0 failure(s)
Postproc #5 [meta_schedule.VerifyGPUCode(0x55e12b2f31b8)]: 0 failure(s)
Postproc #6 [meta_schedule.RewriteTensorize(0x55e12b2e7dc8)]: 0 failure(s)
2023-11-10 22:06:18 [INFO] [evolutionary_search.cc:621] Evolve iter #2 done. Summary:
Postproc #0 [meta_schedule.DisallowDynamicLoop(0x55e12d4e7088)]: 0 failure(s)
Postproc #1 [meta_schedule.RewriteCooperativeFetch(0x55e12be31558)]: 0 failure(s)
Postproc #2 [meta_schedule.RewriteUnboundBlock(0x55e12be73ae8)]: 0 failure(s)
Postproc #3 [meta_schedule.RewriteParallelVectorizeUnroll(0x55e12d60b618)]: 0 failure(s)
Postproc #4 [meta_schedule.RewriteReductionBlock(0x55e128a20fa8)]: 0 failure(s)
Postproc #5 [meta_schedule.VerifyGPUCode(0x55e12b2f31b8)]: 0 failure(s)
Postproc #6 [meta_schedule.RewriteTensorize(0x55e12b2e7dc8)]: 0 failure(s)
2023-11-10 22:06:18 [INFO] [evolutionary_search.cc:621] Evolve iter #3 done. Summary:
Postproc #0 [meta_schedule.DisallowDynamicLoop(0x55e12d4e7088)]: 0 failure(s)
Postproc #1 [meta_schedule.RewriteCooperativeFetch(0x55e12be31558)]: 0 failure(s)
Postproc #2 [meta_schedule.RewriteUnboundBlock(0x55e12be73ae8)]: 0 failure(s)
Postproc #3 [meta_schedule.RewriteParallelVectorizeUnroll(0x55e12d60b618)]: 0 failure(s)
Postproc #4 [meta_schedule.RewriteReductionBlock(0x55e128a20fa8)]: 0 failure(s)
Postproc #5 [meta_schedule.VerifyGPUCode(0x55e12b2f31b8)]: 0 failure(s)
Postproc #6 [meta_schedule.RewriteTensorize(0x55e12b2e7dc8)]: 0 failure(s)
2023-11-10 22:06:18 [INFO] [evolutionary_search.cc:649] Scores of the best 2 candidates:
[1 : 2]:	0.9915  0.7821
2023-11-10 22:06:18 [INFO] [evolutionary_search.cc:727] Got 2 candidate(s) with evolutionary search
2023-11-10 22:06:18 [INFO] [evolutionary_search.cc:730] Sending 2 candidates(s) for measurement
2023-11-10 22:32:09 [INFO] [task_scheduler.cc:121] [Task #4: fused_add] Trial #1: Error in running:
LocalRunner: An exception occurred
Traceback (most recent call last):
  File "/home2/xiachunwei/Software/tvm/python/tvm/exec/popen_worker.py", line 87, in main
    result = fn(*args, **kwargs)
  File "/home2/xiachunwei/Software/tvm/python/tvm/meta_schedule/runner/local_runner.py", line 152, in _worker_func
    repeated_args: List[T_ARGUMENT_LIST] = f_alloc_argument(
  File "/home2/xiachunwei/Software/tvm/python/tvm/meta_schedule/runner/local_runner.py", line 360, in default_alloc_argument
    return alloc_argument_common(f_random_fill, device, args_info, alloc_repeat)
  File "/home2/xiachunwei/Software/tvm/python/tvm/meta_schedule/runner/utils.py", line 74, in alloc_argument_common
    arg: Any = dispatcher.get(arg_type, None)(*arg_info)
  File "/home2/xiachunwei/Software/tvm/python/tvm/meta_schedule/runner/utils.py", line 56, in alloc_tensor
    arg = ndarray.empty(shape=shape, dtype=dtype, device=device)
  File "/home2/xiachunwei/Software/tvm/python/tvm/runtime/ndarray.py", line 391, in empty
    arr = _ffi_api.TVMArrayAllocWithScope(shape, dtype, device, mem_scope)
  File "/home2/xiachunwei/Software/tvm/python/tvm/_ffi/_ctypes/packed_func.py", line 239, in __call__
    raise_last_ffi_error()
  File "/home2/xiachunwei/Software/tvm/python/tvm/_ffi/base.py", line 481, in raise_last_ffi_error
    raise py_err
tvm.error.InternalError: Traceback (most recent call last):
  4: _ZN3tvm7runtime13PackedFun
  3: tvm::runtime::TypedPackedFunc<tvm::runtime::NDArray (tvm::runtime::ShapeTuple, DLDataType, DLDevice, tvm::runtime::Optional<tvm::runtime::String>)>::AssignTypedLambda<tvm::runtime::NDArray (*)(tvm::runtime::ShapeTuple, DLDataType, DLDevice, tvm::runtime::Optional<tvm::runtime::String>)>(tvm::runtime::NDArray (*)(tvm::runtime::ShapeTuple, DLDataType, DLDevice, tvm::runtime::Optional<tvm::runtime::String>), std::__cxx11::basic_string<char, std::char_traits<char>, std::allocator<char> >)::{lambda(tvm::runtime::TVMArgs const&, tvm::runtime::TVMRetValue*)#1}::operator()(tvm::runtime::TVMArgs const&, tvm::runtime::TVMRetValue*) const
  2: tvm::runtime::NDArray::Empty(tvm::runtime::ShapeTuple, DLDataType, DLDevice, tvm::runtime::Optional<tvm::runtime::String>)
  1: tvm::runtime::DeviceAPI::AllocDataSpace(DLDevice, int, long const*, DLDataType, tvm::runtime::Optional<tvm::runtime::String>)
  0: tvm::runtime::CUDADeviceAPI::AllocDataSpace(DLDevice, unsigned long, unsigned long, DLDataType)
  File "/home2/xiachunwei/Software/tvm/src/runtime/cuda/cuda_device_api.cc", line 126
InternalError: Check failed: (e == cudaSuccess || e == cudaErrorCudartUnloading) is false: CUDA: misaligned address

# from tvm.script import ir as I
# from tvm.script import tir as T

@I.ir_module
class Module:
    @T.prim_func
    def main(p0: T.Buffer((T.int64(1), T.int64(3), T.int64(224), T.int64(224)), "float32"), p1: T.Buffer((T.int64(3), T.int64(1), T.int64(1)), "float32"), T_add: T.Buffer((T.int64(1), T.int64(3), T.int64(224), T.int64(224)), "float32")):
        T.func_attr({"tir.noalias": T.bool(True)})
        # with T.block("root"):
        for ax0_ax1_ax2_ax3_fused_0 in T.thread_binding(T.int64(4704), thread="blockIdx.x"):
            for ax0_ax1_ax2_ax3_fused_1 in T.thread_binding(T.int64(32), thread="threadIdx.x"):
                with T.block("T_add"):
                    v_ax0 = T.axis.spatial(T.int64(1), T.int64(0))
                    v_ax1 = T.axis.spatial(T.int64(3), (ax0_ax1_ax2_ax3_fused_0 * T.int64(32) + ax0_ax1_ax2_ax3_fused_1) // T.int64(50176))
                    v_ax2 = T.axis.spatial(T.int64(224), (ax0_ax1_ax2_ax3_fused_0 * T.int64(32) + ax0_ax1_ax2_ax3_fused_1) % T.int64(50176) // T.int64(224))
                    v_ax3 = T.axis.spatial(T.int64(224), (ax0_ax1_ax2_ax3_fused_0 * T.int64(32) + ax0_ax1_ax2_ax3_fused_1) % T.int64(224))
                    T.reads(p0[v_ax0, v_ax1, v_ax2, v_ax3], p1[v_ax1, T.int64(0), T.int64(0)])
                    T.writes(T_add[v_ax0, v_ax1, v_ax2, v_ax3])
                    T_add[v_ax0, v_ax1, v_ax2, v_ax3] = p0[v_ax0, v_ax1, v_ax2, v_ax3] + p1[v_ax1, T.int64(0), T.int64(0)]
b0 = sch.get_block(name="T_add", func_name="main")
l1, l2, l3, l4 = sch.get_loops(block=b0)
l5 = sch.fuse(l1, l2, l3, l4, preserve_unit_iters=True)
v6 = sch.sample_categorical(candidates=[32, 64, 128, 256, 512, 1024], probs=[0.16666666666666666, 0.16666666666666666, 0.16666666666666666, 0.16666666666666666, 0.16666666666666666, 0.16666666666666666], decision=0)
l7, l8 = sch.split(loop=l5, factors=[None, v6], preserve_unit_iters=True)
sch.bind(loop=l7, thread_axis="blockIdx.x")
sch.bind(loop=l8, thread_axis="threadIdx.x")
sch.enter_postproc()
2023-11-10 22:32:09 [INFO] [task_scheduler.cc:121] [Task #4: fused_add] Trial #2: Error in running:
LocalRunner: An exception occurred
Subprocess terminated
# from tvm.script import ir as I
# from tvm.script import tir as T

@I.ir_module
class Module:
    @T.prim_func
    def main(p0: T.Buffer((T.int64(1), T.int64(3), T.int64(224), T.int64(224)), "float32"), p1: T.Buffer((T.int64(3), T.int64(1), T.int64(1)), "float32"), T_add: T.Buffer((T.int64(1), T.int64(3), T.int64(224), T.int64(224)), "float32")):
        T.func_attr({"tir.noalias": T.bool(True)})
        # with T.block("root"):
        for ax0_ax1_ax2_ax3_fused_0 in T.thread_binding(T.int64(294), thread="blockIdx.x"):
            for ax0_ax1_ax2_ax3_fused_1 in T.thread_binding(T.int64(512), thread="threadIdx.x"):
                with T.block("T_add"):
                    v_ax0 = T.axis.spatial(T.int64(1), T.int64(0))
                    v_ax1 = T.axis.spatial(T.int64(3), (ax0_ax1_ax2_ax3_fused_0 * T.int64(512) + ax0_ax1_ax2_ax3_fused_1) // T.int64(50176))
                    v_ax2 = T.axis.spatial(T.int64(224), (ax0_ax1_ax2_ax3_fused_0 * T.int64(512) + ax0_ax1_ax2_ax3_fused_1) % T.int64(50176) // T.int64(224))
                    v_ax3 = T.axis.spatial(T.int64(224), (ax0_ax1_ax2_ax3_fused_0 * T.int64(512) + ax0_ax1_ax2_ax3_fused_1) % T.int64(224))
                    T.reads(p0[v_ax0, v_ax1, v_ax2, v_ax3], p1[v_ax1, T.int64(0), T.int64(0)])
                    T.writes(T_add[v_ax0, v_ax1, v_ax2, v_ax3])
                    T_add[v_ax0, v_ax1, v_ax2, v_ax3] = p0[v_ax0, v_ax1, v_ax2, v_ax3] + p1[v_ax1, T.int64(0), T.int64(0)]
b0 = sch.get_block(name="T_add", func_name="main")
l1, l2, l3, l4 = sch.get_loops(block=b0)
l5 = sch.fuse(l1, l2, l3, l4, preserve_unit_iters=True)
v6 = sch.sample_categorical(candidates=[32, 64, 128, 256, 512, 1024], probs=[0.16666666666666666, 0.16666666666666666, 0.16666666666666666, 0.16666666666666666, 0.16666666666666666, 0.16666666666666666], decision=4)
l7, l8 = sch.split(loop=l5, factors=[None, v6], preserve_unit_iters=True)
sch.bind(loop=l7, thread_axis="blockIdx.x")
sch.bind(loop=l8, thread_axis="threadIdx.x")
sch.enter_postproc()
